<?xml version="1.0" encoding="UTF-8"?>
<testsuite xmlns:xsi="http://www.w3.org/2001/XMLSchema-instance" xsi:noNamespaceSchemaLocation="https://maven.apache.org/surefire/maven-surefire-plugin/xsd/surefire-test-report-3.0.xsd" version="3.0" name="TestSuite" time="105.256" tests="3" errors="0" skipped="0" failures="0">
  <properties>
    <property name="sun.desktop" value="windows"/>
    <property name="awt.toolkit" value="sun.awt.windows.WToolkit"/>
    <property name="file.encoding.pkg" value="sun.io"/>
    <property name="java.specification.version" value="1.8"/>
    <property name="sun.cpu.isalist" value="amd64"/>
    <property name="sun.jnu.encoding" value="Cp1252"/>
    <property name="java.class.path" value="C:\Users\son.pham\Test\AppiumPramework\target\test-classes;C:\Users\son.pham\Test\AppiumPramework\target\classes;C:\Users\son.pham\.m2\repository\org\testng\testng\7.1.0\testng-7.1.0.jar;C:\Users\son.pham\.m2\repository\com\beust\jcommander\1.72\jcommander-1.72.jar;C:\Users\son.pham\.m2\repository\com\google\inject\guice\4.1.0\guice-4.1.0-no_aop.jar;C:\Users\son.pham\.m2\repository\javax\inject\javax.inject\1\javax.inject-1.jar;C:\Users\son.pham\.m2\repository\aopalliance\aopalliance\1.0\aopalliance-1.0.jar;C:\Users\son.pham\.m2\repository\org\yaml\snakeyaml\1.21\snakeyaml-1.21.jar;C:\Users\son.pham\.m2\repository\org\slf4j\slf4j-simple\1.7.30\slf4j-simple-1.7.30.jar;C:\Users\son.pham\.m2\repository\org\slf4j\slf4j-api\1.7.30\slf4j-api-1.7.30.jar;C:\Users\son.pham\.m2\repository\org\apache\commons\commons-lang3\3.10\commons-lang3-3.10.jar;C:\Users\son.pham\.m2\repository\commons-io\commons-io\2.7\commons-io-2.7.jar;C:\Users\son.pham\.m2\repository\commons-validator\commons-validator\1.6\commons-validator-1.6.jar;C:\Users\son.pham\.m2\repository\commons-beanutils\commons-beanutils\1.9.2\commons-beanutils-1.9.2.jar;C:\Users\son.pham\.m2\repository\commons-digester\commons-digester\1.8.1\commons-digester-1.8.1.jar;C:\Users\son.pham\.m2\repository\commons-logging\commons-logging\1.2\commons-logging-1.2.jar;C:\Users\son.pham\.m2\repository\commons-collections\commons-collections\3.2.2\commons-collections-3.2.2.jar;C:\Users\son.pham\.m2\repository\com\aventstack\extentreports\4.0.0\extentreports-4.0.0.jar;C:\Users\son.pham\.m2\repository\org\freemarker\freemarker\2.3.23\freemarker-2.3.23.jar;C:\Users\son.pham\.m2\repository\org\mongodb\mongodb-driver\3.3.0\mongodb-driver-3.3.0.jar;C:\Users\son.pham\.m2\repository\org\mongodb\mongodb-driver-core\3.3.0\mongodb-driver-core-3.3.0.jar;C:\Users\son.pham\.m2\repository\org\mongodb\bson\3.3.0\bson-3.3.0.jar;C:\Users\son.pham\.m2\repository\org\apache\httpcomponents\httpclient\4.5.2\httpclient-4.5.2.jar;C:\Users\son.pham\.m2\repository\org\apache\httpcomponents\httpcore\4.4.4\httpcore-4.4.4.jar;C:\Users\son.pham\.m2\repository\commons-codec\commons-codec\1.9\commons-codec-1.9.jar;C:\Users\son.pham\.m2\repository\org\apache\httpcomponents\httpmime\4.5.2\httpmime-4.5.2.jar;C:\Users\son.pham\.m2\repository\com\google\code\gson\gson\2.8.5\gson-2.8.5.jar;C:\Users\son.pham\.m2\repository\io\appium\java-client\7.3.0\java-client-7.3.0.jar;C:\Users\son.pham\.m2\repository\org\seleniumhq\selenium\selenium-support\3.141.59\selenium-support-3.141.59.jar;C:\Users\son.pham\.m2\repository\org\seleniumhq\selenium\selenium-api\3.141.59\selenium-api-3.141.59.jar;C:\Users\son.pham\.m2\repository\cglib\cglib\3.2.12\cglib-3.2.12.jar;C:\Users\son.pham\.m2\repository\org\ow2\asm\asm\7.1\asm-7.1.jar;C:\Users\son.pham\.m2\repository\org\springframework\spring-context\5.1.8.RELEASE\spring-context-5.1.8.RELEASE.jar;C:\Users\son.pham\.m2\repository\org\springframework\spring-aop\5.1.8.RELEASE\spring-aop-5.1.8.RELEASE.jar;C:\Users\son.pham\.m2\repository\org\springframework\spring-beans\5.1.8.RELEASE\spring-beans-5.1.8.RELEASE.jar;C:\Users\son.pham\.m2\repository\org\springframework\spring-core\5.1.8.RELEASE\spring-core-5.1.8.RELEASE.jar;C:\Users\son.pham\.m2\repository\org\springframework\spring-jcl\5.1.8.RELEASE\spring-jcl-5.1.8.RELEASE.jar;C:\Users\son.pham\.m2\repository\org\springframework\spring-expression\5.1.8.RELEASE\spring-expression-5.1.8.RELEASE.jar;C:\Users\son.pham\.m2\repository\org\aspectj\aspectjweaver\1.9.4\aspectjweaver-1.9.4.jar;C:\Users\son.pham\.m2\repository\org\seleniumhq\selenium\selenium-java\3.141.59\selenium-java-3.141.59.jar;C:\Users\son.pham\.m2\repository\org\seleniumhq\selenium\selenium-chrome-driver\3.141.59\selenium-chrome-driver-3.141.59.jar;C:\Users\son.pham\.m2\repository\org\seleniumhq\selenium\selenium-edge-driver\3.141.59\selenium-edge-driver-3.141.59.jar;C:\Users\son.pham\.m2\repository\org\seleniumhq\selenium\selenium-firefox-driver\3.141.59\selenium-firefox-driver-3.141.59.jar;C:\Users\son.pham\.m2\repository\org\seleniumhq\selenium\selenium-ie-driver\3.141.59\selenium-ie-driver-3.141.59.jar;C:\Users\son.pham\.m2\repository\org\seleniumhq\selenium\selenium-opera-driver\3.141.59\selenium-opera-driver-3.141.59.jar;C:\Users\son.pham\.m2\repository\org\seleniumhq\selenium\selenium-remote-driver\3.141.59\selenium-remote-driver-3.141.59.jar;C:\Users\son.pham\.m2\repository\org\seleniumhq\selenium\selenium-safari-driver\3.141.59\selenium-safari-driver-3.141.59.jar;C:\Users\son.pham\.m2\repository\net\bytebuddy\byte-buddy\1.8.15\byte-buddy-1.8.15.jar;C:\Users\son.pham\.m2\repository\org\apache\commons\commons-exec\1.3\commons-exec-1.3.jar;C:\Users\son.pham\.m2\repository\com\google\guava\guava\25.0-jre\guava-25.0-jre.jar;C:\Users\son.pham\.m2\repository\com\google\code\findbugs\jsr305\1.3.9\jsr305-1.3.9.jar;C:\Users\son.pham\.m2\repository\org\checkerframework\checker-compat-qual\2.0.0\checker-compat-qual-2.0.0.jar;C:\Users\son.pham\.m2\repository\com\google\errorprone\error_prone_annotations\2.1.3\error_prone_annotations-2.1.3.jar;C:\Users\son.pham\.m2\repository\com\google\j2objc\j2objc-annotations\1.1\j2objc-annotations-1.1.jar;C:\Users\son.pham\.m2\repository\org\codehaus\mojo\animal-sniffer-annotations\1.14\animal-sniffer-annotations-1.14.jar;C:\Users\son.pham\.m2\repository\com\squareup\okhttp3\okhttp\3.11.0\okhttp-3.11.0.jar;C:\Users\son.pham\.m2\repository\com\squareup\okio\okio\1.14.0\okio-1.14.0.jar;"/>
    <property name="java.vm.vendor" value="Oracle Corporation"/>
    <property name="deviceName" value="SON-PHONE"/>
    <property name="sun.arch.data.model" value="64"/>
    <property name="user.variant" value=""/>
    <property name="java.vendor.url" value="http://java.oracle.com/"/>
    <property name="user.timezone" value="Asia/Bangkok"/>
    <property name="java.vm.specification.version" value="1.8"/>
    <property name="os.name" value="Windows 10"/>
    <property name="user.country" value="US"/>
    <property name="sun.java.launcher" value="SUN_STANDARD"/>
    <property name="sun.boot.library.path" value="C:\Program Files\Java\jdk1.8.0_251\jre\bin"/>
    <property name="sun.java.command" value="C:\Users\son.pham\AppData\Local\Temp\surefire8343038948922445246\surefirebooter4242007657282947252.jar C:\Users\son.pham\AppData\Local\Temp\surefire8343038948922445246 2020-07-03T16-54-49_042-jvmRun1 surefire7570542202946424766tmp surefire_0638546634164229088tmp"/>
    <property name="surefire.test.class.path" value="C:\Users\son.pham\Test\AppiumPramework\target\test-classes;C:\Users\son.pham\Test\AppiumPramework\target\classes;C:\Users\son.pham\.m2\repository\org\testng\testng\7.1.0\testng-7.1.0.jar;C:\Users\son.pham\.m2\repository\com\beust\jcommander\1.72\jcommander-1.72.jar;C:\Users\son.pham\.m2\repository\com\google\inject\guice\4.1.0\guice-4.1.0-no_aop.jar;C:\Users\son.pham\.m2\repository\javax\inject\javax.inject\1\javax.inject-1.jar;C:\Users\son.pham\.m2\repository\aopalliance\aopalliance\1.0\aopalliance-1.0.jar;C:\Users\son.pham\.m2\repository\org\yaml\snakeyaml\1.21\snakeyaml-1.21.jar;C:\Users\son.pham\.m2\repository\org\slf4j\slf4j-simple\1.7.30\slf4j-simple-1.7.30.jar;C:\Users\son.pham\.m2\repository\org\slf4j\slf4j-api\1.7.30\slf4j-api-1.7.30.jar;C:\Users\son.pham\.m2\repository\org\apache\commons\commons-lang3\3.10\commons-lang3-3.10.jar;C:\Users\son.pham\.m2\repository\commons-io\commons-io\2.7\commons-io-2.7.jar;C:\Users\son.pham\.m2\repository\commons-validator\commons-validator\1.6\commons-validator-1.6.jar;C:\Users\son.pham\.m2\repository\commons-beanutils\commons-beanutils\1.9.2\commons-beanutils-1.9.2.jar;C:\Users\son.pham\.m2\repository\commons-digester\commons-digester\1.8.1\commons-digester-1.8.1.jar;C:\Users\son.pham\.m2\repository\commons-logging\commons-logging\1.2\commons-logging-1.2.jar;C:\Users\son.pham\.m2\repository\commons-collections\commons-collections\3.2.2\commons-collections-3.2.2.jar;C:\Users\son.pham\.m2\repository\com\aventstack\extentreports\4.0.0\extentreports-4.0.0.jar;C:\Users\son.pham\.m2\repository\org\freemarker\freemarker\2.3.23\freemarker-2.3.23.jar;C:\Users\son.pham\.m2\repository\org\mongodb\mongodb-driver\3.3.0\mongodb-driver-3.3.0.jar;C:\Users\son.pham\.m2\repository\org\mongodb\mongodb-driver-core\3.3.0\mongodb-driver-core-3.3.0.jar;C:\Users\son.pham\.m2\repository\org\mongodb\bson\3.3.0\bson-3.3.0.jar;C:\Users\son.pham\.m2\repository\org\apache\httpcomponents\httpclient\4.5.2\httpclient-4.5.2.jar;C:\Users\son.pham\.m2\repository\org\apache\httpcomponents\httpcore\4.4.4\httpcore-4.4.4.jar;C:\Users\son.pham\.m2\repository\commons-codec\commons-codec\1.9\commons-codec-1.9.jar;C:\Users\son.pham\.m2\repository\org\apache\httpcomponents\httpmime\4.5.2\httpmime-4.5.2.jar;C:\Users\son.pham\.m2\repository\com\google\code\gson\gson\2.8.5\gson-2.8.5.jar;C:\Users\son.pham\.m2\repository\io\appium\java-client\7.3.0\java-client-7.3.0.jar;C:\Users\son.pham\.m2\repository\org\seleniumhq\selenium\selenium-support\3.141.59\selenium-support-3.141.59.jar;C:\Users\son.pham\.m2\repository\org\seleniumhq\selenium\selenium-api\3.141.59\selenium-api-3.141.59.jar;C:\Users\son.pham\.m2\repository\cglib\cglib\3.2.12\cglib-3.2.12.jar;C:\Users\son.pham\.m2\repository\org\ow2\asm\asm\7.1\asm-7.1.jar;C:\Users\son.pham\.m2\repository\org\springframework\spring-context\5.1.8.RELEASE\spring-context-5.1.8.RELEASE.jar;C:\Users\son.pham\.m2\repository\org\springframework\spring-aop\5.1.8.RELEASE\spring-aop-5.1.8.RELEASE.jar;C:\Users\son.pham\.m2\repository\org\springframework\spring-beans\5.1.8.RELEASE\spring-beans-5.1.8.RELEASE.jar;C:\Users\son.pham\.m2\repository\org\springframework\spring-core\5.1.8.RELEASE\spring-core-5.1.8.RELEASE.jar;C:\Users\son.pham\.m2\repository\org\springframework\spring-jcl\5.1.8.RELEASE\spring-jcl-5.1.8.RELEASE.jar;C:\Users\son.pham\.m2\repository\org\springframework\spring-expression\5.1.8.RELEASE\spring-expression-5.1.8.RELEASE.jar;C:\Users\son.pham\.m2\repository\org\aspectj\aspectjweaver\1.9.4\aspectjweaver-1.9.4.jar;C:\Users\son.pham\.m2\repository\org\seleniumhq\selenium\selenium-java\3.141.59\selenium-java-3.141.59.jar;C:\Users\son.pham\.m2\repository\org\seleniumhq\selenium\selenium-chrome-driver\3.141.59\selenium-chrome-driver-3.141.59.jar;C:\Users\son.pham\.m2\repository\org\seleniumhq\selenium\selenium-edge-driver\3.141.59\selenium-edge-driver-3.141.59.jar;C:\Users\son.pham\.m2\repository\org\seleniumhq\selenium\selenium-firefox-driver\3.141.59\selenium-firefox-driver-3.141.59.jar;C:\Users\son.pham\.m2\repository\org\seleniumhq\selenium\selenium-ie-driver\3.141.59\selenium-ie-driver-3.141.59.jar;C:\Users\son.pham\.m2\repository\org\seleniumhq\selenium\selenium-opera-driver\3.141.59\selenium-opera-driver-3.141.59.jar;C:\Users\son.pham\.m2\repository\org\seleniumhq\selenium\selenium-remote-driver\3.141.59\selenium-remote-driver-3.141.59.jar;C:\Users\son.pham\.m2\repository\org\seleniumhq\selenium\selenium-safari-driver\3.141.59\selenium-safari-driver-3.141.59.jar;C:\Users\son.pham\.m2\repository\net\bytebuddy\byte-buddy\1.8.15\byte-buddy-1.8.15.jar;C:\Users\son.pham\.m2\repository\org\apache\commons\commons-exec\1.3\commons-exec-1.3.jar;C:\Users\son.pham\.m2\repository\com\google\guava\guava\25.0-jre\guava-25.0-jre.jar;C:\Users\son.pham\.m2\repository\com\google\code\findbugs\jsr305\1.3.9\jsr305-1.3.9.jar;C:\Users\son.pham\.m2\repository\org\checkerframework\checker-compat-qual\2.0.0\checker-compat-qual-2.0.0.jar;C:\Users\son.pham\.m2\repository\com\google\errorprone\error_prone_annotations\2.1.3\error_prone_annotations-2.1.3.jar;C:\Users\son.pham\.m2\repository\com\google\j2objc\j2objc-annotations\1.1\j2objc-annotations-1.1.jar;C:\Users\son.pham\.m2\repository\org\codehaus\mojo\animal-sniffer-annotations\1.14\animal-sniffer-annotations-1.14.jar;C:\Users\son.pham\.m2\repository\com\squareup\okhttp3\okhttp\3.11.0\okhttp-3.11.0.jar;C:\Users\son.pham\.m2\repository\com\squareup\okio\okio\1.14.0\okio-1.14.0.jar;"/>
    <property name="sun.cpu.endian" value="little"/>
    <property name="user.home" value="C:\Users\son.pham"/>
    <property name="user.language" value="en"/>
    <property name="java.specification.vendor" value="Oracle Corporation"/>
    <property name="java.home" value="C:\Program Files\Java\jdk1.8.0_251\jre"/>
    <property name="basedir" value="C:\Users\son.pham\Test\AppiumPramework"/>
    <property name="file.separator" value="\"/>
    <property name="line.separator" value="&#10;"/>
    <property name="java.vm.specification.vendor" value="Oracle Corporation"/>
    <property name="java.specification.name" value="Java Platform API Specification"/>
    <property name="java.awt.graphicsenv" value="sun.awt.Win32GraphicsEnvironment"/>
    <property name="surefire.real.class.path" value="C:\Users\son.pham\AppData\Local\Temp\surefire8343038948922445246\surefirebooter4242007657282947252.jar"/>
    <property name="sun.boot.class.path" value="C:\Program Files\Java\jdk1.8.0_251\jre\lib\resources.jar;C:\Program Files\Java\jdk1.8.0_251\jre\lib\rt.jar;C:\Program Files\Java\jdk1.8.0_251\jre\lib\sunrsasign.jar;C:\Program Files\Java\jdk1.8.0_251\jre\lib\jsse.jar;C:\Program Files\Java\jdk1.8.0_251\jre\lib\jce.jar;C:\Program Files\Java\jdk1.8.0_251\jre\lib\charsets.jar;C:\Program Files\Java\jdk1.8.0_251\jre\lib\jfr.jar;C:\Program Files\Java\jdk1.8.0_251\jre\classes"/>
    <property name="user.script" value=""/>
    <property name="sun.management.compiler" value="HotSpot 64-Bit Tiered Compilers"/>
    <property name="java.runtime.version" value="1.8.0_251-b08"/>
    <property name="user.name" value="son.pham"/>
    <property name="path.separator" value=";"/>
    <property name="os.version" value="10.0"/>
    <property name="java.endorsed.dirs" value="C:\Program Files\Java\jdk1.8.0_251\jre\lib\endorsed"/>
    <property name="java.runtime.name" value="Java(TM) SE Runtime Environment"/>
    <property name="file.encoding" value="Cp1252"/>
    <property name="java.vm.name" value="Java HotSpot(TM) 64-Bit Server VM"/>
    <property name="localRepository" value="C:\Users\son.pham\.m2\repository"/>
    <property name="java.vendor.url.bug" value="http://bugreport.sun.com/bugreport/"/>
    <property name="java.io.tmpdir" value="C:\Users\SON~1.PHA\AppData\Local\Temp\"/>
    <property name="java.version" value="1.8.0_251"/>
    <property name="user.dir" value="C:\Users\son.pham\Test\AppiumPramework"/>
    <property name="os.arch" value="amd64"/>
    <property name="java.vm.specification.name" value="Java Virtual Machine Specification"/>
    <property name="java.awt.printerjob" value="sun.awt.windows.WPrinterJob"/>
    <property name="sun.os.patch.level" value=""/>
    <property name="java.library.path" value="C:\Program Files\Java\jdk1.8.0_251\jre\bin;C:\WINDOWS\Sun\Java\bin;C:\WINDOWS\system32;C:\WINDOWS;C:\WINDOWS\system32;C:\WINDOWS;C:\WINDOWS\System32\Wbem;C:\WINDOWS\System32\WindowsPowerShell\v1.0\;C:\Program Files (x86)\Microsoft SQL Server\Client SDK\ODBC\130\Tools\Binn\;C:\Program Files (x86)\Microsoft SQL Server\140\Tools\Binn\;C:\Program Files (x86)\Microsoft SQL Server\140\DTS\Binn\;C:\Program Files (x86)\Microsoft SQL Server\140\Tools\Binn\ManagementStudio\;C:\WINDOWS\System32\OpenSSH\;C:\Program Files\dotnet\;C:\Program Files\Microsoft SQL Server\130\Tools\Binn\;C:\Program Files (x86)\Microsoft SQL Server\110\Tools\Binn\;C:\Program Files\Microsoft SQL Server\110\Tools\Binn\;C:\Program Files\Microsoft SQL Server\110\DTS\Binn\;C:\Program Files (x86)\dotnet\;C:\Program Files\Java\jdk1.8.0_251\bin;C:\Windows\System32;C:\Users\son.pham\AppData\Local\Android\Sdk\tools\bin;C:\Users\son.pham\AppData\Local\Android\Sdk\tools;C:\Users\son.pham\AppData\Local\Android\Sdk\platform-tools;C:\Program Files\nodejs\;C:\Program Files\nodejs\node_modules\npm\bin;C:\Program Files (x86)\Common Files\Oracle\Java\javapath;D:\apache-maven-3.6.3-bin\apache-maven-3.6.3\bin;D:\Git\cmd;C:\Users\son.pham\AppData\Local\Microsoft\WindowsApps;C:\Users\son.pham\AppData\Roaming\npm;."/>
    <property name="java.vm.info" value="mixed mode"/>
    <property name="java.vendor" value="Oracle Corporation"/>
    <property name="java.vm.version" value="25.251-b08"/>
    <property name="java.ext.dirs" value="C:\Program Files\Java\jdk1.8.0_251\jre\lib\ext;C:\WINDOWS\Sun\Java\lib\ext"/>
    <property name="sun.io.unicode.encoding" value="UnicodeLittle"/>
    <property name="java.class.version" value="52.0"/>
  </properties>
  <testcase name="totalValidation" classname="practise.AppiumPramework.TC4" time="42.667">
    <system-out><![CDATA[&amp#27;[35m[Appium]&amp#27;[39m Welcome to Appium v1.17.1
&amp#27;[35m[Appium]&amp#27;[39m Appium REST http interface listener started on 0.0.0.0:4723
&amp#27;[35m[HTTP]&amp#27;[39m &amp#27;[37m-->&amp#27;[39m &amp#27;[37mGET&amp#27;[39m &amp#27;[37m/wd/hub/status&amp#27;[39m
&amp#27;[35m[HTTP]&amp#27;[39m &amp#27;[90m{}&amp#27;[39m
[debug] &amp#27;[35m[GENERIC]&amp#27;[39m Calling AppiumDriver.getStatus() with args: []
[debug] &amp#27;[35m[GENERIC]&amp#27;[39m Responding to client with driver.getStatus() result: {"build":{"version":"1.17.1"}}
&amp#27;[35m[HTTP]&amp#27;[39m &amp#27;[37m<-- GET /wd/hub/status &amp#27;[39m&amp#27;[32m200&amp#27;[39m &amp#27;[90m14 ms - 68&amp#27;[39m
&amp#27;[35m[HTTP]&amp#27;[39m &amp#27;[90m&amp#27;[39m
&amp#27;[35m[HTTP]&amp#27;[39m &amp#27;[37m-->&amp#27;[39m &amp#27;[37mPOST&amp#27;[39m &amp#27;[37m/wd/hub/session&amp#27;[39m
&amp#27;[35m[HTTP]&amp#27;[39m &amp#27;[90m{"desiredCapabilities":{"app":"C:\\Users\\son.pham\\Test\\AppiumPramework\\src\\General-Store.apk","automationName":"uiautomator2","platformName":"Android","deviceName":"SON-PHONE","newCommandTimeout":14},"capabilities":{"firstMatch":[{"appium:app":"C:\\Users\\son.pham\\Test\\AppiumPramework\\src\\General-Store.apk","appium:automationName":"uiautomator2","appium:deviceName":"SON-PHONE","appium:newCommandTimeout":14,"platformName":"android"}]}}&amp#27;[39m
[debug] &amp#27;[35m[W3C]&amp#27;[39m Calling AppiumDriver.createSession() with args: [{"app":"C:\\Users\\son.pham\\Test\\AppiumPramework\\src\\General-Store.apk","automationName":"uiautomator2","platformName":"Android","deviceName":"SON-PHONE","newCommandTimeout":14},null,{"firstMatch":[{"appium:app":"C:\\Users\\son.pham\\Test\\AppiumPramework\\src\\General-Store.apk","appium:automationName":"uiautomator2","appium:deviceName":"SON-PHONE","appium:newCommandTimeout":14,"platformName":"android"}]}]
[debug] &amp#27;[35m[BaseDriver]&amp#27;[39m Event 'newSessionRequested' logged at 1593770104981 (16:55:04 GMT+0700 (Indochina Time))
&amp#27;[35m[Appium]&amp#27;[39m Appium v1.17.1 creating new AndroidUiautomator2Driver (v1.44.2) session
[debug] &amp#27;[35m[BaseDriver]&amp#27;[39m W3C capabilities and MJSONWP desired capabilities were provided
[debug] &amp#27;[35m[BaseDriver]&amp#27;[39m Creating session with W3C capabilities: {
[debug] &amp#27;[35m[BaseDriver]&amp#27;[39m   "alwaysMatch": {
[debug] &amp#27;[35m[BaseDriver]&amp#27;[39m     "platformName": "android",
[debug] &amp#27;[35m[BaseDriver]&amp#27;[39m     "appium:app": "C:\\Users\\son.pham\\Test\\AppiumPramework\\src\\General-Store.apk",
[debug] &amp#27;[35m[BaseDriver]&amp#27;[39m     "appium:automationName": "uiautomator2",
[debug] &amp#27;[35m[BaseDriver]&amp#27;[39m     "appium:deviceName": "SON-PHONE",
[debug] &amp#27;[35m[BaseDriver]&amp#27;[39m     "appium:newCommandTimeout": 14
[debug] &amp#27;[35m[BaseDriver]&amp#27;[39m   },
[debug] &amp#27;[35m[BaseDriver]&amp#27;[39m   "firstMatch": [
[debug] &amp#27;[35m[BaseDriver]&amp#27;[39m     {}
[debug] &amp#27;[35m[BaseDriver]&amp#27;[39m   ]
[debug] &amp#27;[35m[BaseDriver]&amp#27;[39m }
&amp#27;[35m[BaseDriver]&amp#27;[39m Session created with session id: efbdbc48-920c-4e1f-af19-c8cc1db889e8
&amp#27;[35m[BaseDriver]&amp#27;[39m Using local app 'C:\Users\son.pham\Test\AppiumPramework\src\General-Store.apk'
[debug] &amp#27;[35m[UiAutomator2]&amp#27;[39m Checking whether app is actually present
&amp#27;[35m[ADB]&amp#27;[39m Found 1 'build-tools' folders under 'C:\Users\son.pham\AppData\Local\Android\Sdk' (newest first):
&amp#27;[35m[ADB]&amp#27;[39m     C:/Users/son.pham/AppData/Local/Android/Sdk/build-tools/29.0.3
&amp#27;[35m[ADB]&amp#27;[39m Using 'adb.exe' from 'C:\Users\son.pham\AppData\Local\Android\Sdk\platform-tools\adb.exe'
&amp#27;[35m[AndroidDriver]&amp#27;[39m Retrieving device list
[debug] &amp#27;[35m[ADB]&amp#27;[39m Trying to find a connected android device
[debug] &amp#27;[35m[ADB]&amp#27;[39m Getting connected devices...
[debug] &amp#27;[35m[ADB]&amp#27;[39m Connected devices: [{"udid":"emulator-5554","state":"device"}]
&amp#27;[35m[AndroidDriver]&amp#27;[39m Using device: emulator-5554
&amp#27;[35m[ADB]&amp#27;[39m Using 'adb.exe' from 'C:\Users\son.pham\AppData\Local\Android\Sdk\platform-tools\adb.exe'
[debug] &amp#27;[35m[ADB]&amp#27;[39m Setting device id to emulator-5554
[debug] &amp#27;[35m[ADB]&amp#27;[39m Running 'C:\Users\son.pham\AppData\Local\Android\Sdk\platform-tools\adb.exe -P 5037 -s emulator-5554 shell getprop ro.build.version.sdk'
[debug] &amp#27;[35m[ADB]&amp#27;[39m Current device property 'ro.build.version.sdk': 28
&amp#27;[35m[ADB]&amp#27;[39m Getting device platform version
[debug] &amp#27;[35m[ADB]&amp#27;[39m Running 'C:\Users\son.pham\AppData\Local\Android\Sdk\platform-tools\adb.exe -P 5037 -s emulator-5554 shell getprop ro.build.version.release'
[debug] &amp#27;[35m[ADB]&amp#27;[39m Current device property 'ro.build.version.release': 9
[debug] &amp#27;[35m[ADB]&amp#27;[39m Device API level: 28
&amp#27;[35m[UiAutomator2]&amp#27;[39m Relaxing hidden api policy
[debug] &amp#27;[35m[ADB]&amp#27;[39m Running 'C:\Users\son.pham\AppData\Local\Android\Sdk\platform-tools\adb.exe -P 5037 -s emulator-5554 shell settings put global hidden_api_policy_pre_p_apps 1'
[debug] &amp#27;[35m[ADB]&amp#27;[39m Running 'C:\Users\son.pham\AppData\Local\Android\Sdk\platform-tools\adb.exe -P 5037 -s emulator-5554 shell settings put global hidden_api_policy_p_apps 1'
[debug] &amp#27;[35m[ADB]&amp#27;[39m Running 'C:\Users\son.pham\AppData\Local\Android\Sdk\platform-tools\adb.exe -P 5037 -s emulator-5554 shell settings put global hidden_api_policy 1'
[debug] &amp#27;[35m[AndroidDriver]&amp#27;[39m Parsing package and activity from app manifest
&amp#27;[35m[ADB]&amp#27;[39m Package name: 'com.androidsample.generalstore'
&amp#27;[35m[ADB]&amp#27;[39m Main activity name: 'com.androidsample.generalstore.SplashActivity'
[debug] &amp#27;[35m[AndroidDriver]&amp#27;[39m Parsed package and activity are: com.androidsample.generalstore/com.androidsample.generalstore.SplashActivity
[debug] &amp#27;[35m[ADB]&amp#27;[39m Running 'C:\Users\son.pham\AppData\Local\Android\Sdk\platform-tools\adb.exe -P 5037 -s emulator-5554 wait-for-device'
[debug] &amp#27;[35m[ADB]&amp#27;[39m Running 'C:\Users\son.pham\AppData\Local\Android\Sdk\platform-tools\adb.exe -P 5037 -s emulator-5554 shell echo ping'
[debug] &amp#27;[35m[AndroidDriver]&amp#27;[39m Pushing settings apk to device...
[debug] &amp#27;[35m[ADB]&amp#27;[39m Getting install status for io.appium.settings
[debug] &amp#27;[35m[ADB]&amp#27;[39m Running 'C:\Users\son.pham\AppData\Local\Android\Sdk\platform-tools\adb.exe -P 5037 -s emulator-5554 shell dumpsys package io.appium.settings'
[debug] &amp#27;[35m[ADB]&amp#27;[39m 'io.appium.settings' is installed
[debug] &amp#27;[35m[ADB]&amp#27;[39m Getting package info for 'io.appium.settings'
[debug] &amp#27;[35m[ADB]&amp#27;[39m Running 'C:\Users\son.pham\AppData\Local\Android\Sdk\platform-tools\adb.exe -P 5037 -s emulator-5554 shell dumpsys package io.appium.settings'
[debug] &amp#27;[35m[ADB]&amp#27;[39m The version name of the installed 'io.appium.settings' is greater or equal to the application version name ('3.1.0' >= '3.1.0')
[debug] &amp#27;[35m[ADB]&amp#27;[39m There is no need to install/upgrade 'C:\Users\son.pham\AppData\Roaming\npm\node_modules\appium\node_modules\io.appium.settings\apks\settings_apk-debug.apk'
[debug] &amp#27;[35m[ADB]&amp#27;[39m Getting IDs of all 'io.appium.settings' processes
[debug] &amp#27;[35m[ADB]&amp#27;[39m Running 'C:\Users\son.pham\AppData\Local\Android\Sdk\platform-tools\adb.exe -P 5037 -s emulator-5554 shell 'pgrep --help; echo $?''
[debug] &amp#27;[35m[ADB]&amp#27;[39m Running 'C:\Users\son.pham\AppData\Local\Android\Sdk\platform-tools\adb.exe -P 5037 -s emulator-5554 shell pgrep -f io\\.appium\\.settings'
[debug] &amp#27;[35m[AndroidDriver]&amp#27;[39m io.appium.settings is already running. There is no need to reset its permissions.
[debug] &amp#27;[35m[ADB]&amp#27;[39m Running 'C:\Users\son.pham\AppData\Local\Android\Sdk\platform-tools\adb.exe -P 5037 -s emulator-5554 shell appops set io.appium.settings android\:mock_location allow'
[debug] &amp#27;[35m[Logcat]&amp#27;[39m Starting logcat capture
[debug] &amp#27;[35m[UiAutomator2]&amp#27;[39m Forwarding UiAutomator2 Server port 6790 to 8202
[debug] &amp#27;[35m[ADB]&amp#27;[39m Forwarding system: 8202 to device: 6790
[debug] &amp#27;[35m[ADB]&amp#27;[39m Running 'C:\Users\son.pham\AppData\Local\Android\Sdk\platform-tools\adb.exe -P 5037 -s emulator-5554 forward tcp\:8202 tcp\:6790'
[debug] &amp#27;[35m[ADB]&amp#27;[39m Getting install status for io.appium.uiautomator2.server
[debug] &amp#27;[35m[ADB]&amp#27;[39m Running 'C:\Users\son.pham\AppData\Local\Android\Sdk\platform-tools\adb.exe -P 5037 -s emulator-5554 shell dumpsys package io.appium.uiautomator2.server'
[debug] &amp#27;[35m[ADB]&amp#27;[39m 'io.appium.uiautomator2.server' is installed
[debug] &amp#27;[35m[ADB]&amp#27;[39m Getting package info for 'io.appium.uiautomator2.server'
[debug] &amp#27;[35m[ADB]&amp#27;[39m Running 'C:\Users\son.pham\AppData\Local\Android\Sdk\platform-tools\adb.exe -P 5037 -s emulator-5554 shell dumpsys package io.appium.uiautomator2.server'
[debug] &amp#27;[35m[ADB]&amp#27;[39m The version name of the installed 'io.appium.uiautomator2.server' is greater or equal to the application version name ('4.5.5' >= '4.5.5')
[debug] &amp#27;[35m[UiAutomator2]&amp#27;[39m io.appium.uiautomator2.server installation state: sameVersionInstalled
[debug] &amp#27;[35m[ADB]&amp#27;[39m Checking app cert for C:\Users\son.pham\AppData\Roaming\npm\node_modules\appium\node_modules\appium-uiautomator2-server\apks\appium-uiautomator2-server-v4.5.5.apk
&amp#27;[35m[ADB]&amp#27;[39m Using 'apksigner.jar' from 'C:\Users\son.pham\AppData\Local\Android\Sdk\build-tools\29.0.3\lib\apksigner.jar'
[debug] &amp#27;[35m[ADB]&amp#27;[39m Starting apksigner: 'C:\\Program Files\\Java\\jdk1.8.0_251\\bin\\java.exe' -Xmx1024M -Xss1m -jar C:\\Users\\son.pham\\AppData\\Local\\Android\\Sdk\\build-tools\\29.0.3\\lib\\apksigner.jar verify --print-certs C:\\Users\\son.pham\\AppData\\Roaming\\npm\\node_modules\\appium\\node_modules\\appium-uiautomator2-server\\apks\\appium-uiautomator2-server-v4.5.5.apk
[debug] &amp#27;[35m[ADB]&amp#27;[39m apksigner stdout: Signer #1 certificate DN: EMAILADDRESS=android@android.com, CN=Android, OU=Android, O=Android, L=Mountain View, ST=California, C=US
[debug] &amp#27;[35m[ADB]&amp#27;[39m Signer #1 certificate SHA-256 digest: a40da80a59d170caa950cf15c18c454d47a39b26989d8b640ecd745ba71bf5dc
[debug] &amp#27;[35m[ADB]&amp#27;[39m Signer #1 certificate SHA-1 digest: 61ed377e85d386a8dfee6b864bd85b0bfaa5af81
[debug] &amp#27;[35m[ADB]&amp#27;[39m Signer #1 certificate MD5 digest: e89b158e4bcf988ebd09eb83f5378e87
[debug] &amp#27;[35m[ADB]&amp#27;[39m 
[debug] &amp#27;[35m[ADB]&amp#27;[39m 'C:\Users\son.pham\AppData\Roaming\npm\node_modules\appium\node_modules\appium-uiautomator2-server\apks\appium-uiautomator2-server-v4.5.5.apk' is signed with the default certificate
[debug] &amp#27;[35m[ADB]&amp#27;[39m Getting install status for io.appium.uiautomator2.server.test
[debug] &amp#27;[35m[ADB]&amp#27;[39m Running 'C:\Users\son.pham\AppData\Local\Android\Sdk\platform-tools\adb.exe -P 5037 -s emulator-5554 shell dumpsys package io.appium.uiautomator2.server.test'
[debug] &amp#27;[35m[ADB]&amp#27;[39m 'io.appium.uiautomator2.server.test' is installed
[debug] &amp#27;[35m[ADB]&amp#27;[39m Checking app cert for C:\Users\son.pham\AppData\Roaming\npm\node_modules\appium\node_modules\appium-uiautomator2-server\apks\appium-uiautomator2-server-debug-androidTest.apk
[debug] &amp#27;[35m[ADB]&amp#27;[39m Starting apksigner: 'C:\\Program Files\\Java\\jdk1.8.0_251\\bin\\java.exe' -Xmx1024M -Xss1m -jar C:\\Users\\son.pham\\AppData\\Local\\Android\\Sdk\\build-tools\\29.0.3\\lib\\apksigner.jar verify --print-certs C:\\Users\\son.pham\\AppData\\Roaming\\npm\\node_modules\\appium\\node_modules\\appium-uiautomator2-server\\apks\\appium-uiautomator2-server-debug-androidTest.apk
[debug] &amp#27;[35m[ADB]&amp#27;[39m apksigner stdout: Signer #1 certificate DN: EMAILADDRESS=android@android.com, CN=Android, OU=Android, O=Android, L=Mountain View, ST=California, C=US
[debug] &amp#27;[35m[ADB]&amp#27;[39m Signer #1 certificate SHA-256 digest: a40da80a59d170caa950cf15c18c454d47a39b26989d8b640ecd745ba71bf5dc
[debug] &amp#27;[35m[ADB]&amp#27;[39m Signer #1 certificate SHA-1 digest: 61ed377e85d386a8dfee6b864bd85b0bfaa5af81
[debug] &amp#27;[35m[ADB]&amp#27;[39m Signer #1 certificate MD5 digest: e89b158e4bcf988ebd09eb83f5378e87
[debug] &amp#27;[35m[ADB]&amp#27;[39m 
[debug] &amp#27;[35m[ADB]&amp#27;[39m 'C:\Users\son.pham\AppData\Roaming\npm\node_modules\appium\node_modules\appium-uiautomator2-server\apks\appium-uiautomator2-server-debug-androidTest.apk' is signed with the default certificate
&amp#27;[35m[UiAutomator2]&amp#27;[39m Server packages are not going to be (re)installed
[debug] &amp#27;[35m[UiAutomator2]&amp#27;[39m Waiting up to 30000ms for services to be available
[debug] &amp#27;[35m[ADB]&amp#27;[39m Running 'C:\Users\son.pham\AppData\Local\Android\Sdk\platform-tools\adb.exe -P 5037 -s emulator-5554 shell pm list instrumentation'
[debug] &amp#27;[35m[UiAutomator2]&amp#27;[39m Instrumentation target 'io.appium.uiautomator2.server.test/androidx.test.runner.AndroidJUnitRunner' is available
[debug] &amp#27;[35m[ADB]&amp#27;[39m Checking app cert for C:\Users\son.pham\Test\AppiumPramework\src\General-Store.apk
[debug] &amp#27;[35m[ADB]&amp#27;[39m Starting apksigner: 'C:\\Program Files\\Java\\jdk1.8.0_251\\bin\\java.exe' -Xmx1024M -Xss1m -jar C:\\Users\\son.pham\\AppData\\Local\\Android\\Sdk\\build-tools\\29.0.3\\lib\\apksigner.jar verify --print-certs C:\\Users\\son.pham\\Test\\AppiumPramework\\src\\General-Store.apk
[debug] &amp#27;[35m[ADB]&amp#27;[39m apksigner stdout: Signer #1 certificate DN: EMAILADDRESS=android@android.com, CN=Android, OU=Android, O=Android, L=Mountain View, ST=California, C=US
[debug] &amp#27;[35m[ADB]&amp#27;[39m Signer #1 certificate SHA-256 digest: a40da80a59d170caa950cf15c18c454d47a39b26989d8b640ecd745ba71bf5dc
[debug] &amp#27;[35m[ADB]&amp#27;[39m Signer #1 certificate SHA-1 digest: 61ed377e85d386a8dfee6b864bd85b0bfaa5af81
[debug] &amp#27;[35m[ADB]&amp#27;[39m Signer #1 certificate MD5 digest: e89b158e4bcf988ebd09eb83f5378e87
[debug] &amp#27;[35m[ADB]&amp#27;[39m 
[debug] &amp#27;[35m[ADB]&amp#27;[39m 'C:\Users\son.pham\Test\AppiumPramework\src\General-Store.apk' is signed with the default certificate
[debug] &amp#27;[35m[ADB]&amp#27;[39m Getting install status for com.androidsample.generalstore
[debug] &amp#27;[35m[ADB]&amp#27;[39m Running 'C:\Users\son.pham\AppData\Local\Android\Sdk\platform-tools\adb.exe -P 5037 -s emulator-5554 shell dumpsys package com.androidsample.generalstore'
[debug] &amp#27;[35m[ADB]&amp#27;[39m 'com.androidsample.generalstore' is installed
[debug] &amp#27;[35m[ADB]&amp#27;[39m Getting package info for 'com.androidsample.generalstore'
[debug] &amp#27;[35m[ADB]&amp#27;[39m Running 'C:\Users\son.pham\AppData\Local\Android\Sdk\platform-tools\adb.exe -P 5037 -s emulator-5554 shell dumpsys package com.androidsample.generalstore'
[debug] &amp#27;[35m[ADB]&amp#27;[39m The version name of the installed 'com.androidsample.generalstore' is greater or equal to the application version name ('1.0.0' >= '1.0.0')
[debug] &amp#27;[35m[ADB]&amp#27;[39m There is no need to install/upgrade 'C:\Users\son.pham\Test\AppiumPramework\src\General-Store.apk'
&amp#27;[35m[AndroidDriver]&amp#27;[39m Performing fast reset on 'com.androidsample.generalstore'
[debug] &amp#27;[35m[ADB]&amp#27;[39m Getting install status for com.androidsample.generalstore
[debug] &amp#27;[35m[ADB]&amp#27;[39m Running 'C:\Users\son.pham\AppData\Local\Android\Sdk\platform-tools\adb.exe -P 5037 -s emulator-5554 shell dumpsys package com.androidsample.generalstore'
[debug] &amp#27;[35m[ADB]&amp#27;[39m 'com.androidsample.generalstore' is installed
[debug] &amp#27;[35m[ADB]&amp#27;[39m Running 'C:\Users\son.pham\AppData\Local\Android\Sdk\platform-tools\adb.exe -P 5037 -s emulator-5554 shell am force-stop com.androidsample.generalstore'
[debug] &amp#27;[35m[ADB]&amp#27;[39m Running 'C:\Users\son.pham\AppData\Local\Android\Sdk\platform-tools\adb.exe -P 5037 -s emulator-5554 shell pm clear com.androidsample.generalstore'
[debug] &amp#27;[35m[AndroidDriver]&amp#27;[39m Performed fast reset on the installed 'com.androidsample.generalstore' application (stop and clear)
[debug] &amp#27;[35m[UiAutomator2]&amp#27;[39m Performing shallow cleanup of automation leftovers
[debug] &amp#27;[35m[UiAutomator2]&amp#27;[39m The following obsolete sessions are still running: ["03f7ec24-f831-4e5a-b7f9-24a705703eb9"]
[debug] &amp#27;[35m[UiAutomator2]&amp#27;[39m Cleaning up the obsolete sessions
[debug] &amp#27;[35m[ADB]&amp#27;[39m Running 'C:\Users\son.pham\AppData\Local\Android\Sdk\platform-tools\adb.exe -P 5037 -s emulator-5554 shell am force-stop io.appium.uiautomator2.server.test'
&amp#27;[35m[UiAutomator2]&amp#27;[39m Starting UIAutomator2 server 4.5.5
&amp#27;[35m[UiAutomator2]&amp#27;[39m Using UIAutomator2 server from 'C:\Users\son.pham\AppData\Roaming\npm\node_modules\appium\node_modules\appium-uiautomator2-server\apks\appium-uiautomator2-server-v4.5.5.apk' and test from 'C:\Users\son.pham\AppData\Roaming\npm\node_modules\appium\node_modules\appium-uiautomator2-server\apks\appium-uiautomator2-server-debug-androidTest.apk'
&amp#27;[35m[UiAutomator2]&amp#27;[39m Waiting up to 30000ms for UiAutomator2 to be online...
[debug] &amp#27;[35m[ADB]&amp#27;[39m Creating ADB subprocess with args: ["-P",5037,"-s","emulator-5554","shell","am","instrument","-w","io.appium.uiautomator2.server.test/androidx.test.runner.AndroidJUnitRunner"]
[debug] &amp#27;[35m[WD Proxy]&amp#27;[39m Matched '/status' to command name 'getStatus'
[debug] &amp#27;[35m[WD Proxy]&amp#27;[39m Proxying [GET /status] to [GET http://127.0.0.1:8202/wd/hub/status] with no body
&amp#27;[35m[WD Proxy]&amp#27;[39m Got response with unknown status: {"code":"ECONNRESET"}
[debug] &amp#27;[35m[Instrumentation]&amp#27;[39m io.appium.uiautomator2.server.test.AppiumUiAutomator2Server:
[debug] &amp#27;[35m[WD Proxy]&amp#27;[39m Matched '/status' to command name 'getStatus'
[debug] &amp#27;[35m[WD Proxy]&amp#27;[39m Proxying [GET /status] to [GET http://127.0.0.1:8202/wd/hub/status] with no body
&amp#27;[35m[WD Proxy]&amp#27;[39m Got response with unknown status: {"code":"ECONNRESET"}
[debug] &amp#27;[35m[WD Proxy]&amp#27;[39m Matched '/status' to command name 'getStatus'
[debug] &amp#27;[35m[WD Proxy]&amp#27;[39m Proxying [GET /status] to [GET http://127.0.0.1:8202/wd/hub/status] with no body
[debug] &amp#27;[35m[WD Proxy]&amp#27;[39m Got response with status 200: {"sessionId":"None","value":{"ready":true,"message":"UiAutomator2 Server is ready to accept commands"}}
[debug] &amp#27;[35m[UiAutomator2]&amp#27;[39m The initialization of the instrumentation process took 3138ms
[debug] &amp#27;[35m[WD Proxy]&amp#27;[39m Matched '/session' to command name 'createSession'
[debug] &amp#27;[35m[WD Proxy]&amp#27;[39m Proxying [POST /session] to [POST http://127.0.0.1:8202/wd/hub/session] with body: {"capabilities":{"firstMatch":[{"platform":"LINUX","webStorageEnabled":false,"takesScreenshot":true,"javascriptEnabled":true,"databaseEnabled":false,"networkConnectionEnabled":true,"locationContextEnabled":false,"warnings":{},"desired":{"platformName":"android","app":"C:\\Users\\son.pham\\Test\\AppiumPramework\\src\\General-Store.apk","automationName":"uiautomator2","deviceName":"SON-PHONE","newCommandTimeout":14},"platformName":"android","app":"C:\\Users\\son.pham\\Test\\AppiumPramework\\src\\General-Store.apk","automationName":"uiautomator2","deviceName":"emulator-5554","newCommandTimeout":14,"deviceUDID":"emulator-5554","appPackage":"com.androidsample.generalstore"}],"alwaysMatch":{}}}
[debug] &amp#27;[35m[WD Proxy]&amp#27;[39m Got response with status 200: {"sessionId":"c7f23abd-5539-4639-b0b4-0676238dd8df","value":{"sessionId":"c7f23abd-5539-4639-b0b4-0676238dd8df","capabilities":{"firstMatch":[{"platform":"LINUX","webStorageEnabled":false,"takesScreenshot":true,"javascriptEnabled":true,"databaseEnabled":false,"networkConnectionEnabled":true,"locationContextEnabled":false,"warnings":{},"desired":{"platformName":"android","app":"C:\\Users\\son.pham\\Test\\AppiumPramework\\src\\General-Store.apk","automationName":"uiautomator2","deviceName":"SON-PHONE","newCommandTimeout":14},"platformName":"android","app":"C:\\Users\\son.pham\\Test\\AppiumPramework\\src\\General-Store.apk","automationName":"uiautomator2","deviceName":"emulator-5554","newCommandTimeout":14,"deviceUDID":"emulator-5554","appPackage":"com.androidsample.generalstore"}],"alwaysMatch":{}}}}
&amp#27;[35m[WD Proxy]&amp#27;[39m Determined the downstream protocol as 'W3C'
[debug] &amp#27;[35m[WD Proxy]&amp#27;[39m Proxying [GET /appium/device/info] to [GET http://127.0.0.1:8202/wd/hub/session/c7f23abd-5539-4639-b0b4-0676238dd8df/appium/device/info] with no body
[debug] &amp#27;[35m[WD Proxy]&amp#27;[39m Got response with status 200: {"sessionId":"c7f23abd-5539-4639-b0b4-0676238dd8df","value":{"androidId":"bfd7974fd56073e9","manufacturer":"Google","model":"AOSP on IA Emulator","brand":"google","apiVersion":"28","platformVersion":"9","carrierName":"Android","realDisplaySize":"1080x1920","displayDensity":420,"networks":[{"type":1,"typeName":"WIFI","subtype":0,"subtypeName":"","isConnected":true,"detailedState":"CONNECTED","state":"CONNECTED","extraInfo":null,"isAvailable":true,"isFailover":false,"isRoaming":false,"capabilities":{"transportTypes":"TRANSPORT_WIFI","networkCapabilities":"NET_CAPABILITY_NOT_METERED,NET_CAPABILITY_INTERNET,NET_CAPABILITY_NOT_RESTRICTED,NET_CAPABILITY_TRUSTED,NET_CAPABILITY_NOT_VPN,NET_CAPABILITY_VALIDATED,NET_CAPABILITY_NOT_ROAMING,NET_CAPABILITY_FOREGROUND,NET_CAPABILITY_NOT_CONGESTED,NET_CAPABILITY_NOT_SUSPENDED","linkUpstreamBandwidthKbps":1048576,"linkDownBandwidthKbps":1048576,"signalStrength":-50,"networkSpecifier":null,"SSID":null}},{"type":0,"typeName":"MOBILE","subtype":13,"subtypeName":"LTE","isConn...
[debug] &amp#27;[35m[ADB]&amp#27;[39m Running 'C:\Users\son.pham\AppData\Local\Android\Sdk\platform-tools\adb.exe -P 5037 -s emulator-5554 shell dumpsys window'
&amp#27;[35m[AndroidDriver]&amp#27;[39m Screen already unlocked, doing nothing
&amp#27;[35m[UiAutomator2]&amp#27;[39m Starting 'com.androidsample.generalstore/com.androidsample.generalstore.SplashActivity and waiting for 'com.androidsample.generalstore/com.androidsample.generalstore.SplashActivity'
[debug] &amp#27;[35m[ADB]&amp#27;[39m Running 'C:\Users\son.pham\AppData\Local\Android\Sdk\platform-tools\adb.exe -P 5037 -s emulator-5554 shell am start -W -n com.androidsample.generalstore/com.androidsample.generalstore.SplashActivity -S -a android.intent.action.MAIN -c android.intent.category.LAUNCHER -f 0x10200000'
[debug] &amp#27;[35m[ADB]&amp#27;[39m Waiting up to 20000ms for activity matching pkg: 'com.androidsample.generalstore' and activity: 'com.androidsample.generalstore.SplashActivity' to be focused
[debug] &amp#27;[35m[ADB]&amp#27;[39m Possible activities, to be checked: 'com.androidsample.generalstore.SplashActivity', 'com.androidsample.generalstore.com.androidsample.generalstore.SplashActivity'
[debug] &amp#27;[35m[ADB]&amp#27;[39m Getting focused package and activity
[debug] &amp#27;[35m[ADB]&amp#27;[39m Running 'C:\Users\son.pham\AppData\Local\Android\Sdk\platform-tools\adb.exe -P 5037 -s emulator-5554 shell dumpsys window windows'
[debug] &amp#27;[35m[ADB]&amp#27;[39m Found package: 'com.androidsample.generalstore' and fully qualified activity name : 'com.androidsample.generalstore.SplashActivity'
[debug] &amp#27;[35m[WD Proxy]&amp#27;[39m Proxying [GET /appium/device/pixel_ratio] to [GET http://127.0.0.1:8202/wd/hub/session/c7f23abd-5539-4639-b0b4-0676238dd8df/appium/device/pixel_ratio] with body: {}
[debug] &amp#27;[35m[WD Proxy]&amp#27;[39m Got response with status 200: {"sessionId":"c7f23abd-5539-4639-b0b4-0676238dd8df","value":2.625}
[debug] &amp#27;[35m[WD Proxy]&amp#27;[39m Matched '/appium/device/system_bars' to command name 'getSystemBars'
[debug] &amp#27;[35m[WD Proxy]&amp#27;[39m Proxying [GET /appium/device/system_bars] to [GET http://127.0.0.1:8202/wd/hub/session/c7f23abd-5539-4639-b0b4-0676238dd8df/appium/device/system_bars] with body: {}
[debug] &amp#27;[35m[WD Proxy]&amp#27;[39m Got response with status 200: {"sessionId":"c7f23abd-5539-4639-b0b4-0676238dd8df","value":{"statusBar":63}}
[debug] &amp#27;[35m[WD Proxy]&amp#27;[39m Matched '/window/current/size' to command name 'getWindowSize'
[debug] &amp#27;[35m[WD Proxy]&amp#27;[39m Proxying [GET /window/current/size] to [GET http://127.0.0.1:8202/wd/hub/session/c7f23abd-5539-4639-b0b4-0676238dd8df/window/current/size] with body: {}
[debug] &amp#27;[35m[WD Proxy]&amp#27;[39m Got response with status 200: {"sessionId":"c7f23abd-5539-4639-b0b4-0676238dd8df","value":{"height":1794,"width":1080}}
&amp#27;[35m[Appium]&amp#27;[39m New AndroidUiautomator2Driver session created successfully, session efbdbc48-920c-4e1f-af19-c8cc1db889e8 added to master session list
[debug] &amp#27;[35m[BaseDriver]&amp#27;[39m Event 'newSessionStarted' logged at 1593770114377 (16:55:14 GMT+0700 (Indochina Time))
[debug] &amp#27;[35m[W3C (efbdbc48)]&amp#27;[39m Cached the protocol value 'W3C' for the new session efbdbc48-920c-4e1f-af19-c8cc1db889e8
[debug] &amp#27;[35m[W3C (efbdbc48)]&amp#27;[39m Responding to client with driver.createSession() result: {"capabilities":{"platform":"LINUX","webStorageEnabled":false,"takesScreenshot":true,"javascriptEnabled":true,"databaseEnabled":false,"networkConnectionEnabled":true,"locationContextEnabled":false,"warnings":{},"desired":{"platformName":"android","app":"C:\\Users\\son.pham\\Test\\AppiumPramework\\src\\General-Store.apk","automationName":"uiautomator2","deviceName":"SON-PHONE","newCommandTimeout":14},"platformName":"android","app":"C:\\Users\\son.pham\\Test\\AppiumPramework\\src\\General-Store.apk","automationName":"uiautomator2","deviceName":"emulator-5554","newCommandTimeout":14,"deviceUDID":"emulator-5554","appPackage":"com.androidsample.generalstore","deviceApiLevel":28,"platformVersion":"9","deviceScreenSize":"1080x1920","deviceScreenDensity":420,"deviceModel":"AOSP on IA Emulator","deviceManufacturer":"Google","pixelRatio":2.625,"statBarHeight":63,"viewportRect":{"left":0,"top":63,"width":1080,"height":1731}}}
&amp#27;[35m[HTTP]&amp#27;[39m &amp#27;[37m<-- POST /wd/hub/session &amp#27;[39m&amp#27;[32m200&amp#27;[39m &amp#27;[90m9403 ms - 989&amp#27;[39m
&amp#27;[35m[HTTP]&amp#27;[39m &amp#27;[90m&amp#27;[39m
&amp#27;[35m[HTTP]&amp#27;[39m &amp#27;[37m-->&amp#27;[39m &amp#27;[37mPOST&amp#27;[39m &amp#27;[37m/wd/hub/session/efbdbc48-920c-4e1f-af19-c8cc1db889e8/timeouts&amp#27;[39m
&amp#27;[35m[HTTP]&amp#27;[39m &amp#27;[90m{"implicit":10000}&amp#27;[39m
[debug] &amp#27;[35m[W3C (efbdbc48)]&amp#27;[39m Calling AppiumDriver.timeouts() with args: [null,null,null,null,10000,"efbdbc48-920c-4e1f-af19-c8cc1db889e8"]
[debug] &amp#27;[35m[BaseDriver]&amp#27;[39m W3C timeout argument: {"implicit":10000}}
[debug] &amp#27;[35m[BaseDriver]&amp#27;[39m Set implicit wait to 10000ms
[debug] &amp#27;[35m[W3C (efbdbc48)]&amp#27;[39m Responding to client with driver.timeouts() result: null
&amp#27;[35m[HTTP]&amp#27;[39m &amp#27;[37m<-- POST /wd/hub/session/efbdbc48-920c-4e1f-af19-c8cc1db889e8/timeouts &amp#27;[39m&amp#27;[32m200&amp#27;[39m &amp#27;[90m5 ms - 14&amp#27;[39m
&amp#27;[35m[HTTP]&amp#27;[39m &amp#27;[90m&amp#27;[39m
trying to find the Name field
&amp#27;[35m[HTTP]&amp#27;[39m &amp#27;[37m-->&amp#27;[39m &amp#27;[37mGET&amp#27;[39m &amp#27;[37m/wd/hub/session/efbdbc48-920c-4e1f-af19-c8cc1db889e8/context&amp#27;[39m
&amp#27;[35m[HTTP]&amp#27;[39m &amp#27;[90m{}&amp#27;[39m
[debug] &amp#27;[35m[W3C (efbdbc48)]&amp#27;[39m Calling AppiumDriver.getCurrentContext() with args: ["efbdbc48-920c-4e1f-af19-c8cc1db889e8"]
[debug] &amp#27;[35m[W3C (efbdbc48)]&amp#27;[39m Responding to client with driver.getCurrentContext() result: "NATIVE_APP"
&amp#27;[35m[HTTP]&amp#27;[39m &amp#27;[37m<-- GET /wd/hub/session/efbdbc48-920c-4e1f-af19-c8cc1db889e8/context &amp#27;[39m&amp#27;[32m200&amp#27;[39m &amp#27;[90m8 ms - 22&amp#27;[39m
&amp#27;[35m[HTTP]&amp#27;[39m &amp#27;[90m&amp#27;[39m
&amp#27;[35m[HTTP]&amp#27;[39m &amp#27;[37m-->&amp#27;[39m &amp#27;[37mPOST&amp#27;[39m &amp#27;[37m/wd/hub/session/efbdbc48-920c-4e1f-af19-c8cc1db889e8/element&amp#27;[39m
&amp#27;[35m[HTTP]&amp#27;[39m &amp#27;[90m{"using":"id","value":"com.androidsample.generalstore:id/nameField"}&amp#27;[39m
[debug] &amp#27;[35m[W3C (efbdbc48)]&amp#27;[39m Calling AppiumDriver.findElement() with args: ["id","com.androidsample.generalstore:id/nameField","efbdbc48-920c-4e1f-af19-c8cc1db889e8"]
[debug] &amp#27;[35m[BaseDriver]&amp#27;[39m Valid locator strategies for this request: xpath, id, class name, accessibility id, -android uiautomator
[debug] &amp#27;[35m[BaseDriver]&amp#27;[39m Waiting up to 10000 ms for condition
[debug] &amp#27;[35m[WD Proxy]&amp#27;[39m Matched '/element' to command name 'findElement'
[debug] &amp#27;[35m[WD Proxy]&amp#27;[39m Proxying [POST /element] to [POST http://127.0.0.1:8202/wd/hub/session/c7f23abd-5539-4639-b0b4-0676238dd8df/element] with body: {"strategy":"id","selector":"com.androidsample.generalstore:id/nameField","context":"","multiple":false}
&amp#27;[35m[WD Proxy]&amp#27;[39m Got response with status 404: {"sessionId":"c7f23abd-5539-4639-b0b4-0676238dd8df","value":{"error":"no such element","message":"An element could not be located on the page using the given search parameters","stacktrace":"io.appium.uiautomator2.common.exceptions.ElementNotFoundException: An element could not be located on the page using the given search parameters\n\tat io.appium.uiautomator2.handler.FindElement.safeHandle(FindElement.java:78)\n\tat io.appium.uiautomator2.handler.request.SafeRequestHandler.handle(SafeRequestHandler.java:38)\n\tat io.appium.uiautomator2.server.AppiumServlet.handleRequest(AppiumServlet.java:252)\n\tat io.appium.uiautomator2.server.AppiumServlet.handleHttpRequest(AppiumServlet.java:242)\n\tat io.appium.uiautomator2.http.ServerHandler.channelRead(ServerHandler.java:51)\n\tat io.netty.channel.AbstractChannelHandlerContext.invokeChannelRead(AbstractChannelHandlerContext.java:366)\n\tat io.netty.channel.AbstractChannelHandlerContext.invokeChannelRead(AbstractChannelHandlerContext.java:352)\n\tat io.netty.chann...
[debug] &amp#27;[35m[W3C]&amp#27;[39m Matched W3C error code 'no such element' to NoSuchElementError
[debug] &amp#27;[35m[BaseDriver]&amp#27;[39m Waited for 354 ms so far
[debug] &amp#27;[35m[WD Proxy]&amp#27;[39m Matched '/element' to command name 'findElement'
[debug] &amp#27;[35m[WD Proxy]&amp#27;[39m Proxying [POST /element] to [POST http://127.0.0.1:8202/wd/hub/session/c7f23abd-5539-4639-b0b4-0676238dd8df/element] with body: {"strategy":"id","selector":"com.androidsample.generalstore:id/nameField","context":"","multiple":false}
&amp#27;[35m[WD Proxy]&amp#27;[39m Got response with status 404: {"sessionId":"c7f23abd-5539-4639-b0b4-0676238dd8df","value":{"error":"no such element","message":"An element could not be located on the page using the given search parameters","stacktrace":"io.appium.uiautomator2.common.exceptions.ElementNotFoundException: An element could not be located on the page using the given search parameters\n\tat io.appium.uiautomator2.handler.FindElement.safeHandle(FindElement.java:78)\n\tat io.appium.uiautomator2.handler.request.SafeRequestHandler.handle(SafeRequestHandler.java:38)\n\tat io.appium.uiautomator2.server.AppiumServlet.handleRequest(AppiumServlet.java:252)\n\tat io.appium.uiautomator2.server.AppiumServlet.handleHttpRequest(AppiumServlet.java:242)\n\tat io.appium.uiautomator2.http.ServerHandler.channelRead(ServerHandler.java:51)\n\tat io.netty.channel.AbstractChannelHandlerContext.invokeChannelRead(AbstractChannelHandlerContext.java:366)\n\tat io.netty.channel.AbstractChannelHandlerContext.invokeChannelRead(AbstractChannelHandlerContext.java:352)\n\tat io.netty.chann...
[debug] &amp#27;[35m[W3C]&amp#27;[39m Matched W3C error code 'no such element' to NoSuchElementError
[debug] &amp#27;[35m[BaseDriver]&amp#27;[39m Waited for 886 ms so far
[debug] &amp#27;[35m[WD Proxy]&amp#27;[39m Matched '/element' to command name 'findElement'
[debug] &amp#27;[35m[WD Proxy]&amp#27;[39m Proxying [POST /element] to [POST http://127.0.0.1:8202/wd/hub/session/c7f23abd-5539-4639-b0b4-0676238dd8df/element] with body: {"strategy":"id","selector":"com.androidsample.generalstore:id/nameField","context":"","multiple":false}
&amp#27;[35m[WD Proxy]&amp#27;[39m Got response with status 404: {"sessionId":"c7f23abd-5539-4639-b0b4-0676238dd8df","value":{"error":"no such element","message":"An element could not be located on the page using the given search parameters","stacktrace":"io.appium.uiautomator2.common.exceptions.ElementNotFoundException: An element could not be located on the page using the given search parameters\n\tat io.appium.uiautomator2.handler.FindElement.safeHandle(FindElement.java:78)\n\tat io.appium.uiautomator2.handler.request.SafeRequestHandler.handle(SafeRequestHandler.java:38)\n\tat io.appium.uiautomator2.server.AppiumServlet.handleRequest(AppiumServlet.java:252)\n\tat io.appium.uiautomator2.server.AppiumServlet.handleHttpRequest(AppiumServlet.java:242)\n\tat io.appium.uiautomator2.http.ServerHandler.channelRead(ServerHandler.java:51)\n\tat io.netty.channel.AbstractChannelHandlerContext.invokeChannelRead(AbstractChannelHandlerContext.java:366)\n\tat io.netty.channel.AbstractChannelHandlerContext.invokeChannelRead(AbstractChannelHandlerContext.java:352)\n\tat io.netty.chann...
[debug] &amp#27;[35m[W3C]&amp#27;[39m Matched W3C error code 'no such element' to NoSuchElementError
[debug] &amp#27;[35m[BaseDriver]&amp#27;[39m Waited for 1450 ms so far
[debug] &amp#27;[35m[WD Proxy]&amp#27;[39m Matched '/element' to command name 'findElement'
[debug] &amp#27;[35m[WD Proxy]&amp#27;[39m Proxying [POST /element] to [POST http://127.0.0.1:8202/wd/hub/session/c7f23abd-5539-4639-b0b4-0676238dd8df/element] with body: {"strategy":"id","selector":"com.androidsample.generalstore:id/nameField","context":"","multiple":false}
&amp#27;[35m[WD Proxy]&amp#27;[39m Got response with status 404: {"sessionId":"c7f23abd-5539-4639-b0b4-0676238dd8df","value":{"error":"no such element","message":"An element could not be located on the page using the given search parameters","stacktrace":"io.appium.uiautomator2.common.exceptions.ElementNotFoundException: An element could not be located on the page using the given search parameters\n\tat io.appium.uiautomator2.handler.FindElement.safeHandle(FindElement.java:78)\n\tat io.appium.uiautomator2.handler.request.SafeRequestHandler.handle(SafeRequestHandler.java:38)\n\tat io.appium.uiautomator2.server.AppiumServlet.handleRequest(AppiumServlet.java:252)\n\tat io.appium.uiautomator2.server.AppiumServlet.handleHttpRequest(AppiumServlet.java:242)\n\tat io.appium.uiautomator2.http.ServerHandler.channelRead(ServerHandler.java:51)\n\tat io.netty.channel.AbstractChannelHandlerContext.invokeChannelRead(AbstractChannelHandlerContext.java:366)\n\tat io.netty.channel.AbstractChannelHandlerContext.invokeChannelRead(AbstractChannelHandlerContext.java:352)\n\tat io.netty.chann...
[debug] &amp#27;[35m[W3C]&amp#27;[39m Matched W3C error code 'no such element' to NoSuchElementError
[debug] &amp#27;[35m[BaseDriver]&amp#27;[39m Waited for 2019 ms so far
[debug] &amp#27;[35m[WD Proxy]&amp#27;[39m Matched '/element' to command name 'findElement'
[debug] &amp#27;[35m[WD Proxy]&amp#27;[39m Proxying [POST /element] to [POST http://127.0.0.1:8202/wd/hub/session/c7f23abd-5539-4639-b0b4-0676238dd8df/element] with body: {"strategy":"id","selector":"com.androidsample.generalstore:id/nameField","context":"","multiple":false}
[debug] &amp#27;[35m[WD Proxy]&amp#27;[39m Got response with status 200: {"sessionId":"c7f23abd-5539-4639-b0b4-0676238dd8df","value":{"ELEMENT":"628cf206-3f44-448e-9ca5-27226b7eec60","element-6066-11e4-a52e-4f735466cecf":"628cf206-3f44-448e-9ca5-27226b7eec60"}}
[debug] &amp#27;[35m[W3C (efbdbc48)]&amp#27;[39m Responding to client with driver.findElement() result: {"element-6066-11e4-a52e-4f735466cecf":"628cf206-3f44-448e-9ca5-27226b7eec60","ELEMENT":"628cf206-3f44-448e-9ca5-27226b7eec60"}
&amp#27;[35m[HTTP]&amp#27;[39m &amp#27;[37m<-- POST /wd/hub/session/efbdbc48-920c-4e1f-af19-c8cc1db889e8/element &amp#27;[39m&amp#27;[32m200&amp#27;[39m &amp#27;[90m3509 ms - 137&amp#27;[39m
&amp#27;[35m[HTTP]&amp#27;[39m &amp#27;[90m&amp#27;[39m
&amp#27;[35m[HTTP]&amp#27;[39m &amp#27;[37m-->&amp#27;[39m &amp#27;[37mPOST&amp#27;[39m &amp#27;[37m/wd/hub/session/efbdbc48-920c-4e1f-af19-c8cc1db889e8/element/628cf206-3f44-448e-9ca5-27226b7eec60/value&amp#27;[39m
&amp#27;[35m[HTTP]&amp#27;[39m &amp#27;[90m{"id":"628cf206-3f44-448e-9ca5-27226b7eec60","text":"hello","value":["h","e","l","l","o"]}&amp#27;[39m
[debug] &amp#27;[35m[W3C (efbdbc48)]&amp#27;[39m Calling AppiumDriver.setValue() with args: [["h","e","l","l","o"],"628cf206-3f44-448e-9ca5-27226b7eec60","efbdbc48-920c-4e1f-af19-c8cc1db889e8"]
[debug] &amp#27;[35m[WD Proxy]&amp#27;[39m Matched '/element/628cf206-3f44-448e-9ca5-27226b7eec60/value' to command name 'setValue'
[debug] &amp#27;[35m[Protocol Converter]&amp#27;[39m Added 'value' property ["h","e","l","l","o"] to 'setValue' request body
[debug] &amp#27;[35m[WD Proxy]&amp#27;[39m Proxying [POST /element/628cf206-3f44-448e-9ca5-27226b7eec60/value] to [POST http://127.0.0.1:8202/wd/hub/session/c7f23abd-5539-4639-b0b4-0676238dd8df/element/628cf206-3f44-448e-9ca5-27226b7eec60/value] with body: {"elementId":"628cf206-3f44-448e-9ca5-27226b7eec60","text":"hello","replace":false,"value":["h","e","l","l","o"]}
[debug] &amp#27;[35m[WD Proxy]&amp#27;[39m Got response with status 200: {"sessionId":"c7f23abd-5539-4639-b0b4-0676238dd8df","value":null}
[debug] &amp#27;[35m[W3C (efbdbc48)]&amp#27;[39m Responding to client with driver.setValue() result: null
&amp#27;[35m[HTTP]&amp#27;[39m &amp#27;[37m<-- POST /wd/hub/session/efbdbc48-920c-4e1f-af19-c8cc1db889e8/element/628cf206-3f44-448e-9ca5-27226b7eec60/value &amp#27;[39m&amp#27;[32m200&amp#27;[39m &amp#27;[90m577 ms - 14&amp#27;[39m
&amp#27;[35m[HTTP]&amp#27;[39m &amp#27;[90m&amp#27;[39m
&amp#27;[35m[HTTP]&amp#27;[39m &amp#27;[37m-->&amp#27;[39m &amp#27;[37mPOST&amp#27;[39m &amp#27;[37m/wd/hub/session/efbdbc48-920c-4e1f-af19-c8cc1db889e8/appium/device/hide_keyboard&amp#27;[39m
&amp#27;[35m[HTTP]&amp#27;[39m &amp#27;[90m{}&amp#27;[39m
[debug] &amp#27;[35m[W3C (efbdbc48)]&amp#27;[39m Calling AppiumDriver.hideKeyboard() with args: [null,null,null,null,"efbdbc48-920c-4e1f-af19-c8cc1db889e8"]
[debug] &amp#27;[35m[ADB]&amp#27;[39m Running 'C:\Users\son.pham\AppData\Local\Android\Sdk\platform-tools\adb.exe -P 5037 -s emulator-5554 shell dumpsys input_method'
&amp#27;[35m[AndroidDriver]&amp#27;[39m Keyboard has no UI; no closing necessary
[debug] &amp#27;[35m[W3C (efbdbc48)]&amp#27;[39m Responding to client with driver.hideKeyboard() result: null
&amp#27;[35m[HTTP]&amp#27;[39m &amp#27;[37m<-- POST /wd/hub/session/efbdbc48-920c-4e1f-af19-c8cc1db889e8/appium/device/hide_keyboard &amp#27;[39m&amp#27;[32m200&amp#27;[39m &amp#27;[90m192 ms - 14&amp#27;[39m
&amp#27;[35m[HTTP]&amp#27;[39m &amp#27;[90m&amp#27;[39m
Selecting the female option
&amp#27;[35m[HTTP]&amp#27;[39m &amp#27;[37m-->&amp#27;[39m &amp#27;[37mGET&amp#27;[39m &amp#27;[37m/wd/hub/session/efbdbc48-920c-4e1f-af19-c8cc1db889e8/context&amp#27;[39m
&amp#27;[35m[HTTP]&amp#27;[39m &amp#27;[90m{}&amp#27;[39m
[debug] &amp#27;[35m[W3C (efbdbc48)]&amp#27;[39m Calling AppiumDriver.getCurrentContext() with args: ["efbdbc48-920c-4e1f-af19-c8cc1db889e8"]
[debug] &amp#27;[35m[W3C (efbdbc48)]&amp#27;[39m Responding to client with driver.getCurrentContext() result: "NATIVE_APP"
&amp#27;[35m[HTTP]&amp#27;[39m &amp#27;[37m<-- GET /wd/hub/session/efbdbc48-920c-4e1f-af19-c8cc1db889e8/context &amp#27;[39m&amp#27;[32m200&amp#27;[39m &amp#27;[90m2 ms - 22&amp#27;[39m
&amp#27;[35m[HTTP]&amp#27;[39m &amp#27;[90m&amp#27;[39m
&amp#27;[35m[HTTP]&amp#27;[39m &amp#27;[37m-->&amp#27;[39m &amp#27;[37mPOST&amp#27;[39m &amp#27;[37m/wd/hub/session/efbdbc48-920c-4e1f-af19-c8cc1db889e8/element&amp#27;[39m
&amp#27;[35m[HTTP]&amp#27;[39m &amp#27;[90m{"using":"xpath","value":"//*[@text='Female']"}&amp#27;[39m
[debug] &amp#27;[35m[W3C (efbdbc48)]&amp#27;[39m Calling AppiumDriver.findElement() with args: ["xpath","//*[@text='Female']","efbdbc48-920c-4e1f-af19-c8cc1db889e8"]
[debug] &amp#27;[35m[BaseDriver]&amp#27;[39m Valid locator strategies for this request: xpath, id, class name, accessibility id, -android uiautomator
[debug] &amp#27;[35m[BaseDriver]&amp#27;[39m Waiting up to 10000 ms for condition
[debug] &amp#27;[35m[WD Proxy]&amp#27;[39m Matched '/element' to command name 'findElement'
[debug] &amp#27;[35m[WD Proxy]&amp#27;[39m Proxying [POST /element] to [POST http://127.0.0.1:8202/wd/hub/session/c7f23abd-5539-4639-b0b4-0676238dd8df/element] with body: {"strategy":"xpath","selector":"//*[@text='Female']","context":"","multiple":false}
[debug] &amp#27;[35m[WD Proxy]&amp#27;[39m Got response with status 200: {"sessionId":"c7f23abd-5539-4639-b0b4-0676238dd8df","value":{"ELEMENT":"08e81726-d97d-4a8d-864d-4628d7c04eaf","element-6066-11e4-a52e-4f735466cecf":"08e81726-d97d-4a8d-864d-4628d7c04eaf"}}
[debug] &amp#27;[35m[W3C (efbdbc48)]&amp#27;[39m Responding to client with driver.findElement() result: {"element-6066-11e4-a52e-4f735466cecf":"08e81726-d97d-4a8d-864d-4628d7c04eaf","ELEMENT":"08e81726-d97d-4a8d-864d-4628d7c04eaf"}
&amp#27;[35m[HTTP]&amp#27;[39m &amp#27;[37m<-- POST /wd/hub/session/efbdbc48-920c-4e1f-af19-c8cc1db889e8/element &amp#27;[39m&amp#27;[32m200&amp#27;[39m &amp#27;[90m593 ms - 137&amp#27;[39m
&amp#27;[35m[HTTP]&amp#27;[39m &amp#27;[90m&amp#27;[39m
&amp#27;[35m[HTTP]&amp#27;[39m &amp#27;[37m-->&amp#27;[39m &amp#27;[37mPOST&amp#27;[39m &amp#27;[37m/wd/hub/session/efbdbc48-920c-4e1f-af19-c8cc1db889e8/element/08e81726-d97d-4a8d-864d-4628d7c04eaf/click&amp#27;[39m
&amp#27;[35m[HTTP]&amp#27;[39m &amp#27;[90m{"id":"08e81726-d97d-4a8d-864d-4628d7c04eaf"}&amp#27;[39m
[debug] &amp#27;[35m[W3C (efbdbc48)]&amp#27;[39m Calling AppiumDriver.click() with args: ["08e81726-d97d-4a8d-864d-4628d7c04eaf","efbdbc48-920c-4e1f-af19-c8cc1db889e8"]
[debug] &amp#27;[35m[WD Proxy]&amp#27;[39m Matched '/element/08e81726-d97d-4a8d-864d-4628d7c04eaf/click' to command name 'click'
[debug] &amp#27;[35m[WD Proxy]&amp#27;[39m Proxying [POST /element/08e81726-d97d-4a8d-864d-4628d7c04eaf/click] to [POST http://127.0.0.1:8202/wd/hub/session/c7f23abd-5539-4639-b0b4-0676238dd8df/element/08e81726-d97d-4a8d-864d-4628d7c04eaf/click] with body: {"element":"08e81726-d97d-4a8d-864d-4628d7c04eaf"}
[debug] &amp#27;[35m[WD Proxy]&amp#27;[39m Got response with status 200: {"sessionId":"c7f23abd-5539-4639-b0b4-0676238dd8df","value":null}
[debug] &amp#27;[35m[W3C (efbdbc48)]&amp#27;[39m Responding to client with driver.click() result: null
Selecting the option from dropdown
&amp#27;[35m[HTTP]&amp#27;[39m &amp#27;[37m<-- POST /wd/hub/session/efbdbc48-920c-4e1f-af19-c8cc1db889e8/element/08e81726-d97d-4a8d-864d-4628d7c04eaf/click &amp#27;[39m&amp#27;[32m200&amp#27;[39m &amp#27;[90m46 ms - 14&amp#27;[39m
&amp#27;[35m[HTTP]&amp#27;[39m &amp#27;[90m&amp#27;[39m
&amp#27;[35m[HTTP]&amp#27;[39m &amp#27;[37m-->&amp#27;[39m &amp#27;[37mGET&amp#27;[39m &amp#27;[37m/wd/hub/session/efbdbc48-920c-4e1f-af19-c8cc1db889e8/context&amp#27;[39m
&amp#27;[35m[HTTP]&amp#27;[39m &amp#27;[90m{}&amp#27;[39m
[debug] &amp#27;[35m[W3C (efbdbc48)]&amp#27;[39m Calling AppiumDriver.getCurrentContext() with args: ["efbdbc48-920c-4e1f-af19-c8cc1db889e8"]
[debug] &amp#27;[35m[W3C (efbdbc48)]&amp#27;[39m Responding to client with driver.getCurrentContext() result: "NATIVE_APP"
&amp#27;[35m[HTTP]&amp#27;[39m &amp#27;[37m<-- GET /wd/hub/session/efbdbc48-920c-4e1f-af19-c8cc1db889e8/context &amp#27;[39m&amp#27;[32m200&amp#27;[39m &amp#27;[90m1 ms - 22&amp#27;[39m
&amp#27;[35m[HTTP]&amp#27;[39m &amp#27;[90m&amp#27;[39m
&amp#27;[35m[HTTP]&amp#27;[39m &amp#27;[37m-->&amp#27;[39m &amp#27;[37mPOST&amp#27;[39m &amp#27;[37m/wd/hub/session/efbdbc48-920c-4e1f-af19-c8cc1db889e8/element&amp#27;[39m
&amp#27;[35m[HTTP]&amp#27;[39m &amp#27;[90m{"using":"id","value":"android:id/text1"}&amp#27;[39m
[debug] &amp#27;[35m[W3C (efbdbc48)]&amp#27;[39m Calling AppiumDriver.findElement() with args: ["id","android:id/text1","efbdbc48-920c-4e1f-af19-c8cc1db889e8"]
[debug] &amp#27;[35m[BaseDriver]&amp#27;[39m Valid locator strategies for this request: xpath, id, class name, accessibility id, -android uiautomator
[debug] &amp#27;[35m[BaseDriver]&amp#27;[39m Waiting up to 10000 ms for condition
[debug] &amp#27;[35m[WD Proxy]&amp#27;[39m Matched '/element' to command name 'findElement'
[debug] &amp#27;[35m[WD Proxy]&amp#27;[39m Proxying [POST /element] to [POST http://127.0.0.1:8202/wd/hub/session/c7f23abd-5539-4639-b0b4-0676238dd8df/element] with body: {"strategy":"id","selector":"android:id/text1","context":"","multiple":false}
[debug] &amp#27;[35m[WD Proxy]&amp#27;[39m Got response with status 200: {"sessionId":"c7f23abd-5539-4639-b0b4-0676238dd8df","value":{"ELEMENT":"941e5479-7be2-4dc2-aa22-fdd4ea905146","element-6066-11e4-a52e-4f735466cecf":"941e5479-7be2-4dc2-aa22-fdd4ea905146"}}
[debug] &amp#27;[35m[W3C (efbdbc48)]&amp#27;[39m Responding to client with driver.findElement() result: {"element-6066-11e4-a52e-4f735466cecf":"941e5479-7be2-4dc2-aa22-fdd4ea905146","ELEMENT":"941e5479-7be2-4dc2-aa22-fdd4ea905146"}
&amp#27;[35m[HTTP]&amp#27;[39m &amp#27;[37m<-- POST /wd/hub/session/efbdbc48-920c-4e1f-af19-c8cc1db889e8/element &amp#27;[39m&amp#27;[32m200&amp#27;[39m &amp#27;[90m583 ms - 137&amp#27;[39m
&amp#27;[35m[HTTP]&amp#27;[39m &amp#27;[90m&amp#27;[39m
&amp#27;[35m[HTTP]&amp#27;[39m &amp#27;[37m-->&amp#27;[39m &amp#27;[37mPOST&amp#27;[39m &amp#27;[37m/wd/hub/session/efbdbc48-920c-4e1f-af19-c8cc1db889e8/element/941e5479-7be2-4dc2-aa22-fdd4ea905146/click&amp#27;[39m
&amp#27;[35m[HTTP]&amp#27;[39m &amp#27;[90m{"id":"941e5479-7be2-4dc2-aa22-fdd4ea905146"}&amp#27;[39m
[debug] &amp#27;[35m[W3C (efbdbc48)]&amp#27;[39m Calling AppiumDriver.click() with args: ["941e5479-7be2-4dc2-aa22-fdd4ea905146","efbdbc48-920c-4e1f-af19-c8cc1db889e8"]
[debug] &amp#27;[35m[WD Proxy]&amp#27;[39m Matched '/element/941e5479-7be2-4dc2-aa22-fdd4ea905146/click' to command name 'click'
[debug] &amp#27;[35m[WD Proxy]&amp#27;[39m Proxying [POST /element/941e5479-7be2-4dc2-aa22-fdd4ea905146/click] to [POST http://127.0.0.1:8202/wd/hub/session/c7f23abd-5539-4639-b0b4-0676238dd8df/element/941e5479-7be2-4dc2-aa22-fdd4ea905146/click] with body: {"element":"941e5479-7be2-4dc2-aa22-fdd4ea905146"}
[debug] &amp#27;[35m[WD Proxy]&amp#27;[39m Got response with status 200: {"sessionId":"c7f23abd-5539-4639-b0b4-0676238dd8df","value":null}
[debug] &amp#27;[35m[W3C (efbdbc48)]&amp#27;[39m Responding to client with driver.click() result: null
&amp#27;[35m[HTTP]&amp#27;[39m &amp#27;[37m<-- POST /wd/hub/session/efbdbc48-920c-4e1f-af19-c8cc1db889e8/element/941e5479-7be2-4dc2-aa22-fdd4ea905146/click &amp#27;[39m&amp#27;[32m200&amp#27;[39m &amp#27;[90m63 ms - 14&amp#27;[39m
&amp#27;[35m[HTTP]&amp#27;[39m &amp#27;[90m&amp#27;[39m
&amp#27;[35m[HTTP]&amp#27;[39m &amp#27;[37m-->&amp#27;[39m &amp#27;[37mPOST&amp#27;[39m &amp#27;[37m/wd/hub/session/efbdbc48-920c-4e1f-af19-c8cc1db889e8/element&amp#27;[39m
&amp#27;[35m[HTTP]&amp#27;[39m &amp#27;[90m{"using":"-android uiautomator","value":"new UiScrollable(new UiSelector()).scrollIntoView(text(\"Argentina\"));"}&amp#27;[39m
[debug] &amp#27;[35m[W3C (efbdbc48)]&amp#27;[39m Calling AppiumDriver.findElement() with args: ["-android uiautomator","new UiScrollable(new UiSelector()).scrollIntoView(text(\"Argentina\"));","efbdbc48-920c-4e1f-af19-c8cc1db889e8"]
[debug] &amp#27;[35m[BaseDriver]&amp#27;[39m Valid locator strategies for this request: xpath, id, class name, accessibility id, -android uiautomator
[debug] &amp#27;[35m[BaseDriver]&amp#27;[39m Waiting up to 10000 ms for condition
[debug] &amp#27;[35m[WD Proxy]&amp#27;[39m Matched '/element' to command name 'findElement'
[debug] &amp#27;[35m[WD Proxy]&amp#27;[39m Proxying [POST /element] to [POST http://127.0.0.1:8202/wd/hub/session/c7f23abd-5539-4639-b0b4-0676238dd8df/element] with body: {"strategy":"-android uiautomator","selector":"new UiScrollable(new UiSelector()).scrollIntoView(text(\"Argentina\"));","context":"","multiple":false}
[debug] &amp#27;[35m[WD Proxy]&amp#27;[39m Got response with status 200: {"sessionId":"c7f23abd-5539-4639-b0b4-0676238dd8df","value":{"ELEMENT":"75340dfb-bbf1-413f-a707-fa60984f6630","element-6066-11e4-a52e-4f735466cecf":"75340dfb-bbf1-413f-a707-fa60984f6630"}}
[debug] &amp#27;[35m[W3C (efbdbc48)]&amp#27;[39m Responding to client with driver.findElement() result: {"element-6066-11e4-a52e-4f735466cecf":"75340dfb-bbf1-413f-a707-fa60984f6630","ELEMENT":"75340dfb-bbf1-413f-a707-fa60984f6630"}
&amp#27;[35m[HTTP]&amp#27;[39m &amp#27;[37m<-- POST /wd/hub/session/efbdbc48-920c-4e1f-af19-c8cc1db889e8/element &amp#27;[39m&amp#27;[32m200&amp#27;[39m &amp#27;[90m4671 ms - 137&amp#27;[39m
&amp#27;[35m[HTTP]&amp#27;[39m &amp#27;[90m&amp#27;[39m
&amp#27;[35m[HTTP]&amp#27;[39m &amp#27;[37m-->&amp#27;[39m &amp#27;[37mPOST&amp#27;[39m &amp#27;[37m/wd/hub/session/efbdbc48-920c-4e1f-af19-c8cc1db889e8/element&amp#27;[39m
&amp#27;[35m[HTTP]&amp#27;[39m &amp#27;[90m{"using":"xpath","value":"//*[@text='Argentina']"}&amp#27;[39m
[debug] &amp#27;[35m[W3C (efbdbc48)]&amp#27;[39m Calling AppiumDriver.findElement() with args: ["xpath","//*[@text='Argentina']","efbdbc48-920c-4e1f-af19-c8cc1db889e8"]
[debug] &amp#27;[35m[BaseDriver]&amp#27;[39m Valid locator strategies for this request: xpath, id, class name, accessibility id, -android uiautomator
[debug] &amp#27;[35m[BaseDriver]&amp#27;[39m Waiting up to 10000 ms for condition
[debug] &amp#27;[35m[WD Proxy]&amp#27;[39m Matched '/element' to command name 'findElement'
[debug] &amp#27;[35m[WD Proxy]&amp#27;[39m Proxying [POST /element] to [POST http://127.0.0.1:8202/wd/hub/session/c7f23abd-5539-4639-b0b4-0676238dd8df/element] with body: {"strategy":"xpath","selector":"//*[@text='Argentina']","context":"","multiple":false}
[debug] &amp#27;[35m[WD Proxy]&amp#27;[39m Got response with status 200: {"sessionId":"c7f23abd-5539-4639-b0b4-0676238dd8df","value":{"ELEMENT":"23a00162-64cf-4f77-b19a-9d8fbf82f97f","element-6066-11e4-a52e-4f735466cecf":"23a00162-64cf-4f77-b19a-9d8fbf82f97f"}}
[debug] &amp#27;[35m[W3C (efbdbc48)]&amp#27;[39m Responding to client with driver.findElement() result: {"element-6066-11e4-a52e-4f735466cecf":"23a00162-64cf-4f77-b19a-9d8fbf82f97f","ELEMENT":"23a00162-64cf-4f77-b19a-9d8fbf82f97f"}
&amp#27;[35m[HTTP]&amp#27;[39m &amp#27;[37m<-- POST /wd/hub/session/efbdbc48-920c-4e1f-af19-c8cc1db889e8/element &amp#27;[39m&amp#27;[32m200&amp#27;[39m &amp#27;[90m185 ms - 137&amp#27;[39m
&amp#27;[35m[HTTP]&amp#27;[39m &amp#27;[90m&amp#27;[39m
&amp#27;[35m[HTTP]&amp#27;[39m &amp#27;[37m-->&amp#27;[39m &amp#27;[37mPOST&amp#27;[39m &amp#27;[37m/wd/hub/session/efbdbc48-920c-4e1f-af19-c8cc1db889e8/element/23a00162-64cf-4f77-b19a-9d8fbf82f97f/click&amp#27;[39m
&amp#27;[35m[HTTP]&amp#27;[39m &amp#27;[90m{"id":"23a00162-64cf-4f77-b19a-9d8fbf82f97f"}&amp#27;[39m
[debug] &amp#27;[35m[W3C (efbdbc48)]&amp#27;[39m Calling AppiumDriver.click() with args: ["23a00162-64cf-4f77-b19a-9d8fbf82f97f","efbdbc48-920c-4e1f-af19-c8cc1db889e8"]
[debug] &amp#27;[35m[WD Proxy]&amp#27;[39m Matched '/element/23a00162-64cf-4f77-b19a-9d8fbf82f97f/click' to command name 'click'
[debug] &amp#27;[35m[WD Proxy]&amp#27;[39m Proxying [POST /element/23a00162-64cf-4f77-b19a-9d8fbf82f97f/click] to [POST http://127.0.0.1:8202/wd/hub/session/c7f23abd-5539-4639-b0b4-0676238dd8df/element/23a00162-64cf-4f77-b19a-9d8fbf82f97f/click] with body: {"element":"23a00162-64cf-4f77-b19a-9d8fbf82f97f"}
[debug] &amp#27;[35m[WD Proxy]&amp#27;[39m Got response with status 200: {"sessionId":"c7f23abd-5539-4639-b0b4-0676238dd8df","value":null}
[debug] &amp#27;[35m[W3C (efbdbc48)]&amp#27;[39m Responding to client with driver.click() result: null
&amp#27;[35m[HTTP]&amp#27;[39m &amp#27;[37m<-- POST /wd/hub/session/efbdbc48-920c-4e1f-af19-c8cc1db889e8/element/23a00162-64cf-4f77-b19a-9d8fbf82f97f/click &amp#27;[39m&amp#27;[32m200&amp#27;[39m &amp#27;[90m694 ms - 14&amp#27;[39m
&amp#27;[35m[HTTP]&amp#27;[39m &amp#27;[90m&amp#27;[39m
&amp#27;[35m[HTTP]&amp#27;[39m &amp#27;[37m-->&amp#27;[39m &amp#27;[37mPOST&amp#27;[39m &amp#27;[37m/wd/hub/session/efbdbc48-920c-4e1f-af19-c8cc1db889e8/element&amp#27;[39m
&amp#27;[35m[HTTP]&amp#27;[39m &amp#27;[90m{"using":"id","value":"com.androidsample.generalstore:id/btnLetsShop"}&amp#27;[39m
[debug] &amp#27;[35m[W3C (efbdbc48)]&amp#27;[39m Calling AppiumDriver.findElement() with args: ["id","com.androidsample.generalstore:id/btnLetsShop","efbdbc48-920c-4e1f-af19-c8cc1db889e8"]
[debug] &amp#27;[35m[BaseDriver]&amp#27;[39m Valid locator strategies for this request: xpath, id, class name, accessibility id, -android uiautomator
[debug] &amp#27;[35m[BaseDriver]&amp#27;[39m Waiting up to 10000 ms for condition
[debug] &amp#27;[35m[WD Proxy]&amp#27;[39m Matched '/element' to command name 'findElement'
[debug] &amp#27;[35m[WD Proxy]&amp#27;[39m Proxying [POST /element] to [POST http://127.0.0.1:8202/wd/hub/session/c7f23abd-5539-4639-b0b4-0676238dd8df/element] with body: {"strategy":"id","selector":"com.androidsample.generalstore:id/btnLetsShop","context":"","multiple":false}
[debug] &amp#27;[35m[WD Proxy]&amp#27;[39m Got response with status 200: {"sessionId":"c7f23abd-5539-4639-b0b4-0676238dd8df","value":{"ELEMENT":"8051ab8b-4648-4a27-a500-ca48f21c846d","element-6066-11e4-a52e-4f735466cecf":"8051ab8b-4648-4a27-a500-ca48f21c846d"}}
[debug] &amp#27;[35m[W3C (efbdbc48)]&amp#27;[39m Responding to client with driver.findElement() result: {"element-6066-11e4-a52e-4f735466cecf":"8051ab8b-4648-4a27-a500-ca48f21c846d","ELEMENT":"8051ab8b-4648-4a27-a500-ca48f21c846d"}
&amp#27;[35m[HTTP]&amp#27;[39m &amp#27;[37m<-- POST /wd/hub/session/efbdbc48-920c-4e1f-af19-c8cc1db889e8/element &amp#27;[39m&amp#27;[32m200&amp#27;[39m &amp#27;[90m42 ms - 137&amp#27;[39m
&amp#27;[35m[HTTP]&amp#27;[39m &amp#27;[90m&amp#27;[39m
&amp#27;[35m[HTTP]&amp#27;[39m &amp#27;[37m-->&amp#27;[39m &amp#27;[37mPOST&amp#27;[39m &amp#27;[37m/wd/hub/session/efbdbc48-920c-4e1f-af19-c8cc1db889e8/element/8051ab8b-4648-4a27-a500-ca48f21c846d/click&amp#27;[39m
&amp#27;[35m[HTTP]&amp#27;[39m &amp#27;[90m{"id":"8051ab8b-4648-4a27-a500-ca48f21c846d"}&amp#27;[39m
[debug] &amp#27;[35m[W3C (efbdbc48)]&amp#27;[39m Calling AppiumDriver.click() with args: ["8051ab8b-4648-4a27-a500-ca48f21c846d","efbdbc48-920c-4e1f-af19-c8cc1db889e8"]
[debug] &amp#27;[35m[WD Proxy]&amp#27;[39m Matched '/element/8051ab8b-4648-4a27-a500-ca48f21c846d/click' to command name 'click'
[debug] &amp#27;[35m[WD Proxy]&amp#27;[39m Proxying [POST /element/8051ab8b-4648-4a27-a500-ca48f21c846d/click] to [POST http://127.0.0.1:8202/wd/hub/session/c7f23abd-5539-4639-b0b4-0676238dd8df/element/8051ab8b-4648-4a27-a500-ca48f21c846d/click] with body: {"element":"8051ab8b-4648-4a27-a500-ca48f21c846d"}
[debug] &amp#27;[35m[WD Proxy]&amp#27;[39m Got response with status 200: {"sessionId":"c7f23abd-5539-4639-b0b4-0676238dd8df","value":null}
[debug] &amp#27;[35m[W3C (efbdbc48)]&amp#27;[39m Responding to client with driver.click() result: null
&amp#27;[35m[HTTP]&amp#27;[39m &amp#27;[37m<-- POST /wd/hub/session/efbdbc48-920c-4e1f-af19-c8cc1db889e8/element/8051ab8b-4648-4a27-a500-ca48f21c846d/click &amp#27;[39m&amp#27;[32m200&amp#27;[39m &amp#27;[90m46 ms - 14&amp#27;[39m
&amp#27;[35m[HTTP]&amp#27;[39m &amp#27;[90m&amp#27;[39m
&amp#27;[35m[HTTP]&amp#27;[39m &amp#27;[37m-->&amp#27;[39m &amp#27;[37mPOST&amp#27;[39m &amp#27;[37m/wd/hub/session/efbdbc48-920c-4e1f-af19-c8cc1db889e8/elements&amp#27;[39m
&amp#27;[35m[HTTP]&amp#27;[39m &amp#27;[90m{"using":"xpath","value":"//*[@text='ADD TO CART']"}&amp#27;[39m
[debug] &amp#27;[35m[W3C (efbdbc48)]&amp#27;[39m Calling AppiumDriver.findElements() with args: ["xpath","//*[@text='ADD TO CART']","efbdbc48-920c-4e1f-af19-c8cc1db889e8"]
[debug] &amp#27;[35m[BaseDriver]&amp#27;[39m Valid locator strategies for this request: xpath, id, class name, accessibility id, -android uiautomator
[debug] &amp#27;[35m[BaseDriver]&amp#27;[39m Waiting up to 10000 ms for condition
[debug] &amp#27;[35m[WD Proxy]&amp#27;[39m Matched '/elements' to command name 'findElements'
[debug] &amp#27;[35m[WD Proxy]&amp#27;[39m Proxying [POST /elements] to [POST http://127.0.0.1:8202/wd/hub/session/c7f23abd-5539-4639-b0b4-0676238dd8df/elements] with body: {"strategy":"xpath","selector":"//*[@text='ADD TO CART']","context":"","multiple":true}
[debug] &amp#27;[35m[WD Proxy]&amp#27;[39m Got response with status 200: {"sessionId":"c7f23abd-5539-4639-b0b4-0676238dd8df","value":[]}
[debug] &amp#27;[35m[BaseDriver]&amp#27;[39m Waited for 634 ms so far
[debug] &amp#27;[35m[WD Proxy]&amp#27;[39m Matched '/elements' to command name 'findElements'
[debug] &amp#27;[35m[WD Proxy]&amp#27;[39m Proxying [POST /elements] to [POST http://127.0.0.1:8202/wd/hub/session/c7f23abd-5539-4639-b0b4-0676238dd8df/elements] with body: {"strategy":"xpath","selector":"//*[@text='ADD TO CART']","context":"","multiple":true}
[debug] &amp#27;[35m[WD Proxy]&amp#27;[39m Got response with status 200: {"sessionId":"c7f23abd-5539-4639-b0b4-0676238dd8df","value":[{"ELEMENT":"24f24e00-5d7f-4a95-a57d-06cb062f9ffa","element-6066-11e4-a52e-4f735466cecf":"24f24e00-5d7f-4a95-a57d-06cb062f9ffa"},{"ELEMENT":"662ded00-ad2d-41ec-b0e2-1e7cfcf5bb5e","element-6066-11e4-a52e-4f735466cecf":"662ded00-ad2d-41ec-b0e2-1e7cfcf5bb5e"}]}
[debug] &amp#27;[35m[W3C (efbdbc48)]&amp#27;[39m Responding to client with driver.findElements() result: [{"element-6066-11e4-a52e-4f735466cecf":"24f24e00-5d7f-4a95-a57d-06cb062f9ffa","ELEMENT":"24f24e00-5d7f-4a95-a57d-06cb062f9ffa"},{"element-6066-11e4-a52e-4f735466cecf":"662ded00-ad2d-41ec-b0e2-1e7cfcf5bb5e","ELEMENT":"662ded00-ad2d-41ec-b0e2-1e7cfcf5bb5e"}]
&amp#27;[35m[HTTP]&amp#27;[39m &amp#27;[37m<-- POST /wd/hub/session/efbdbc48-920c-4e1f-af19-c8cc1db889e8/elements &amp#27;[39m&amp#27;[32m200&amp#27;[39m &amp#27;[90m1454 ms - 267&amp#27;[39m
&amp#27;[35m[HTTP]&amp#27;[39m &amp#27;[90m&amp#27;[39m
&amp#27;[35m[HTTP]&amp#27;[39m &amp#27;[37m-->&amp#27;[39m &amp#27;[37mPOST&amp#27;[39m &amp#27;[37m/wd/hub/session/efbdbc48-920c-4e1f-af19-c8cc1db889e8/element/24f24e00-5d7f-4a95-a57d-06cb062f9ffa/click&amp#27;[39m
&amp#27;[35m[HTTP]&amp#27;[39m &amp#27;[90m{"id":"24f24e00-5d7f-4a95-a57d-06cb062f9ffa"}&amp#27;[39m
[debug] &amp#27;[35m[W3C (efbdbc48)]&amp#27;[39m Calling AppiumDriver.click() with args: ["24f24e00-5d7f-4a95-a57d-06cb062f9ffa","efbdbc48-920c-4e1f-af19-c8cc1db889e8"]
[debug] &amp#27;[35m[WD Proxy]&amp#27;[39m Matched '/element/24f24e00-5d7f-4a95-a57d-06cb062f9ffa/click' to command name 'click'
[debug] &amp#27;[35m[WD Proxy]&amp#27;[39m Proxying [POST /element/24f24e00-5d7f-4a95-a57d-06cb062f9ffa/click] to [POST http://127.0.0.1:8202/wd/hub/session/c7f23abd-5539-4639-b0b4-0676238dd8df/element/24f24e00-5d7f-4a95-a57d-06cb062f9ffa/click] with body: {"element":"24f24e00-5d7f-4a95-a57d-06cb062f9ffa"}
[debug] &amp#27;[35m[WD Proxy]&amp#27;[39m Got response with status 200: {"sessionId":"c7f23abd-5539-4639-b0b4-0676238dd8df","value":null}
[debug] &amp#27;[35m[W3C (efbdbc48)]&amp#27;[39m Responding to client with driver.click() result: null
&amp#27;[35m[HTTP]&amp#27;[39m &amp#27;[37m<-- POST /wd/hub/session/efbdbc48-920c-4e1f-af19-c8cc1db889e8/element/24f24e00-5d7f-4a95-a57d-06cb062f9ffa/click &amp#27;[39m&amp#27;[32m200&amp#27;[39m &amp#27;[90m48 ms - 14&amp#27;[39m
&amp#27;[35m[HTTP]&amp#27;[39m &amp#27;[90m&amp#27;[39m
&amp#27;[35m[HTTP]&amp#27;[39m &amp#27;[37m-->&amp#27;[39m &amp#27;[37mPOST&amp#27;[39m &amp#27;[37m/wd/hub/session/efbdbc48-920c-4e1f-af19-c8cc1db889e8/elements&amp#27;[39m
&amp#27;[35m[HTTP]&amp#27;[39m &amp#27;[90m{"using":"xpath","value":"//*[@text='ADD TO CART']"}&amp#27;[39m
[debug] &amp#27;[35m[W3C (efbdbc48)]&amp#27;[39m Calling AppiumDriver.findElements() with args: ["xpath","//*[@text='ADD TO CART']","efbdbc48-920c-4e1f-af19-c8cc1db889e8"]
[debug] &amp#27;[35m[BaseDriver]&amp#27;[39m Valid locator strategies for this request: xpath, id, class name, accessibility id, -android uiautomator
[debug] &amp#27;[35m[BaseDriver]&amp#27;[39m Waiting up to 10000 ms for condition
[debug] &amp#27;[35m[WD Proxy]&amp#27;[39m Matched '/elements' to command name 'findElements'
[debug] &amp#27;[35m[WD Proxy]&amp#27;[39m Proxying [POST /elements] to [POST http://127.0.0.1:8202/wd/hub/session/c7f23abd-5539-4639-b0b4-0676238dd8df/elements] with body: {"strategy":"xpath","selector":"//*[@text='ADD TO CART']","context":"","multiple":true}
[debug] &amp#27;[35m[WD Proxy]&amp#27;[39m Got response with status 200: {"sessionId":"c7f23abd-5539-4639-b0b4-0676238dd8df","value":[{"ELEMENT":"3ed93a68-5c39-49b9-8967-1f7ba599bb3d","element-6066-11e4-a52e-4f735466cecf":"3ed93a68-5c39-49b9-8967-1f7ba599bb3d"}]}
[debug] &amp#27;[35m[W3C (efbdbc48)]&amp#27;[39m Responding to client with driver.findElements() result: [{"element-6066-11e4-a52e-4f735466cecf":"3ed93a68-5c39-49b9-8967-1f7ba599bb3d","ELEMENT":"3ed93a68-5c39-49b9-8967-1f7ba599bb3d"}]
&amp#27;[35m[HTTP]&amp#27;[39m &amp#27;[37m<-- POST /wd/hub/session/efbdbc48-920c-4e1f-af19-c8cc1db889e8/elements &amp#27;[39m&amp#27;[32m200&amp#27;[39m &amp#27;[90m664 ms - 139&amp#27;[39m
&amp#27;[35m[HTTP]&amp#27;[39m &amp#27;[90m&amp#27;[39m
&amp#27;[35m[HTTP]&amp#27;[39m &amp#27;[37m-->&amp#27;[39m &amp#27;[37mPOST&amp#27;[39m &amp#27;[37m/wd/hub/session/efbdbc48-920c-4e1f-af19-c8cc1db889e8/element/3ed93a68-5c39-49b9-8967-1f7ba599bb3d/click&amp#27;[39m
&amp#27;[35m[HTTP]&amp#27;[39m &amp#27;[90m{"id":"3ed93a68-5c39-49b9-8967-1f7ba599bb3d"}&amp#27;[39m
[debug] &amp#27;[35m[W3C (efbdbc48)]&amp#27;[39m Calling AppiumDriver.click() with args: ["3ed93a68-5c39-49b9-8967-1f7ba599bb3d","efbdbc48-920c-4e1f-af19-c8cc1db889e8"]
[debug] &amp#27;[35m[WD Proxy]&amp#27;[39m Matched '/element/3ed93a68-5c39-49b9-8967-1f7ba599bb3d/click' to command name 'click'
[debug] &amp#27;[35m[WD Proxy]&amp#27;[39m Proxying [POST /element/3ed93a68-5c39-49b9-8967-1f7ba599bb3d/click] to [POST http://127.0.0.1:8202/wd/hub/session/c7f23abd-5539-4639-b0b4-0676238dd8df/element/3ed93a68-5c39-49b9-8967-1f7ba599bb3d/click] with body: {"element":"3ed93a68-5c39-49b9-8967-1f7ba599bb3d"}
[debug] &amp#27;[35m[WD Proxy]&amp#27;[39m Got response with status 200: {"sessionId":"c7f23abd-5539-4639-b0b4-0676238dd8df","value":null}
[debug] &amp#27;[35m[W3C (efbdbc48)]&amp#27;[39m Responding to client with driver.click() result: null
&amp#27;[35m[HTTP]&amp#27;[39m &amp#27;[37m<-- POST /wd/hub/session/efbdbc48-920c-4e1f-af19-c8cc1db889e8/element/3ed93a68-5c39-49b9-8967-1f7ba599bb3d/click &amp#27;[39m&amp#27;[32m200&amp#27;[39m &amp#27;[90m53 ms - 14&amp#27;[39m
&amp#27;[35m[HTTP]&amp#27;[39m &amp#27;[90m&amp#27;[39m
&amp#27;[35m[HTTP]&amp#27;[39m &amp#27;[37m-->&amp#27;[39m &amp#27;[37mPOST&amp#27;[39m &amp#27;[37m/wd/hub/session/efbdbc48-920c-4e1f-af19-c8cc1db889e8/element&amp#27;[39m
&amp#27;[35m[HTTP]&amp#27;[39m &amp#27;[90m{"using":"id","value":"com.androidsample.generalstore:id/appbar_btn_cart"}&amp#27;[39m
[debug] &amp#27;[35m[W3C (efbdbc48)]&amp#27;[39m Calling AppiumDriver.findElement() with args: ["id","com.androidsample.generalstore:id/appbar_btn_cart","efbdbc48-920c-4e1f-af19-c8cc1db889e8"]
[debug] &amp#27;[35m[BaseDriver]&amp#27;[39m Valid locator strategies for this request: xpath, id, class name, accessibility id, -android uiautomator
[debug] &amp#27;[35m[BaseDriver]&amp#27;[39m Waiting up to 10000 ms for condition
[debug] &amp#27;[35m[WD Proxy]&amp#27;[39m Matched '/element' to command name 'findElement'
[debug] &amp#27;[35m[WD Proxy]&amp#27;[39m Proxying [POST /element] to [POST http://127.0.0.1:8202/wd/hub/session/c7f23abd-5539-4639-b0b4-0676238dd8df/element] with body: {"strategy":"id","selector":"com.androidsample.generalstore:id/appbar_btn_cart","context":"","multiple":false}
[debug] &amp#27;[35m[WD Proxy]&amp#27;[39m Got response with status 200: {"sessionId":"c7f23abd-5539-4639-b0b4-0676238dd8df","value":{"ELEMENT":"51d15245-f90f-4191-990d-8b75fc986883","element-6066-11e4-a52e-4f735466cecf":"51d15245-f90f-4191-990d-8b75fc986883"}}
[debug] &amp#27;[35m[W3C (efbdbc48)]&amp#27;[39m Responding to client with driver.findElement() result: {"element-6066-11e4-a52e-4f735466cecf":"51d15245-f90f-4191-990d-8b75fc986883","ELEMENT":"51d15245-f90f-4191-990d-8b75fc986883"}
&amp#27;[35m[HTTP]&amp#27;[39m &amp#27;[37m<-- POST /wd/hub/session/efbdbc48-920c-4e1f-af19-c8cc1db889e8/element &amp#27;[39m&amp#27;[32m200&amp#27;[39m &amp#27;[90m536 ms - 137&amp#27;[39m
&amp#27;[35m[HTTP]&amp#27;[39m &amp#27;[90m&amp#27;[39m
&amp#27;[35m[HTTP]&amp#27;[39m &amp#27;[37m-->&amp#27;[39m &amp#27;[37mPOST&amp#27;[39m &amp#27;[37m/wd/hub/session/efbdbc48-920c-4e1f-af19-c8cc1db889e8/element/51d15245-f90f-4191-990d-8b75fc986883/click&amp#27;[39m
&amp#27;[35m[HTTP]&amp#27;[39m &amp#27;[90m{"id":"51d15245-f90f-4191-990d-8b75fc986883"}&amp#27;[39m
[debug] &amp#27;[35m[W3C (efbdbc48)]&amp#27;[39m Calling AppiumDriver.click() with args: ["51d15245-f90f-4191-990d-8b75fc986883","efbdbc48-920c-4e1f-af19-c8cc1db889e8"]
[debug] &amp#27;[35m[WD Proxy]&amp#27;[39m Matched '/element/51d15245-f90f-4191-990d-8b75fc986883/click' to command name 'click'
[debug] &amp#27;[35m[WD Proxy]&amp#27;[39m Proxying [POST /element/51d15245-f90f-4191-990d-8b75fc986883/click] to [POST http://127.0.0.1:8202/wd/hub/session/c7f23abd-5539-4639-b0b4-0676238dd8df/element/51d15245-f90f-4191-990d-8b75fc986883/click] with body: {"element":"51d15245-f90f-4191-990d-8b75fc986883"}
[debug] &amp#27;[35m[WD Proxy]&amp#27;[39m Got response with status 200: {"sessionId":"c7f23abd-5539-4639-b0b4-0676238dd8df","value":null}
[debug] &amp#27;[35m[W3C (efbdbc48)]&amp#27;[39m Responding to client with driver.click() result: null
&amp#27;[35m[HTTP]&amp#27;[39m &amp#27;[37m<-- POST /wd/hub/session/efbdbc48-920c-4e1f-af19-c8cc1db889e8/element/51d15245-f90f-4191-990d-8b75fc986883/click &amp#27;[39m&amp#27;[32m200&amp#27;[39m &amp#27;[90m50 ms - 14&amp#27;[39m
&amp#27;[35m[HTTP]&amp#27;[39m &amp#27;[90m&amp#27;[39m
&amp#27;[35m[HTTP]&amp#27;[39m &amp#27;[37m-->&amp#27;[39m &amp#27;[37mPOST&amp#27;[39m &amp#27;[37m/wd/hub/session/efbdbc48-920c-4e1f-af19-c8cc1db889e8/elements&amp#27;[39m
&amp#27;[35m[HTTP]&amp#27;[39m &amp#27;[90m{"using":"id","value":"com.androidsample.generalstore:id/productPrice"}&amp#27;[39m
[debug] &amp#27;[35m[W3C (efbdbc48)]&amp#27;[39m Calling AppiumDriver.findElements() with args: ["id","com.androidsample.generalstore:id/productPrice","efbdbc48-920c-4e1f-af19-c8cc1db889e8"]
[debug] &amp#27;[35m[BaseDriver]&amp#27;[39m Valid locator strategies for this request: xpath, id, class name, accessibility id, -android uiautomator
[debug] &amp#27;[35m[BaseDriver]&amp#27;[39m Waiting up to 10000 ms for condition
[debug] &amp#27;[35m[WD Proxy]&amp#27;[39m Matched '/elements' to command name 'findElements'
[debug] &amp#27;[35m[WD Proxy]&amp#27;[39m Proxying [POST /elements] to [POST http://127.0.0.1:8202/wd/hub/session/c7f23abd-5539-4639-b0b4-0676238dd8df/elements] with body: {"strategy":"id","selector":"com.androidsample.generalstore:id/productPrice","context":"","multiple":true}
[debug] &amp#27;[35m[WD Proxy]&amp#27;[39m Got response with status 200: {"sessionId":"c7f23abd-5539-4639-b0b4-0676238dd8df","value":[{"ELEMENT":"571ad2c2-b0b0-4290-a328-ac9c710528c0","element-6066-11e4-a52e-4f735466cecf":"571ad2c2-b0b0-4290-a328-ac9c710528c0"},{"ELEMENT":"ba8ee0f1-f3fc-4b30-8e6c-88455b7828ac","element-6066-11e4-a52e-4f735466cecf":"ba8ee0f1-f3fc-4b30-8e6c-88455b7828ac"}]}
[debug] &amp#27;[35m[W3C (efbdbc48)]&amp#27;[39m Responding to client with driver.findElements() result: [{"element-6066-11e4-a52e-4f735466cecf":"571ad2c2-b0b0-4290-a328-ac9c710528c0","ELEMENT":"571ad2c2-b0b0-4290-a328-ac9c710528c0"},{"element-6066-11e4-a52e-4f735466cecf":"ba8ee0f1-f3fc-4b30-8e6c-88455b7828ac","ELEMENT":"ba8ee0f1-f3fc-4b30-8e6c-88455b7828ac"}]
&amp#27;[35m[HTTP]&amp#27;[39m &amp#27;[37m<-- POST /wd/hub/session/efbdbc48-920c-4e1f-af19-c8cc1db889e8/elements &amp#27;[39m&amp#27;[32m200&amp#27;[39m &amp#27;[90m60 ms - 267&amp#27;[39m
&amp#27;[35m[HTTP]&amp#27;[39m &amp#27;[90m&amp#27;[39m
&amp#27;[35m[HTTP]&amp#27;[39m &amp#27;[37m-->&amp#27;[39m &amp#27;[37mGET&amp#27;[39m &amp#27;[37m/wd/hub/session/efbdbc48-920c-4e1f-af19-c8cc1db889e8/context&amp#27;[39m
&amp#27;[35m[HTTP]&amp#27;[39m &amp#27;[90m{}&amp#27;[39m
[debug] &amp#27;[35m[W3C (efbdbc48)]&amp#27;[39m Calling AppiumDriver.getCurrentContext() with args: ["efbdbc48-920c-4e1f-af19-c8cc1db889e8"]
[debug] &amp#27;[35m[W3C (efbdbc48)]&amp#27;[39m Responding to client with driver.getCurrentContext() result: "NATIVE_APP"
&amp#27;[35m[HTTP]&amp#27;[39m &amp#27;[37m<-- GET /wd/hub/session/efbdbc48-920c-4e1f-af19-c8cc1db889e8/context &amp#27;[39m&amp#27;[32m200&amp#27;[39m &amp#27;[90m4 ms - 22&amp#27;[39m
&amp#27;[35m[HTTP]&amp#27;[39m &amp#27;[90m&amp#27;[39m
&amp#27;[35m[HTTP]&amp#27;[39m &amp#27;[37m-->&amp#27;[39m &amp#27;[37mPOST&amp#27;[39m &amp#27;[37m/wd/hub/session/efbdbc48-920c-4e1f-af19-c8cc1db889e8/elements&amp#27;[39m
&amp#27;[35m[HTTP]&amp#27;[39m &amp#27;[90m{"using":"id","value":"com.androidsample.generalstore:id/productPrice"}&amp#27;[39m
[debug] &amp#27;[35m[W3C (efbdbc48)]&amp#27;[39m Calling AppiumDriver.findElements() with args: ["id","com.androidsample.generalstore:id/productPrice","efbdbc48-920c-4e1f-af19-c8cc1db889e8"]
[debug] &amp#27;[35m[BaseDriver]&amp#27;[39m Valid locator strategies for this request: xpath, id, class name, accessibility id, -android uiautomator
[debug] &amp#27;[35m[BaseDriver]&amp#27;[39m Waiting up to 10000 ms for condition
[debug] &amp#27;[35m[WD Proxy]&amp#27;[39m Matched '/elements' to command name 'findElements'
[debug] &amp#27;[35m[WD Proxy]&amp#27;[39m Proxying [POST /elements] to [POST http://127.0.0.1:8202/wd/hub/session/c7f23abd-5539-4639-b0b4-0676238dd8df/elements] with body: {"strategy":"id","selector":"com.androidsample.generalstore:id/productPrice","context":"","multiple":true}
[debug] &amp#27;[35m[WD Proxy]&amp#27;[39m Got response with status 200: {"sessionId":"c7f23abd-5539-4639-b0b4-0676238dd8df","value":[{"ELEMENT":"0c76cb53-e787-4ace-872e-6f6f3928b0b7","element-6066-11e4-a52e-4f735466cecf":"0c76cb53-e787-4ace-872e-6f6f3928b0b7"},{"ELEMENT":"3065a345-a27a-49e3-8534-4b9c3bbd8ab5","element-6066-11e4-a52e-4f735466cecf":"3065a345-a27a-49e3-8534-4b9c3bbd8ab5"}]}
[debug] &amp#27;[35m[W3C (efbdbc48)]&amp#27;[39m Responding to client with driver.findElements() result: [{"element-6066-11e4-a52e-4f735466cecf":"0c76cb53-e787-4ace-872e-6f6f3928b0b7","ELEMENT":"0c76cb53-e787-4ace-872e-6f6f3928b0b7"},{"element-6066-11e4-a52e-4f735466cecf":"3065a345-a27a-49e3-8534-4b9c3bbd8ab5","ELEMENT":"3065a345-a27a-49e3-8534-4b9c3bbd8ab5"}]
&amp#27;[35m[HTTP]&amp#27;[39m &amp#27;[37m<-- POST /wd/hub/session/efbdbc48-920c-4e1f-af19-c8cc1db889e8/elements &amp#27;[39m&amp#27;[32m200&amp#27;[39m &amp#27;[90m42 ms - 267&amp#27;[39m
&amp#27;[35m[HTTP]&amp#27;[39m &amp#27;[90m&amp#27;[39m
&amp#27;[35m[HTTP]&amp#27;[39m &amp#27;[37m-->&amp#27;[39m &amp#27;[37mGET&amp#27;[39m &amp#27;[37m/wd/hub/session/efbdbc48-920c-4e1f-af19-c8cc1db889e8/element/0c76cb53-e787-4ace-872e-6f6f3928b0b7/text&amp#27;[39m
&amp#27;[35m[HTTP]&amp#27;[39m &amp#27;[90m{}&amp#27;[39m
&amp#27;[35m[W3C (efbdbc48)]&amp#27;[39m Driver proxy active, passing request on via HTTP proxy
[debug] &amp#27;[35m[WD Proxy]&amp#27;[39m Matched '/wd/hub/session/efbdbc48-920c-4e1f-af19-c8cc1db889e8/element/0c76cb53-e787-4ace-872e-6f6f3928b0b7/text' to command name 'getText'
[debug] &amp#27;[35m[WD Proxy]&amp#27;[39m Proxying [GET /wd/hub/session/efbdbc48-920c-4e1f-af19-c8cc1db889e8/element/0c76cb53-e787-4ace-872e-6f6f3928b0b7/text] to [GET http://127.0.0.1:8202/wd/hub/session/c7f23abd-5539-4639-b0b4-0676238dd8df/element/0c76cb53-e787-4ace-872e-6f6f3928b0b7/text] with body: {}
[debug] &amp#27;[35m[WD Proxy]&amp#27;[39m Got response with status 200: {"sessionId":"c7f23abd-5539-4639-b0b4-0676238dd8df","value":"$160.97"}
&amp#27;[35m[WD Proxy]&amp#27;[39m Replacing sessionId c7f23abd-5539-4639-b0b4-0676238dd8df with efbdbc48-920c-4e1f-af19-c8cc1db889e8
&amp#27;[35m[HTTP]&amp#27;[39m &amp#27;[37m<-- GET /wd/hub/session/efbdbc48-920c-4e1f-af19-c8cc1db889e8/element/0c76cb53-e787-4ace-872e-6f6f3928b0b7/text &amp#27;[39m&amp#27;[32m200&amp#27;[39m &amp#27;[90m23 ms - 70&amp#27;[39m
&amp#27;[35m[HTTP]&amp#27;[39m &amp#27;[90m&amp#27;[39m
&amp#27;[35m[HTTP]&amp#27;[39m &amp#27;[37m-->&amp#27;[39m &amp#27;[37mGET&amp#27;[39m &amp#27;[37m/wd/hub/session/efbdbc48-920c-4e1f-af19-c8cc1db889e8/context&amp#27;[39m
&amp#27;[35m[HTTP]&amp#27;[39m &amp#27;[90m{}&amp#27;[39m
[debug] &amp#27;[35m[W3C (efbdbc48)]&amp#27;[39m Calling AppiumDriver.getCurrentContext() with args: ["efbdbc48-920c-4e1f-af19-c8cc1db889e8"]
[debug] &amp#27;[35m[W3C (efbdbc48)]&amp#27;[39m Responding to client with driver.getCurrentContext() result: "NATIVE_APP"
&amp#27;[35m[HTTP]&amp#27;[39m &amp#27;[37m<-- GET /wd/hub/session/efbdbc48-920c-4e1f-af19-c8cc1db889e8/context &amp#27;[39m&amp#27;[32m200&amp#27;[39m &amp#27;[90m1 ms - 22&amp#27;[39m
&amp#27;[35m[HTTP]&amp#27;[39m &amp#27;[90m&amp#27;[39m
&amp#27;[35m[HTTP]&amp#27;[39m &amp#27;[37m-->&amp#27;[39m &amp#27;[37mPOST&amp#27;[39m &amp#27;[37m/wd/hub/session/efbdbc48-920c-4e1f-af19-c8cc1db889e8/elements&amp#27;[39m
&amp#27;[35m[HTTP]&amp#27;[39m &amp#27;[90m{"using":"id","value":"com.androidsample.generalstore:id/productPrice"}&amp#27;[39m
[debug] &amp#27;[35m[W3C (efbdbc48)]&amp#27;[39m Calling AppiumDriver.findElements() with args: ["id","com.androidsample.generalstore:id/productPrice","efbdbc48-920c-4e1f-af19-c8cc1db889e8"]
[debug] &amp#27;[35m[BaseDriver]&amp#27;[39m Valid locator strategies for this request: xpath, id, class name, accessibility id, -android uiautomator
[debug] &amp#27;[35m[BaseDriver]&amp#27;[39m Waiting up to 10000 ms for condition
[debug] &amp#27;[35m[WD Proxy]&amp#27;[39m Matched '/elements' to command name 'findElements'
[debug] &amp#27;[35m[WD Proxy]&amp#27;[39m Proxying [POST /elements] to [POST http://127.0.0.1:8202/wd/hub/session/c7f23abd-5539-4639-b0b4-0676238dd8df/elements] with body: {"strategy":"id","selector":"com.androidsample.generalstore:id/productPrice","context":"","multiple":true}
[debug] &amp#27;[35m[WD Proxy]&amp#27;[39m Got response with status 200: {"sessionId":"c7f23abd-5539-4639-b0b4-0676238dd8df","value":[{"ELEMENT":"a3c89004-ab83-44ea-bf79-efaa9b200195","element-6066-11e4-a52e-4f735466cecf":"a3c89004-ab83-44ea-bf79-efaa9b200195"},{"ELEMENT":"9b4dcb51-ec14-4b61-8683-fc7859b9e6ee","element-6066-11e4-a52e-4f735466cecf":"9b4dcb51-ec14-4b61-8683-fc7859b9e6ee"}]}
[debug] &amp#27;[35m[W3C (efbdbc48)]&amp#27;[39m Responding to client with driver.findElements() result: [{"element-6066-11e4-a52e-4f735466cecf":"a3c89004-ab83-44ea-bf79-efaa9b200195","ELEMENT":"a3c89004-ab83-44ea-bf79-efaa9b200195"},{"element-6066-11e4-a52e-4f735466cecf":"9b4dcb51-ec14-4b61-8683-fc7859b9e6ee","ELEMENT":"9b4dcb51-ec14-4b61-8683-fc7859b9e6ee"}]
&amp#27;[35m[HTTP]&amp#27;[39m &amp#27;[37m<-- POST /wd/hub/session/efbdbc48-920c-4e1f-af19-c8cc1db889e8/elements &amp#27;[39m&amp#27;[32m200&amp#27;[39m &amp#27;[90m38 ms - 267&amp#27;[39m
&amp#27;[35m[HTTP]&amp#27;[39m &amp#27;[90m&amp#27;[39m
&amp#27;[35m[HTTP]&amp#27;[39m &amp#27;[37m-->&amp#27;[39m &amp#27;[37mGET&amp#27;[39m &amp#27;[37m/wd/hub/session/efbdbc48-920c-4e1f-af19-c8cc1db889e8/element/9b4dcb51-ec14-4b61-8683-fc7859b9e6ee/text&amp#27;[39m
&amp#27;[35m[HTTP]&amp#27;[39m &amp#27;[90m{}&amp#27;[39m
&amp#27;[35m[W3C (efbdbc48)]&amp#27;[39m Driver proxy active, passing request on via HTTP proxy
[debug] &amp#27;[35m[WD Proxy]&amp#27;[39m Matched '/wd/hub/session/efbdbc48-920c-4e1f-af19-c8cc1db889e8/element/9b4dcb51-ec14-4b61-8683-fc7859b9e6ee/text' to command name 'getText'
[debug] &amp#27;[35m[WD Proxy]&amp#27;[39m Proxying [GET /wd/hub/session/efbdbc48-920c-4e1f-af19-c8cc1db889e8/element/9b4dcb51-ec14-4b61-8683-fc7859b9e6ee/text] to [GET http://127.0.0.1:8202/wd/hub/session/c7f23abd-5539-4639-b0b4-0676238dd8df/element/9b4dcb51-ec14-4b61-8683-fc7859b9e6ee/text] with body: {}
[debug] &amp#27;[35m[WD Proxy]&amp#27;[39m Got response with status 200: {"sessionId":"c7f23abd-5539-4639-b0b4-0676238dd8df","value":"$120.0"}
&amp#27;[35m[WD Proxy]&amp#27;[39m Replacing sessionId c7f23abd-5539-4639-b0b4-0676238dd8df with efbdbc48-920c-4e1f-af19-c8cc1db889e8
&amp#27;[35m[HTTP]&amp#27;[39m &amp#27;[37m<-- GET /wd/hub/session/efbdbc48-920c-4e1f-af19-c8cc1db889e8/element/9b4dcb51-ec14-4b61-8683-fc7859b9e6ee/text &amp#27;[39m&amp#27;[32m200&amp#27;[39m &amp#27;[90m19 ms - 69&amp#27;[39m
&amp#27;[35m[HTTP]&amp#27;[39m &amp#27;[90m&amp#27;[39m
280.97 sum of products
&amp#27;[35m[HTTP]&amp#27;[39m &amp#27;[37m-->&amp#27;[39m &amp#27;[37mGET&amp#27;[39m &amp#27;[37m/wd/hub/session/efbdbc48-920c-4e1f-af19-c8cc1db889e8/context&amp#27;[39m
&amp#27;[35m[HTTP]&amp#27;[39m &amp#27;[90m{}&amp#27;[39m
[debug] &amp#27;[35m[W3C (efbdbc48)]&amp#27;[39m Calling AppiumDriver.getCurrentContext() with args: ["efbdbc48-920c-4e1f-af19-c8cc1db889e8"]
[debug] &amp#27;[35m[W3C (efbdbc48)]&amp#27;[39m Responding to client with driver.getCurrentContext() result: "NATIVE_APP"
&amp#27;[35m[HTTP]&amp#27;[39m &amp#27;[37m<-- GET /wd/hub/session/efbdbc48-920c-4e1f-af19-c8cc1db889e8/context &amp#27;[39m&amp#27;[32m200&amp#27;[39m &amp#27;[90m2 ms - 22&amp#27;[39m
&amp#27;[35m[HTTP]&amp#27;[39m &amp#27;[90m&amp#27;[39m
&amp#27;[35m[HTTP]&amp#27;[39m &amp#27;[37m-->&amp#27;[39m &amp#27;[37mPOST&amp#27;[39m &amp#27;[37m/wd/hub/session/efbdbc48-920c-4e1f-af19-c8cc1db889e8/element&amp#27;[39m
&amp#27;[35m[HTTP]&amp#27;[39m &amp#27;[90m{"using":"id","value":"com.androidsample.generalstore:id/totalAmountLbl"}&amp#27;[39m
[debug] &amp#27;[35m[W3C (efbdbc48)]&amp#27;[39m Calling AppiumDriver.findElement() with args: ["id","com.androidsample.generalstore:id/totalAmountLbl","efbdbc48-920c-4e1f-af19-c8cc1db889e8"]
[debug] &amp#27;[35m[BaseDriver]&amp#27;[39m Valid locator strategies for this request: xpath, id, class name, accessibility id, -android uiautomator
[debug] &amp#27;[35m[BaseDriver]&amp#27;[39m Waiting up to 10000 ms for condition
[debug] &amp#27;[35m[WD Proxy]&amp#27;[39m Matched '/element' to command name 'findElement'
[debug] &amp#27;[35m[WD Proxy]&amp#27;[39m Proxying [POST /element] to [POST http://127.0.0.1:8202/wd/hub/session/c7f23abd-5539-4639-b0b4-0676238dd8df/element] with body: {"strategy":"id","selector":"com.androidsample.generalstore:id/totalAmountLbl","context":"","multiple":false}
[debug] &amp#27;[35m[WD Proxy]&amp#27;[39m Got response with status 200: {"sessionId":"c7f23abd-5539-4639-b0b4-0676238dd8df","value":{"ELEMENT":"2117c7e6-564b-4fa4-9cda-ee02bb977903","element-6066-11e4-a52e-4f735466cecf":"2117c7e6-564b-4fa4-9cda-ee02bb977903"}}
[debug] &amp#27;[35m[W3C (efbdbc48)]&amp#27;[39m Responding to client with driver.findElement() result: {"element-6066-11e4-a52e-4f735466cecf":"2117c7e6-564b-4fa4-9cda-ee02bb977903","ELEMENT":"2117c7e6-564b-4fa4-9cda-ee02bb977903"}
&amp#27;[35m[HTTP]&amp#27;[39m &amp#27;[37m<-- POST /wd/hub/session/efbdbc48-920c-4e1f-af19-c8cc1db889e8/element &amp#27;[39m&amp#27;[32m200&amp#27;[39m &amp#27;[90m31 ms - 137&amp#27;[39m
&amp#27;[35m[HTTP]&amp#27;[39m &amp#27;[90m&amp#27;[39m
&amp#27;[35m[HTTP]&amp#27;[39m &amp#27;[37m-->&amp#27;[39m &amp#27;[37mGET&amp#27;[39m &amp#27;[37m/wd/hub/session/efbdbc48-920c-4e1f-af19-c8cc1db889e8/element/2117c7e6-564b-4fa4-9cda-ee02bb977903/text&amp#27;[39m
&amp#27;[35m[HTTP]&amp#27;[39m &amp#27;[90m{}&amp#27;[39m
&amp#27;[35m[W3C (efbdbc48)]&amp#27;[39m Driver proxy active, passing request on via HTTP proxy
[debug] &amp#27;[35m[WD Proxy]&amp#27;[39m Matched '/wd/hub/session/efbdbc48-920c-4e1f-af19-c8cc1db889e8/element/2117c7e6-564b-4fa4-9cda-ee02bb977903/text' to command name 'getText'
[debug] &amp#27;[35m[WD Proxy]&amp#27;[39m Proxying [GET /wd/hub/session/efbdbc48-920c-4e1f-af19-c8cc1db889e8/element/2117c7e6-564b-4fa4-9cda-ee02bb977903/text] to [GET http://127.0.0.1:8202/wd/hub/session/c7f23abd-5539-4639-b0b4-0676238dd8df/element/2117c7e6-564b-4fa4-9cda-ee02bb977903/text] with body: {}
[debug] &amp#27;[35m[WD Proxy]&amp#27;[39m Got response with status 200: {"sessionId":"c7f23abd-5539-4639-b0b4-0676238dd8df","value":"$ 280.97"}
&amp#27;[35m[WD Proxy]&amp#27;[39m Replacing sessionId c7f23abd-5539-4639-b0b4-0676238dd8df with efbdbc48-920c-4e1f-af19-c8cc1db889e8
&amp#27;[35m[HTTP]&amp#27;[39m &amp#27;[37m<-- GET /wd/hub/session/efbdbc48-920c-4e1f-af19-c8cc1db889e8/element/2117c7e6-564b-4fa4-9cda-ee02bb977903/text &amp#27;[39m&amp#27;[32m200&amp#27;[39m &amp#27;[90m21 ms - 71&amp#27;[39m
&amp#27;[35m[HTTP]&amp#27;[39m &amp#27;[90m&amp#27;[39m
280.97 total value of products
&amp#27;[35m[HTTP]&amp#27;[39m &amp#27;[37m-->&amp#27;[39m &amp#27;[37mPOST&amp#27;[39m &amp#27;[37m/wd/hub/session/efbdbc48-920c-4e1f-af19-c8cc1db889e8/element&amp#27;[39m
&amp#27;[35m[HTTP]&amp#27;[39m &amp#27;[90m{"using":"class name","value":"android.widget.CheckBox"}&amp#27;[39m
[debug] &amp#27;[35m[W3C (efbdbc48)]&amp#27;[39m Calling AppiumDriver.findElement() with args: ["class name","android.widget.CheckBox","efbdbc48-920c-4e1f-af19-c8cc1db889e8"]
[debug] &amp#27;[35m[BaseDriver]&amp#27;[39m Valid locator strategies for this request: xpath, id, class name, accessibility id, -android uiautomator
[debug] &amp#27;[35m[BaseDriver]&amp#27;[39m Waiting up to 10000 ms for condition
[debug] &amp#27;[35m[WD Proxy]&amp#27;[39m Matched '/element' to command name 'findElement'
[debug] &amp#27;[35m[WD Proxy]&amp#27;[39m Proxying [POST /element] to [POST http://127.0.0.1:8202/wd/hub/session/c7f23abd-5539-4639-b0b4-0676238dd8df/element] with body: {"strategy":"class name","selector":"android.widget.CheckBox","context":"","multiple":false}
[debug] &amp#27;[35m[WD Proxy]&amp#27;[39m Got response with status 200: {"sessionId":"c7f23abd-5539-4639-b0b4-0676238dd8df","value":{"ELEMENT":"1acd7650-7c59-4f72-abe9-bbc373ac7041","element-6066-11e4-a52e-4f735466cecf":"1acd7650-7c59-4f72-abe9-bbc373ac7041"}}
[debug] &amp#27;[35m[W3C (efbdbc48)]&amp#27;[39m Responding to client with driver.findElement() result: {"element-6066-11e4-a52e-4f735466cecf":"1acd7650-7c59-4f72-abe9-bbc373ac7041","ELEMENT":"1acd7650-7c59-4f72-abe9-bbc373ac7041"}
&amp#27;[35m[HTTP]&amp#27;[39m &amp#27;[37m<-- POST /wd/hub/session/efbdbc48-920c-4e1f-af19-c8cc1db889e8/element &amp#27;[39m&amp#27;[32m200&amp#27;[39m &amp#27;[90m31 ms - 137&amp#27;[39m
&amp#27;[35m[HTTP]&amp#27;[39m &amp#27;[90m&amp#27;[39m
&amp#27;[35m[HTTP]&amp#27;[39m &amp#27;[37m-->&amp#27;[39m &amp#27;[37mPOST&amp#27;[39m &amp#27;[37m/wd/hub/session/efbdbc48-920c-4e1f-af19-c8cc1db889e8/touch/perform&amp#27;[39m
&amp#27;[35m[HTTP]&amp#27;[39m &amp#27;[90m{"actions":[{"action":"tap","options":{"element":"1acd7650-7c59-4f72-abe9-bbc373ac7041"}}]}&amp#27;[39m
[debug] &amp#27;[35m[W3C (efbdbc48)]&amp#27;[39m Calling AppiumDriver.performTouch() with args: [[{"action":"tap","options":{"element":"1acd7650-7c59-4f72-abe9-bbc373ac7041"}}],"efbdbc48-920c-4e1f-af19-c8cc1db889e8"]
&amp#27;[35m[UiAutomator2]&amp#27;[39m calling get location: 1acd7650-7c59-4f72-abe9-bbc373ac7041
[debug] &amp#27;[35m[WD Proxy]&amp#27;[39m Matched '/element/1acd7650-7c59-4f72-abe9-bbc373ac7041/location' to command name 'getLocation'
[debug] &amp#27;[35m[WD Proxy]&amp#27;[39m Proxying [GET /element/1acd7650-7c59-4f72-abe9-bbc373ac7041/location] to [GET http://127.0.0.1:8202/wd/hub/session/c7f23abd-5539-4639-b0b4-0676238dd8df/element/1acd7650-7c59-4f72-abe9-bbc373ac7041/location] with body: {}
[debug] &amp#27;[35m[WD Proxy]&amp#27;[39m Got response with status 200: {"sessionId":"c7f23abd-5539-4639-b0b4-0676238dd8df","value":{"x":42,"y":1376}}
[debug] &amp#27;[35m[WD Proxy]&amp#27;[39m Matched '/element/1acd7650-7c59-4f72-abe9-bbc373ac7041/size' to command name 'getSize'
[debug] &amp#27;[35m[WD Proxy]&amp#27;[39m Proxying [GET /element/1acd7650-7c59-4f72-abe9-bbc373ac7041/size] to [GET http://127.0.0.1:8202/wd/hub/session/c7f23abd-5539-4639-b0b4-0676238dd8df/element/1acd7650-7c59-4f72-abe9-bbc373ac7041/size] with body: {}
[debug] &amp#27;[35m[WD Proxy]&amp#27;[39m Got response with status 200: {"sessionId":"c7f23abd-5539-4639-b0b4-0676238dd8df","value":{"width":980,"height":84}}
[debug] &amp#27;[35m[WD Proxy]&amp#27;[39m Matched '/element/1acd7650-7c59-4f72-abe9-bbc373ac7041/click' to command name 'click'
[debug] &amp#27;[35m[WD Proxy]&amp#27;[39m Proxying [POST /element/1acd7650-7c59-4f72-abe9-bbc373ac7041/click] to [POST http://127.0.0.1:8202/wd/hub/session/c7f23abd-5539-4639-b0b4-0676238dd8df/element/1acd7650-7c59-4f72-abe9-bbc373ac7041/click] with body: {"element":"1acd7650-7c59-4f72-abe9-bbc373ac7041","x":532,"y":1418}
[debug] &amp#27;[35m[WD Proxy]&amp#27;[39m Got response with status 200: {"sessionId":"c7f23abd-5539-4639-b0b4-0676238dd8df","value":null}
[debug] &amp#27;[35m[W3C (efbdbc48)]&amp#27;[39m Responding to client with driver.performTouch() result: null
&amp#27;[35m[HTTP]&amp#27;[39m &amp#27;[37m<-- POST /wd/hub/session/efbdbc48-920c-4e1f-af19-c8cc1db889e8/touch/perform &amp#27;[39m&amp#27;[32m200&amp#27;[39m &amp#27;[90m81 ms - 14&amp#27;[39m
&amp#27;[35m[HTTP]&amp#27;[39m &amp#27;[90m&amp#27;[39m
&amp#27;[35m[HTTP]&amp#27;[39m &amp#27;[37m-->&amp#27;[39m &amp#27;[37mPOST&amp#27;[39m &amp#27;[37m/wd/hub/session/efbdbc48-920c-4e1f-af19-c8cc1db889e8/element&amp#27;[39m
&amp#27;[35m[HTTP]&amp#27;[39m &amp#27;[90m{"using":"xpath","value":"//*[@text='Please read our terms of conditions']"}&amp#27;[39m
[debug] &amp#27;[35m[W3C (efbdbc48)]&amp#27;[39m Calling AppiumDriver.findElement() with args: ["xpath","//*[@text='Please read our terms of conditions']","efbdbc48-920c-4e1f-af19-c8cc1db889e8"]
[debug] &amp#27;[35m[BaseDriver]&amp#27;[39m Valid locator strategies for this request: xpath, id, class name, accessibility id, -android uiautomator
[debug] &amp#27;[35m[BaseDriver]&amp#27;[39m Waiting up to 10000 ms for condition
[debug] &amp#27;[35m[WD Proxy]&amp#27;[39m Matched '/element' to command name 'findElement'
[debug] &amp#27;[35m[WD Proxy]&amp#27;[39m Proxying [POST /element] to [POST http://127.0.0.1:8202/wd/hub/session/c7f23abd-5539-4639-b0b4-0676238dd8df/element] with body: {"strategy":"xpath","selector":"//*[@text='Please read our terms of conditions']","context":"","multiple":false}
[debug] &amp#27;[35m[WD Proxy]&amp#27;[39m Got response with status 200: {"sessionId":"c7f23abd-5539-4639-b0b4-0676238dd8df","value":{"ELEMENT":"82f0a1ea-5e97-49b2-a642-aa7340e357a8","element-6066-11e4-a52e-4f735466cecf":"82f0a1ea-5e97-49b2-a642-aa7340e357a8"}}
[debug] &amp#27;[35m[W3C (efbdbc48)]&amp#27;[39m Responding to client with driver.findElement() result: {"element-6066-11e4-a52e-4f735466cecf":"82f0a1ea-5e97-49b2-a642-aa7340e357a8","ELEMENT":"82f0a1ea-5e97-49b2-a642-aa7340e357a8"}
&amp#27;[35m[HTTP]&amp#27;[39m &amp#27;[37m<-- POST /wd/hub/session/efbdbc48-920c-4e1f-af19-c8cc1db889e8/element &amp#27;[39m&amp#27;[32m200&amp#27;[39m &amp#27;[90m823 ms - 137&amp#27;[39m
&amp#27;[35m[HTTP]&amp#27;[39m &amp#27;[90m&amp#27;[39m
&amp#27;[35m[HTTP]&amp#27;[39m &amp#27;[37m-->&amp#27;[39m &amp#27;[37mPOST&amp#27;[39m &amp#27;[37m/wd/hub/session/efbdbc48-920c-4e1f-af19-c8cc1db889e8/touch/perform&amp#27;[39m
&amp#27;[35m[HTTP]&amp#27;[39m &amp#27;[90m{"actions":[{"action":"longPress","options":{"duration":2000,"element":"82f0a1ea-5e97-49b2-a642-aa7340e357a8"}},{"action":"release","options":{}}]}&amp#27;[39m
[debug] &amp#27;[35m[W3C (efbdbc48)]&amp#27;[39m Calling AppiumDriver.performTouch() with args: [[{"action":"longPress","options":{"duration":2000,"element":"82f0a1ea-5e97-49b2-a642-aa7340e357a8"}},{"action":"release","options":{}}],"efbdbc48-920c-4e1f-af19-c8cc1db889e8"]
&amp#27;[35m[UiAutomator2]&amp#27;[39m calling get location: 82f0a1ea-5e97-49b2-a642-aa7340e357a8
[debug] &amp#27;[35m[WD Proxy]&amp#27;[39m Matched '/element/82f0a1ea-5e97-49b2-a642-aa7340e357a8/location' to command name 'getLocation'
[debug] &amp#27;[35m[WD Proxy]&amp#27;[39m Proxying [GET /element/82f0a1ea-5e97-49b2-a642-aa7340e357a8/location] to [GET http://127.0.0.1:8202/wd/hub/session/c7f23abd-5539-4639-b0b4-0676238dd8df/element/82f0a1ea-5e97-49b2-a642-aa7340e357a8/location] with body: {}
[debug] &amp#27;[35m[WD Proxy]&amp#27;[39m Got response with status 200: {"sessionId":"c7f23abd-5539-4639-b0b4-0676238dd8df","value":{"x":53,"y":1694}}
[debug] &amp#27;[35m[WD Proxy]&amp#27;[39m Matched '/element/82f0a1ea-5e97-49b2-a642-aa7340e357a8/size' to command name 'getSize'
[debug] &amp#27;[35m[WD Proxy]&amp#27;[39m Proxying [GET /element/82f0a1ea-5e97-49b2-a642-aa7340e357a8/size] to [GET http://127.0.0.1:8202/wd/hub/session/c7f23abd-5539-4639-b0b4-0676238dd8df/element/82f0a1ea-5e97-49b2-a642-aa7340e357a8/size] with body: {}
[debug] &amp#27;[35m[WD Proxy]&amp#27;[39m Got response with status 200: {"sessionId":"c7f23abd-5539-4639-b0b4-0676238dd8df","value":{"width":974,"height":79}}
[debug] &amp#27;[35m[WD Proxy]&amp#27;[39m Matched '/touch/longclick' to command name 'touchLongClick'
[debug] &amp#27;[35m[WD Proxy]&amp#27;[39m Proxying [POST /touch/longclick] to [POST http://127.0.0.1:8202/wd/hub/session/c7f23abd-5539-4639-b0b4-0676238dd8df/touch/longclick] with body: {"params":{"element":"82f0a1ea-5e97-49b2-a642-aa7340e357a8","x":540,"y":1733.5,"duration":2000}}
[debug] &amp#27;[35m[WD Proxy]&amp#27;[39m Got response with status 200: {"sessionId":"c7f23abd-5539-4639-b0b4-0676238dd8df","value":null}
[debug] &amp#27;[35m[W3C (efbdbc48)]&amp#27;[39m Responding to client with driver.performTouch() result: null
&amp#27;[35m[HTTP]&amp#27;[39m &amp#27;[37m<-- POST /wd/hub/session/efbdbc48-920c-4e1f-af19-c8cc1db889e8/touch/perform &amp#27;[39m&amp#27;[32m200&amp#27;[39m &amp#27;[90m3715 ms - 14&amp#27;[39m
&amp#27;[35m[HTTP]&amp#27;[39m &amp#27;[90m&amp#27;[39m
&amp#27;[35m[HTTP]&amp#27;[39m &amp#27;[37m-->&amp#27;[39m &amp#27;[37mPOST&amp#27;[39m &amp#27;[37m/wd/hub/session/efbdbc48-920c-4e1f-af19-c8cc1db889e8/element&amp#27;[39m
&amp#27;[35m[HTTP]&amp#27;[39m &amp#27;[90m{"using":"id","value":"android:id/button1"}&amp#27;[39m
[debug] &amp#27;[35m[W3C (efbdbc48)]&amp#27;[39m Calling AppiumDriver.findElement() with args: ["id","android:id/button1","efbdbc48-920c-4e1f-af19-c8cc1db889e8"]
[debug] &amp#27;[35m[BaseDriver]&amp#27;[39m Valid locator strategies for this request: xpath, id, class name, accessibility id, -android uiautomator
[debug] &amp#27;[35m[BaseDriver]&amp#27;[39m Waiting up to 10000 ms for condition
[debug] &amp#27;[35m[WD Proxy]&amp#27;[39m Matched '/element' to command name 'findElement'
[debug] &amp#27;[35m[WD Proxy]&amp#27;[39m Proxying [POST /element] to [POST http://127.0.0.1:8202/wd/hub/session/c7f23abd-5539-4639-b0b4-0676238dd8df/element] with body: {"strategy":"id","selector":"android:id/button1","context":"","multiple":false}
[debug] &amp#27;[35m[WD Proxy]&amp#27;[39m Got response with status 200: {"sessionId":"c7f23abd-5539-4639-b0b4-0676238dd8df","value":{"ELEMENT":"38ce9a0f-dfbb-4b86-a45d-c109f541ee10","element-6066-11e4-a52e-4f735466cecf":"38ce9a0f-dfbb-4b86-a45d-c109f541ee10"}}
[debug] &amp#27;[35m[W3C (efbdbc48)]&amp#27;[39m Responding to client with driver.findElement() result: {"element-6066-11e4-a52e-4f735466cecf":"38ce9a0f-dfbb-4b86-a45d-c109f541ee10","ELEMENT":"38ce9a0f-dfbb-4b86-a45d-c109f541ee10"}
&amp#27;[35m[HTTP]&amp#27;[39m &amp#27;[37m<-- POST /wd/hub/session/efbdbc48-920c-4e1f-af19-c8cc1db889e8/element &amp#27;[39m&amp#27;[32m200&amp#27;[39m &amp#27;[90m37 ms - 137&amp#27;[39m
&amp#27;[35m[HTTP]&amp#27;[39m &amp#27;[90m&amp#27;[39m
&amp#27;[35m[HTTP]&amp#27;[39m &amp#27;[37m-->&amp#27;[39m &amp#27;[37mPOST&amp#27;[39m &amp#27;[37m/wd/hub/session/efbdbc48-920c-4e1f-af19-c8cc1db889e8/element/38ce9a0f-dfbb-4b86-a45d-c109f541ee10/click&amp#27;[39m
&amp#27;[35m[HTTP]&amp#27;[39m &amp#27;[90m{"id":"38ce9a0f-dfbb-4b86-a45d-c109f541ee10"}&amp#27;[39m
[debug] &amp#27;[35m[W3C (efbdbc48)]&amp#27;[39m Calling AppiumDriver.click() with args: ["38ce9a0f-dfbb-4b86-a45d-c109f541ee10","efbdbc48-920c-4e1f-af19-c8cc1db889e8"]
[debug] &amp#27;[35m[WD Proxy]&amp#27;[39m Matched '/element/38ce9a0f-dfbb-4b86-a45d-c109f541ee10/click' to command name 'click'
[debug] &amp#27;[35m[WD Proxy]&amp#27;[39m Proxying [POST /element/38ce9a0f-dfbb-4b86-a45d-c109f541ee10/click] to [POST http://127.0.0.1:8202/wd/hub/session/c7f23abd-5539-4639-b0b4-0676238dd8df/element/38ce9a0f-dfbb-4b86-a45d-c109f541ee10/click] with body: {"element":"38ce9a0f-dfbb-4b86-a45d-c109f541ee10"}
[debug] &amp#27;[35m[WD Proxy]&amp#27;[39m Got response with status 200: {"sessionId":"c7f23abd-5539-4639-b0b4-0676238dd8df","value":null}
[debug] &amp#27;[35m[W3C (efbdbc48)]&amp#27;[39m Responding to client with driver.click() result: null
&amp#27;[35m[HTTP]&amp#27;[39m &amp#27;[37m<-- POST /wd/hub/session/efbdbc48-920c-4e1f-af19-c8cc1db889e8/element/38ce9a0f-dfbb-4b86-a45d-c109f541ee10/click &amp#27;[39m&amp#27;[32m200&amp#27;[39m &amp#27;[90m37 ms - 14&amp#27;[39m
&amp#27;[35m[HTTP]&amp#27;[39m &amp#27;[90m&amp#27;[39m
&amp#27;[35m[HTTP]&amp#27;[39m &amp#27;[37m-->&amp#27;[39m &amp#27;[37mPOST&amp#27;[39m &amp#27;[37m/wd/hub/session/efbdbc48-920c-4e1f-af19-c8cc1db889e8/element&amp#27;[39m
&amp#27;[35m[HTTP]&amp#27;[39m &amp#27;[90m{"using":"id","value":"com.androidsample.generalstore:id/btnProceed"}&amp#27;[39m
[debug] &amp#27;[35m[W3C (efbdbc48)]&amp#27;[39m Calling AppiumDriver.findElement() with args: ["id","com.androidsample.generalstore:id/btnProceed","efbdbc48-920c-4e1f-af19-c8cc1db889e8"]
[debug] &amp#27;[35m[BaseDriver]&amp#27;[39m Valid locator strategies for this request: xpath, id, class name, accessibility id, -android uiautomator
[debug] &amp#27;[35m[BaseDriver]&amp#27;[39m Waiting up to 10000 ms for condition
[debug] &amp#27;[35m[WD Proxy]&amp#27;[39m Matched '/element' to command name 'findElement'
[debug] &amp#27;[35m[WD Proxy]&amp#27;[39m Proxying [POST /element] to [POST http://127.0.0.1:8202/wd/hub/session/c7f23abd-5539-4639-b0b4-0676238dd8df/element] with body: {"strategy":"id","selector":"com.androidsample.generalstore:id/btnProceed","context":"","multiple":false}
[debug] &amp#27;[35m[WD Proxy]&amp#27;[39m Got response with status 200: {"sessionId":"c7f23abd-5539-4639-b0b4-0676238dd8df","value":{"ELEMENT":"a3296362-6320-4c2d-97f7-c9d999e46e70","element-6066-11e4-a52e-4f735466cecf":"a3296362-6320-4c2d-97f7-c9d999e46e70"}}
[debug] &amp#27;[35m[W3C (efbdbc48)]&amp#27;[39m Responding to client with driver.findElement() result: {"element-6066-11e4-a52e-4f735466cecf":"a3296362-6320-4c2d-97f7-c9d999e46e70","ELEMENT":"a3296362-6320-4c2d-97f7-c9d999e46e70"}
&amp#27;[35m[HTTP]&amp#27;[39m &amp#27;[37m<-- POST /wd/hub/session/efbdbc48-920c-4e1f-af19-c8cc1db889e8/element &amp#27;[39m&amp#27;[32m200&amp#27;[39m &amp#27;[90m144 ms - 137&amp#27;[39m
&amp#27;[35m[HTTP]&amp#27;[39m &amp#27;[90m&amp#27;[39m
&amp#27;[35m[HTTP]&amp#27;[39m &amp#27;[37m-->&amp#27;[39m &amp#27;[37mPOST&amp#27;[39m &amp#27;[37m/wd/hub/session/efbdbc48-920c-4e1f-af19-c8cc1db889e8/element/a3296362-6320-4c2d-97f7-c9d999e46e70/click&amp#27;[39m
&amp#27;[35m[HTTP]&amp#27;[39m &amp#27;[90m{"id":"a3296362-6320-4c2d-97f7-c9d999e46e70"}&amp#27;[39m
[debug] &amp#27;[35m[W3C (efbdbc48)]&amp#27;[39m Calling AppiumDriver.click() with args: ["a3296362-6320-4c2d-97f7-c9d999e46e70","efbdbc48-920c-4e1f-af19-c8cc1db889e8"]
[debug] &amp#27;[35m[WD Proxy]&amp#27;[39m Matched '/element/a3296362-6320-4c2d-97f7-c9d999e46e70/click' to command name 'click'
[debug] &amp#27;[35m[WD Proxy]&amp#27;[39m Proxying [POST /element/a3296362-6320-4c2d-97f7-c9d999e46e70/click] to [POST http://127.0.0.1:8202/wd/hub/session/c7f23abd-5539-4639-b0b4-0676238dd8df/element/a3296362-6320-4c2d-97f7-c9d999e46e70/click] with body: {"element":"a3296362-6320-4c2d-97f7-c9d999e46e70"}
[debug] &amp#27;[35m[WD Proxy]&amp#27;[39m Got response with status 200: {"sessionId":"c7f23abd-5539-4639-b0b4-0676238dd8df","value":null}
[debug] &amp#27;[35m[W3C (efbdbc48)]&amp#27;[39m Responding to client with driver.click() result: null
&amp#27;[35m[HTTP]&amp#27;[39m &amp#27;[37m<-- POST /wd/hub/session/efbdbc48-920c-4e1f-af19-c8cc1db889e8/element/a3296362-6320-4c2d-97f7-c9d999e46e70/click &amp#27;[39m&amp#27;[32m200&amp#27;[39m &amp#27;[90m463 ms - 14&amp#27;[39m
&amp#27;[35m[HTTP]&amp#27;[39m &amp#27;[90m&amp#27;[39m
]]></system-out>
    <system-err><![CDATA[Jul 03, 2020 4:55:14 PM io.appium.java_client.remote.AppiumCommandExecutor$1 lambda$0
INFO: Detected dialect: W3C
]]></system-err>
  </testcase>
  <testcase name="apiDemo[hello](1)" classname="practise.AppiumPramework.AipDemoTest" time="28.403">
    <system-out><![CDATA[&amp#27;[35m[Appium]&amp#27;[39m Welcome to Appium v1.17.1
&amp#27;[35m[Appium]&amp#27;[39m Appium REST http interface listener started on 0.0.0.0:4723
&amp#27;[35m[HTTP]&amp#27;[39m &amp#27;[37m-->&amp#27;[39m &amp#27;[37mGET&amp#27;[39m &amp#27;[37m/wd/hub/status&amp#27;[39m
&amp#27;[35m[HTTP]&amp#27;[39m &amp#27;[90m{}&amp#27;[39m
[debug] &amp#27;[35m[GENERIC]&amp#27;[39m Calling AppiumDriver.getStatus() with args: []
[debug] &amp#27;[35m[GENERIC]&amp#27;[39m Responding to client with driver.getStatus() result: {"build":{"version":"1.17.1"}}
&amp#27;[35m[HTTP]&amp#27;[39m &amp#27;[37m<-- GET /wd/hub/status &amp#27;[39m&amp#27;[32m200&amp#27;[39m &amp#27;[90m6 ms - 68&amp#27;[39m
&amp#27;[35m[HTTP]&amp#27;[39m &amp#27;[90m&amp#27;[39m
&amp#27;[35m[HTTP]&amp#27;[39m &amp#27;[37m-->&amp#27;[39m &amp#27;[37mPOST&amp#27;[39m &amp#27;[37m/wd/hub/session&amp#27;[39m
&amp#27;[35m[HTTP]&amp#27;[39m &amp#27;[90m{"desiredCapabilities":{"app":"C:\\Users\\son.pham\\Test\\AppiumPramework\\src\\ApiDemos-debug.apk","automationName":"uiautomator2","platformName":"Android","deviceName":"SON-PHONE","newCommandTimeout":14},"capabilities":{"firstMatch":[{"appium:app":"C:\\Users\\son.pham\\Test\\AppiumPramework\\src\\ApiDemos-debug.apk","appium:automationName":"uiautomator2","appium:deviceName":"SON-PHONE","appium:newCommandTimeout":14,"platformName":"android"}]}}&amp#27;[39m
[debug] &amp#27;[35m[W3C]&amp#27;[39m Calling AppiumDriver.createSession() with args: [{"app":"C:\\Users\\son.pham\\Test\\AppiumPramework\\src\\ApiDemos-debug.apk","automationName":"uiautomator2","platformName":"Android","deviceName":"SON-PHONE","newCommandTimeout":14},null,{"firstMatch":[{"appium:app":"C:\\Users\\son.pham\\Test\\AppiumPramework\\src\\ApiDemos-debug.apk","appium:automationName":"uiautomator2","appium:deviceName":"SON-PHONE","appium:newCommandTimeout":14,"platformName":"android"}]}]
[debug] &amp#27;[35m[BaseDriver]&amp#27;[39m Event 'newSessionRequested' logged at 1593770147665 (16:55:47 GMT+0700 (Indochina Time))
&amp#27;[35m[Appium]&amp#27;[39m Appium v1.17.1 creating new AndroidUiautomator2Driver (v1.44.2) session
[debug] &amp#27;[35m[BaseDriver]&amp#27;[39m W3C capabilities and MJSONWP desired capabilities were provided
[debug] &amp#27;[35m[BaseDriver]&amp#27;[39m Creating session with W3C capabilities: {
[debug] &amp#27;[35m[BaseDriver]&amp#27;[39m   "alwaysMatch": {
[debug] &amp#27;[35m[BaseDriver]&amp#27;[39m     "platformName": "android",
[debug] &amp#27;[35m[BaseDriver]&amp#27;[39m     "appium:app": "C:\\Users\\son.pham\\Test\\AppiumPramework\\src\\ApiDemos-debug.apk",
[debug] &amp#27;[35m[BaseDriver]&amp#27;[39m     "appium:automationName": "uiautomator2",
[debug] &amp#27;[35m[BaseDriver]&amp#27;[39m     "appium:deviceName": "SON-PHONE",
[debug] &amp#27;[35m[BaseDriver]&amp#27;[39m     "appium:newCommandTimeout": 14
[debug] &amp#27;[35m[BaseDriver]&amp#27;[39m   },
[debug] &amp#27;[35m[BaseDriver]&amp#27;[39m   "firstMatch": [
[debug] &amp#27;[35m[BaseDriver]&amp#27;[39m     {}
[debug] &amp#27;[35m[BaseDriver]&amp#27;[39m   ]
[debug] &amp#27;[35m[BaseDriver]&amp#27;[39m }
&amp#27;[35m[BaseDriver]&amp#27;[39m Session created with session id: c32fa931-a4f6-47ff-b2c8-2bde2f44ed5f
&amp#27;[35m[BaseDriver]&amp#27;[39m Using local app 'C:\Users\son.pham\Test\AppiumPramework\src\ApiDemos-debug.apk'
[debug] &amp#27;[35m[UiAutomator2]&amp#27;[39m Checking whether app is actually present
&amp#27;[35m[ADB]&amp#27;[39m Found 1 'build-tools' folders under 'C:\Users\son.pham\AppData\Local\Android\Sdk' (newest first):
&amp#27;[35m[ADB]&amp#27;[39m     C:/Users/son.pham/AppData/Local/Android/Sdk/build-tools/29.0.3
&amp#27;[35m[ADB]&amp#27;[39m Using 'adb.exe' from 'C:\Users\son.pham\AppData\Local\Android\Sdk\platform-tools\adb.exe'
&amp#27;[35m[AndroidDriver]&amp#27;[39m Retrieving device list
[debug] &amp#27;[35m[ADB]&amp#27;[39m Trying to find a connected android device
[debug] &amp#27;[35m[ADB]&amp#27;[39m Getting connected devices...
[debug] &amp#27;[35m[ADB]&amp#27;[39m Connected devices: [{"udid":"emulator-5554","state":"device"}]
&amp#27;[35m[AndroidDriver]&amp#27;[39m Using device: emulator-5554
&amp#27;[35m[ADB]&amp#27;[39m Using 'adb.exe' from 'C:\Users\son.pham\AppData\Local\Android\Sdk\platform-tools\adb.exe'
[debug] &amp#27;[35m[ADB]&amp#27;[39m Setting device id to emulator-5554
[debug] &amp#27;[35m[ADB]&amp#27;[39m Running 'C:\Users\son.pham\AppData\Local\Android\Sdk\platform-tools\adb.exe -P 5037 -s emulator-5554 shell getprop ro.build.version.sdk'
[debug] &amp#27;[35m[ADB]&amp#27;[39m Current device property 'ro.build.version.sdk': 28
&amp#27;[35m[ADB]&amp#27;[39m Getting device platform version
[debug] &amp#27;[35m[ADB]&amp#27;[39m Running 'C:\Users\son.pham\AppData\Local\Android\Sdk\platform-tools\adb.exe -P 5037 -s emulator-5554 shell getprop ro.build.version.release'
[debug] &amp#27;[35m[ADB]&amp#27;[39m Current device property 'ro.build.version.release': 9
[debug] &amp#27;[35m[ADB]&amp#27;[39m Device API level: 28
&amp#27;[35m[UiAutomator2]&amp#27;[39m Relaxing hidden api policy
[debug] &amp#27;[35m[ADB]&amp#27;[39m Running 'C:\Users\son.pham\AppData\Local\Android\Sdk\platform-tools\adb.exe -P 5037 -s emulator-5554 shell settings put global hidden_api_policy_pre_p_apps 1'
[debug] &amp#27;[35m[ADB]&amp#27;[39m Running 'C:\Users\son.pham\AppData\Local\Android\Sdk\platform-tools\adb.exe -P 5037 -s emulator-5554 shell settings put global hidden_api_policy_p_apps 1'
[debug] &amp#27;[35m[ADB]&amp#27;[39m Running 'C:\Users\son.pham\AppData\Local\Android\Sdk\platform-tools\adb.exe -P 5037 -s emulator-5554 shell settings put global hidden_api_policy 1'
[debug] &amp#27;[35m[AndroidDriver]&amp#27;[39m Parsing package and activity from app manifest
&amp#27;[35m[ADB]&amp#27;[39m Package name: 'io.appium.android.apis'
&amp#27;[35m[ADB]&amp#27;[39m Main activity name: 'ApiDemos'
[debug] &amp#27;[35m[AndroidDriver]&amp#27;[39m Parsed package and activity are: io.appium.android.apis/ApiDemos
[debug] &amp#27;[35m[ADB]&amp#27;[39m Running 'C:\Users\son.pham\AppData\Local\Android\Sdk\platform-tools\adb.exe -P 5037 -s emulator-5554 wait-for-device'
[debug] &amp#27;[35m[ADB]&amp#27;[39m Running 'C:\Users\son.pham\AppData\Local\Android\Sdk\platform-tools\adb.exe -P 5037 -s emulator-5554 shell echo ping'
[debug] &amp#27;[35m[AndroidDriver]&amp#27;[39m Pushing settings apk to device...
[debug] &amp#27;[35m[ADB]&amp#27;[39m Getting install status for io.appium.settings
[debug] &amp#27;[35m[ADB]&amp#27;[39m Running 'C:\Users\son.pham\AppData\Local\Android\Sdk\platform-tools\adb.exe -P 5037 -s emulator-5554 shell dumpsys package io.appium.settings'
[debug] &amp#27;[35m[ADB]&amp#27;[39m 'io.appium.settings' is installed
[debug] &amp#27;[35m[ADB]&amp#27;[39m Getting package info for 'io.appium.settings'
[debug] &amp#27;[35m[ADB]&amp#27;[39m Running 'C:\Users\son.pham\AppData\Local\Android\Sdk\platform-tools\adb.exe -P 5037 -s emulator-5554 shell dumpsys package io.appium.settings'
[debug] &amp#27;[35m[ADB]&amp#27;[39m The version name of the installed 'io.appium.settings' is greater or equal to the application version name ('3.1.0' >= '3.1.0')
[debug] &amp#27;[35m[ADB]&amp#27;[39m There is no need to install/upgrade 'C:\Users\son.pham\AppData\Roaming\npm\node_modules\appium\node_modules\io.appium.settings\apks\settings_apk-debug.apk'
[debug] &amp#27;[35m[ADB]&amp#27;[39m Getting IDs of all 'io.appium.settings' processes
[debug] &amp#27;[35m[ADB]&amp#27;[39m Running 'C:\Users\son.pham\AppData\Local\Android\Sdk\platform-tools\adb.exe -P 5037 -s emulator-5554 shell 'pgrep --help; echo $?''
[debug] &amp#27;[35m[ADB]&amp#27;[39m Running 'C:\Users\son.pham\AppData\Local\Android\Sdk\platform-tools\adb.exe -P 5037 -s emulator-5554 shell pgrep -f io\\.appium\\.settings'
[debug] &amp#27;[35m[AndroidDriver]&amp#27;[39m io.appium.settings is already running. There is no need to reset its permissions.
[debug] &amp#27;[35m[ADB]&amp#27;[39m Running 'C:\Users\son.pham\AppData\Local\Android\Sdk\platform-tools\adb.exe -P 5037 -s emulator-5554 shell appops set io.appium.settings android\:mock_location allow'
[debug] &amp#27;[35m[Logcat]&amp#27;[39m Starting logcat capture
[debug] &amp#27;[35m[UiAutomator2]&amp#27;[39m Forwarding UiAutomator2 Server port 6790 to 8203
[debug] &amp#27;[35m[ADB]&amp#27;[39m Forwarding system: 8203 to device: 6790
[debug] &amp#27;[35m[ADB]&amp#27;[39m Running 'C:\Users\son.pham\AppData\Local\Android\Sdk\platform-tools\adb.exe -P 5037 -s emulator-5554 forward tcp\:8203 tcp\:6790'
[debug] &amp#27;[35m[ADB]&amp#27;[39m Getting install status for io.appium.uiautomator2.server
[debug] &amp#27;[35m[ADB]&amp#27;[39m Running 'C:\Users\son.pham\AppData\Local\Android\Sdk\platform-tools\adb.exe -P 5037 -s emulator-5554 shell dumpsys package io.appium.uiautomator2.server'
[debug] &amp#27;[35m[ADB]&amp#27;[39m 'io.appium.uiautomator2.server' is installed
[debug] &amp#27;[35m[ADB]&amp#27;[39m Getting package info for 'io.appium.uiautomator2.server'
[debug] &amp#27;[35m[ADB]&amp#27;[39m Running 'C:\Users\son.pham\AppData\Local\Android\Sdk\platform-tools\adb.exe -P 5037 -s emulator-5554 shell dumpsys package io.appium.uiautomator2.server'
[debug] &amp#27;[35m[ADB]&amp#27;[39m The version name of the installed 'io.appium.uiautomator2.server' is greater or equal to the application version name ('4.5.5' >= '4.5.5')
[debug] &amp#27;[35m[UiAutomator2]&amp#27;[39m io.appium.uiautomator2.server installation state: sameVersionInstalled
[debug] &amp#27;[35m[ADB]&amp#27;[39m Checking app cert for C:\Users\son.pham\AppData\Roaming\npm\node_modules\appium\node_modules\appium-uiautomator2-server\apks\appium-uiautomator2-server-v4.5.5.apk
&amp#27;[35m[ADB]&amp#27;[39m Using 'apksigner.jar' from 'C:\Users\son.pham\AppData\Local\Android\Sdk\build-tools\29.0.3\lib\apksigner.jar'
[debug] &amp#27;[35m[ADB]&amp#27;[39m Starting apksigner: 'C:\\Program Files\\Java\\jdk1.8.0_251\\bin\\java.exe' -Xmx1024M -Xss1m -jar C:\\Users\\son.pham\\AppData\\Local\\Android\\Sdk\\build-tools\\29.0.3\\lib\\apksigner.jar verify --print-certs C:\\Users\\son.pham\\AppData\\Roaming\\npm\\node_modules\\appium\\node_modules\\appium-uiautomator2-server\\apks\\appium-uiautomator2-server-v4.5.5.apk
[debug] &amp#27;[35m[ADB]&amp#27;[39m apksigner stdout: Signer #1 certificate DN: EMAILADDRESS=android@android.com, CN=Android, OU=Android, O=Android, L=Mountain View, ST=California, C=US
[debug] &amp#27;[35m[ADB]&amp#27;[39m Signer #1 certificate SHA-256 digest: a40da80a59d170caa950cf15c18c454d47a39b26989d8b640ecd745ba71bf5dc
[debug] &amp#27;[35m[ADB]&amp#27;[39m Signer #1 certificate SHA-1 digest: 61ed377e85d386a8dfee6b864bd85b0bfaa5af81
[debug] &amp#27;[35m[ADB]&amp#27;[39m Signer #1 certificate MD5 digest: e89b158e4bcf988ebd09eb83f5378e87
[debug] &amp#27;[35m[ADB]&amp#27;[39m 
[debug] &amp#27;[35m[ADB]&amp#27;[39m 'C:\Users\son.pham\AppData\Roaming\npm\node_modules\appium\node_modules\appium-uiautomator2-server\apks\appium-uiautomator2-server-v4.5.5.apk' is signed with the default certificate
[debug] &amp#27;[35m[ADB]&amp#27;[39m Getting install status for io.appium.uiautomator2.server.test
[debug] &amp#27;[35m[ADB]&amp#27;[39m Running 'C:\Users\son.pham\AppData\Local\Android\Sdk\platform-tools\adb.exe -P 5037 -s emulator-5554 shell dumpsys package io.appium.uiautomator2.server.test'
[debug] &amp#27;[35m[ADB]&amp#27;[39m 'io.appium.uiautomator2.server.test' is installed
[debug] &amp#27;[35m[ADB]&amp#27;[39m Checking app cert for C:\Users\son.pham\AppData\Roaming\npm\node_modules\appium\node_modules\appium-uiautomator2-server\apks\appium-uiautomator2-server-debug-androidTest.apk
[debug] &amp#27;[35m[ADB]&amp#27;[39m Starting apksigner: 'C:\\Program Files\\Java\\jdk1.8.0_251\\bin\\java.exe' -Xmx1024M -Xss1m -jar C:\\Users\\son.pham\\AppData\\Local\\Android\\Sdk\\build-tools\\29.0.3\\lib\\apksigner.jar verify --print-certs C:\\Users\\son.pham\\AppData\\Roaming\\npm\\node_modules\\appium\\node_modules\\appium-uiautomator2-server\\apks\\appium-uiautomator2-server-debug-androidTest.apk
[debug] &amp#27;[35m[ADB]&amp#27;[39m apksigner stdout: Signer #1 certificate DN: EMAILADDRESS=android@android.com, CN=Android, OU=Android, O=Android, L=Mountain View, ST=California, C=US
[debug] &amp#27;[35m[ADB]&amp#27;[39m Signer #1 certificate SHA-256 digest: a40da80a59d170caa950cf15c18c454d47a39b26989d8b640ecd745ba71bf5dc
[debug] &amp#27;[35m[ADB]&amp#27;[39m Signer #1 certificate SHA-1 digest: 61ed377e85d386a8dfee6b864bd85b0bfaa5af81
[debug] &amp#27;[35m[ADB]&amp#27;[39m Signer #1 certificate MD5 digest: e89b158e4bcf988ebd09eb83f5378e87
[debug] &amp#27;[35m[ADB]&amp#27;[39m 
[debug] &amp#27;[35m[ADB]&amp#27;[39m 'C:\Users\son.pham\AppData\Roaming\npm\node_modules\appium\node_modules\appium-uiautomator2-server\apks\appium-uiautomator2-server-debug-androidTest.apk' is signed with the default certificate
&amp#27;[35m[UiAutomator2]&amp#27;[39m Server packages are not going to be (re)installed
[debug] &amp#27;[35m[UiAutomator2]&amp#27;[39m Waiting up to 30000ms for services to be available
[debug] &amp#27;[35m[ADB]&amp#27;[39m Running 'C:\Users\son.pham\AppData\Local\Android\Sdk\platform-tools\adb.exe -P 5037 -s emulator-5554 shell pm list instrumentation'
[debug] &amp#27;[35m[UiAutomator2]&amp#27;[39m Instrumentation target 'io.appium.uiautomator2.server.test/androidx.test.runner.AndroidJUnitRunner' is available
[debug] &amp#27;[35m[ADB]&amp#27;[39m Checking app cert for C:\Users\son.pham\Test\AppiumPramework\src\ApiDemos-debug.apk
[debug] &amp#27;[35m[ADB]&amp#27;[39m Starting apksigner: 'C:\\Program Files\\Java\\jdk1.8.0_251\\bin\\java.exe' -Xmx1024M -Xss1m -jar C:\\Users\\son.pham\\AppData\\Local\\Android\\Sdk\\build-tools\\29.0.3\\lib\\apksigner.jar verify --print-certs C:\\Users\\son.pham\\Test\\AppiumPramework\\src\\ApiDemos-debug.apk
[debug] &amp#27;[35m[ADB]&amp#27;[39m apksigner stdout: Signer #1 certificate DN: EMAILADDRESS=android@android.com, CN=Android, OU=Android, O=Android, L=Mountain View, ST=California, C=US
[debug] &amp#27;[35m[ADB]&amp#27;[39m Signer #1 certificate SHA-256 digest: a40da80a59d170caa950cf15c18c454d47a39b26989d8b640ecd745ba71bf5dc
[debug] &amp#27;[35m[ADB]&amp#27;[39m Signer #1 certificate SHA-1 digest: 61ed377e85d386a8dfee6b864bd85b0bfaa5af81
[debug] &amp#27;[35m[ADB]&amp#27;[39m Signer #1 certificate MD5 digest: e89b158e4bcf988ebd09eb83f5378e87
[debug] &amp#27;[35m[ADB]&amp#27;[39m 
[debug] &amp#27;[35m[ADB]&amp#27;[39m 'C:\Users\son.pham\Test\AppiumPramework\src\ApiDemos-debug.apk' is signed with the default certificate
[debug] &amp#27;[35m[ADB]&amp#27;[39m Getting install status for io.appium.android.apis
[debug] &amp#27;[35m[ADB]&amp#27;[39m Running 'C:\Users\son.pham\AppData\Local\Android\Sdk\platform-tools\adb.exe -P 5037 -s emulator-5554 shell dumpsys package io.appium.android.apis'
[debug] &amp#27;[35m[ADB]&amp#27;[39m 'io.appium.android.apis' is installed
[debug] &amp#27;[35m[ADB]&amp#27;[39m Getting package info for 'io.appium.android.apis'
[debug] &amp#27;[35m[ADB]&amp#27;[39m Running 'C:\Users\son.pham\AppData\Local\Android\Sdk\platform-tools\adb.exe -P 5037 -s emulator-5554 shell dumpsys package io.appium.android.apis'
&amp#27;[35m[ADB]&amp#27;[39m Cannot read version codes of 'C:\Users\son.pham\Test\AppiumPramework\src\ApiDemos-debug.apk' and/or 'io.appium.android.apis'
&amp#27;[35m[ADB]&amp#27;[39m Cannot read version names of 'C:\Users\son.pham\Test\AppiumPramework\src\ApiDemos-debug.apk' and/or 'io.appium.android.apis'
[debug] &amp#27;[35m[ADB]&amp#27;[39m The current install state of 'C:\Users\son.pham\Test\AppiumPramework\src\ApiDemos-debug.apk' is unknown. Installing anyway
[debug] &amp#27;[35m[ADB]&amp#27;[39m Running 'C:\Users\son.pham\AppData\Local\Android\Sdk\platform-tools\adb.exe -P 5037 -s emulator-5554 help'
[debug] &amp#27;[35m[ADB]&amp#27;[39m Running 'C:\Users\son.pham\AppData\Local\Android\Sdk\platform-tools\adb.exe -P 5037 -s emulator-5554 features'
&amp#27;[35m[ADB]&amp#27;[39m The application at 'C:\Users\son.pham\Test\AppiumPramework\src\ApiDemos-debug.apk' will not be cached, because the device under test has confirmed the support of streamed installs
[debug] &amp#27;[35m[ADB]&amp#27;[39m Running 'C:\Users\son.pham\AppData\Local\Android\Sdk\platform-tools\adb.exe -P 5037 -s emulator-5554 install -r C:\\Users\\son.pham\\Test\\AppiumPramework\\src\\ApiDemos-debug.apk'
&amp#27;[35m[ADB]&amp#27;[39m The installation of 'ApiDemos-debug.apk' took 685ms
[debug] &amp#27;[35m[ADB]&amp#27;[39m Install command stdout: Performing Streamed Install
[debug] &amp#27;[35m[ADB]&amp#27;[39m Success
&amp#27;[35m[AndroidDriver]&amp#27;[39m Performing fast reset on 'io.appium.android.apis'
[debug] &amp#27;[35m[ADB]&amp#27;[39m Getting install status for io.appium.android.apis
[debug] &amp#27;[35m[ADB]&amp#27;[39m Running 'C:\Users\son.pham\AppData\Local\Android\Sdk\platform-tools\adb.exe -P 5037 -s emulator-5554 shell dumpsys package io.appium.android.apis'
[debug] &amp#27;[35m[ADB]&amp#27;[39m 'io.appium.android.apis' is installed
[debug] &amp#27;[35m[ADB]&amp#27;[39m Running 'C:\Users\son.pham\AppData\Local\Android\Sdk\platform-tools\adb.exe -P 5037 -s emulator-5554 shell am force-stop io.appium.android.apis'
[debug] &amp#27;[35m[ADB]&amp#27;[39m Running 'C:\Users\son.pham\AppData\Local\Android\Sdk\platform-tools\adb.exe -P 5037 -s emulator-5554 shell pm clear io.appium.android.apis'
[debug] &amp#27;[35m[AndroidDriver]&amp#27;[39m Performed fast reset on the installed 'io.appium.android.apis' application (stop and clear)
[debug] &amp#27;[35m[UiAutomator2]&amp#27;[39m Performing shallow cleanup of automation leftovers
[debug] &amp#27;[35m[UiAutomator2]&amp#27;[39m The following obsolete sessions are still running: ["c7f23abd-5539-4639-b0b4-0676238dd8df"]
[debug] &amp#27;[35m[UiAutomator2]&amp#27;[39m Cleaning up the obsolete sessions
[debug] &amp#27;[35m[ADB]&amp#27;[39m Running 'C:\Users\son.pham\AppData\Local\Android\Sdk\platform-tools\adb.exe -P 5037 -s emulator-5554 shell am force-stop io.appium.uiautomator2.server.test'
&amp#27;[35m[UiAutomator2]&amp#27;[39m Starting UIAutomator2 server 4.5.5
&amp#27;[35m[UiAutomator2]&amp#27;[39m Using UIAutomator2 server from 'C:\Users\son.pham\AppData\Roaming\npm\node_modules\appium\node_modules\appium-uiautomator2-server\apks\appium-uiautomator2-server-v4.5.5.apk' and test from 'C:\Users\son.pham\AppData\Roaming\npm\node_modules\appium\node_modules\appium-uiautomator2-server\apks\appium-uiautomator2-server-debug-androidTest.apk'
&amp#27;[35m[UiAutomator2]&amp#27;[39m Waiting up to 30000ms for UiAutomator2 to be online...
[debug] &amp#27;[35m[ADB]&amp#27;[39m Creating ADB subprocess with args: ["-P",5037,"-s","emulator-5554","shell","am","instrument","-w","io.appium.uiautomator2.server.test/androidx.test.runner.AndroidJUnitRunner"]
[debug] &amp#27;[35m[WD Proxy]&amp#27;[39m Matched '/status' to command name 'getStatus'
[debug] &amp#27;[35m[WD Proxy]&amp#27;[39m Proxying [GET /status] to [GET http://127.0.0.1:8203/wd/hub/status] with no body
&amp#27;[35m[WD Proxy]&amp#27;[39m Got response with unknown status: {"code":"ECONNRESET"}
[debug] &amp#27;[35m[Instrumentation]&amp#27;[39m io.appium.uiautomator2.server.test.AppiumUiAutomator2Server:
[debug] &amp#27;[35m[WD Proxy]&amp#27;[39m Matched '/status' to command name 'getStatus'
[debug] &amp#27;[35m[WD Proxy]&amp#27;[39m Proxying [GET /status] to [GET http://127.0.0.1:8203/wd/hub/status] with no body
&amp#27;[35m[WD Proxy]&amp#27;[39m Got response with unknown status: {"code":"ECONNRESET"}
[debug] &amp#27;[35m[WD Proxy]&amp#27;[39m Matched '/status' to command name 'getStatus'
[debug] &amp#27;[35m[WD Proxy]&amp#27;[39m Proxying [GET /status] to [GET http://127.0.0.1:8203/wd/hub/status] with no body
[debug] &amp#27;[35m[WD Proxy]&amp#27;[39m Got response with status 200: {"sessionId":"None","value":{"ready":true,"message":"UiAutomator2 Server is ready to accept commands"}}
[debug] &amp#27;[35m[UiAutomator2]&amp#27;[39m The initialization of the instrumentation process took 3198ms
[debug] &amp#27;[35m[WD Proxy]&amp#27;[39m Matched '/session' to command name 'createSession'
[debug] &amp#27;[35m[WD Proxy]&amp#27;[39m Proxying [POST /session] to [POST http://127.0.0.1:8203/wd/hub/session] with body: {"capabilities":{"firstMatch":[{"platform":"LINUX","webStorageEnabled":false,"takesScreenshot":true,"javascriptEnabled":true,"databaseEnabled":false,"networkConnectionEnabled":true,"locationContextEnabled":false,"warnings":{},"desired":{"platformName":"android","app":"C:\\Users\\son.pham\\Test\\AppiumPramework\\src\\ApiDemos-debug.apk","automationName":"uiautomator2","deviceName":"SON-PHONE","newCommandTimeout":14},"platformName":"android","app":"C:\\Users\\son.pham\\Test\\AppiumPramework\\src\\ApiDemos-debug.apk","automationName":"uiautomator2","deviceName":"emulator-5554","newCommandTimeout":14,"deviceUDID":"emulator-5554","appPackage":"io.appium.android.apis"}],"alwaysMatch":{}}}
[debug] &amp#27;[35m[WD Proxy]&amp#27;[39m Got response with status 200: {"sessionId":"583471b8-2ced-4fb2-af62-baeffb17ddf6","value":{"sessionId":"583471b8-2ced-4fb2-af62-baeffb17ddf6","capabilities":{"firstMatch":[{"platform":"LINUX","webStorageEnabled":false,"takesScreenshot":true,"javascriptEnabled":true,"databaseEnabled":false,"networkConnectionEnabled":true,"locationContextEnabled":false,"warnings":{},"desired":{"platformName":"android","app":"C:\\Users\\son.pham\\Test\\AppiumPramework\\src\\ApiDemos-debug.apk","automationName":"uiautomator2","deviceName":"SON-PHONE","newCommandTimeout":14},"platformName":"android","app":"C:\\Users\\son.pham\\Test\\AppiumPramework\\src\\ApiDemos-debug.apk","automationName":"uiautomator2","deviceName":"emulator-5554","newCommandTimeout":14,"deviceUDID":"emulator-5554","appPackage":"io.appium.android.apis"}],"alwaysMatch":{}}}}
&amp#27;[35m[WD Proxy]&amp#27;[39m Determined the downstream protocol as 'W3C'
[debug] &amp#27;[35m[WD Proxy]&amp#27;[39m Proxying [GET /appium/device/info] to [GET http://127.0.0.1:8203/wd/hub/session/583471b8-2ced-4fb2-af62-baeffb17ddf6/appium/device/info] with no body
[debug] &amp#27;[35m[WD Proxy]&amp#27;[39m Got response with status 200: {"sessionId":"583471b8-2ced-4fb2-af62-baeffb17ddf6","value":{"androidId":"bfd7974fd56073e9","manufacturer":"Google","model":"AOSP on IA Emulator","brand":"google","apiVersion":"28","platformVersion":"9","carrierName":"Android","realDisplaySize":"1080x1920","displayDensity":420,"networks":[{"type":1,"typeName":"WIFI","subtype":0,"subtypeName":"","isConnected":true,"detailedState":"CONNECTED","state":"CONNECTED","extraInfo":null,"isAvailable":true,"isFailover":false,"isRoaming":false,"capabilities":{"transportTypes":"TRANSPORT_WIFI","networkCapabilities":"NET_CAPABILITY_NOT_METERED,NET_CAPABILITY_INTERNET,NET_CAPABILITY_NOT_RESTRICTED,NET_CAPABILITY_TRUSTED,NET_CAPABILITY_NOT_VPN,NET_CAPABILITY_VALIDATED,NET_CAPABILITY_NOT_ROAMING,NET_CAPABILITY_FOREGROUND,NET_CAPABILITY_NOT_CONGESTED,NET_CAPABILITY_NOT_SUSPENDED","linkUpstreamBandwidthKbps":1048576,"linkDownBandwidthKbps":1048576,"signalStrength":-50,"networkSpecifier":null,"SSID":null}},{"type":0,"typeName":"MOBILE","subtype":13,"subtypeName":"LTE","isConn...
[debug] &amp#27;[35m[ADB]&amp#27;[39m Running 'C:\Users\son.pham\AppData\Local\Android\Sdk\platform-tools\adb.exe -P 5037 -s emulator-5554 shell dumpsys window'
&amp#27;[35m[AndroidDriver]&amp#27;[39m Screen already unlocked, doing nothing
&amp#27;[35m[UiAutomator2]&amp#27;[39m Starting 'io.appium.android.apis/ApiDemos and waiting for 'io.appium.android.apis/ApiDemos'
[debug] &amp#27;[35m[ADB]&amp#27;[39m Running 'C:\Users\son.pham\AppData\Local\Android\Sdk\platform-tools\adb.exe -P 5037 -s emulator-5554 shell am start -W -n io.appium.android.apis/ApiDemos -S -a android.intent.action.MAIN -c android.intent.category.LAUNCHER -f 0x10200000'
[debug] &amp#27;[35m[ADB]&amp#27;[39m We tried to start an activity that doesn't exist, retrying with '.ApiDemos' activity name
[debug] &amp#27;[35m[ADB]&amp#27;[39m Running 'C:\Users\son.pham\AppData\Local\Android\Sdk\platform-tools\adb.exe -P 5037 -s emulator-5554 shell am start -W -n io.appium.android.apis/.ApiDemos -S -a android.intent.action.MAIN -c android.intent.category.LAUNCHER -f 0x10200000'
[debug] &amp#27;[35m[ADB]&amp#27;[39m Waiting up to 20000ms for activity matching pkg: 'io.appium.android.apis' and activity: 'ApiDemos' to be focused
[debug] &amp#27;[35m[ADB]&amp#27;[39m Possible activities, to be checked: 'ApiDemos', 'io.appium.android.apis.ApiDemos'
[debug] &amp#27;[35m[ADB]&amp#27;[39m Getting focused package and activity
[debug] &amp#27;[35m[ADB]&amp#27;[39m Running 'C:\Users\son.pham\AppData\Local\Android\Sdk\platform-tools\adb.exe -P 5037 -s emulator-5554 shell dumpsys window windows'
[debug] &amp#27;[35m[ADB]&amp#27;[39m Found package: 'io.appium.android.apis' and fully qualified activity name : 'io.appium.android.apis.ApiDemos'
[debug] &amp#27;[35m[WD Proxy]&amp#27;[39m Proxying [GET /appium/device/pixel_ratio] to [GET http://127.0.0.1:8203/wd/hub/session/583471b8-2ced-4fb2-af62-baeffb17ddf6/appium/device/pixel_ratio] with body: {}
[debug] &amp#27;[35m[WD Proxy]&amp#27;[39m Got response with status 200: {"sessionId":"583471b8-2ced-4fb2-af62-baeffb17ddf6","value":2.625}
[debug] &amp#27;[35m[WD Proxy]&amp#27;[39m Matched '/appium/device/system_bars' to command name 'getSystemBars'
[debug] &amp#27;[35m[WD Proxy]&amp#27;[39m Proxying [GET /appium/device/system_bars] to [GET http://127.0.0.1:8203/wd/hub/session/583471b8-2ced-4fb2-af62-baeffb17ddf6/appium/device/system_bars] with body: {}
[debug] &amp#27;[35m[WD Proxy]&amp#27;[39m Got response with status 200: {"sessionId":"583471b8-2ced-4fb2-af62-baeffb17ddf6","value":{"statusBar":63}}
[debug] &amp#27;[35m[WD Proxy]&amp#27;[39m Matched '/window/current/size' to command name 'getWindowSize'
[debug] &amp#27;[35m[WD Proxy]&amp#27;[39m Proxying [GET /window/current/size] to [GET http://127.0.0.1:8203/wd/hub/session/583471b8-2ced-4fb2-af62-baeffb17ddf6/window/current/size] with body: {}
[debug] &amp#27;[35m[WD Proxy]&amp#27;[39m Got response with status 200: {"sessionId":"583471b8-2ced-4fb2-af62-baeffb17ddf6","value":{"height":1794,"width":1080}}
&amp#27;[35m[Appium]&amp#27;[39m New AndroidUiautomator2Driver session created successfully, session c32fa931-a4f6-47ff-b2c8-2bde2f44ed5f added to master session list
[debug] &amp#27;[35m[BaseDriver]&amp#27;[39m Event 'newSessionStarted' logged at 1593770159499 (16:55:59 GMT+0700 (Indochina Time))
[debug] &amp#27;[35m[W3C (c32fa931)]&amp#27;[39m Cached the protocol value 'W3C' for the new session c32fa931-a4f6-47ff-b2c8-2bde2f44ed5f
[debug] &amp#27;[35m[W3C (c32fa931)]&amp#27;[39m Responding to client with driver.createSession() result: {"capabilities":{"platform":"LINUX","webStorageEnabled":false,"takesScreenshot":true,"javascriptEnabled":true,"databaseEnabled":false,"networkConnectionEnabled":true,"locationContextEnabled":false,"warnings":{},"desired":{"platformName":"android","app":"C:\\Users\\son.pham\\Test\\AppiumPramework\\src\\ApiDemos-debug.apk","automationName":"uiautomator2","deviceName":"SON-PHONE","newCommandTimeout":14},"platformName":"android","app":"C:\\Users\\son.pham\\Test\\AppiumPramework\\src\\ApiDemos-debug.apk","automationName":"uiautomator2","deviceName":"emulator-5554","newCommandTimeout":14,"deviceUDID":"emulator-5554","appPackage":"io.appium.android.apis","deviceApiLevel":28,"platformVersion":"9","deviceScreenSize":"1080x1920","deviceScreenDensity":420,"deviceModel":"AOSP on IA Emulator","deviceManufacturer":"Google","pixelRatio":2.625,"statBarHeight":63,"viewportRect":{"left":0,"top":63,"width":1080,"height":1731}}}
&amp#27;[35m[HTTP]&amp#27;[39m &amp#27;[37m<-- POST /wd/hub/session &amp#27;[39m&amp#27;[32m200&amp#27;[39m &amp#27;[90m11840 ms - 983&amp#27;[39m
&amp#27;[35m[HTTP]&amp#27;[39m &amp#27;[90m&amp#27;[39m
&amp#27;[35m[HTTP]&amp#27;[39m &amp#27;[37m-->&amp#27;[39m &amp#27;[37mPOST&amp#27;[39m &amp#27;[37m/wd/hub/session/c32fa931-a4f6-47ff-b2c8-2bde2f44ed5f/timeouts&amp#27;[39m
&amp#27;[35m[HTTP]&amp#27;[39m &amp#27;[90m{"implicit":10000}&amp#27;[39m
[debug] &amp#27;[35m[W3C (c32fa931)]&amp#27;[39m Calling AppiumDriver.timeouts() with args: [null,null,null,null,10000,"c32fa931-a4f6-47ff-b2c8-2bde2f44ed5f"]
[debug] &amp#27;[35m[BaseDriver]&amp#27;[39m W3C timeout argument: {"implicit":10000}}
[debug] &amp#27;[35m[BaseDriver]&amp#27;[39m Set implicit wait to 10000ms
[debug] &amp#27;[35m[W3C (c32fa931)]&amp#27;[39m Responding to client with driver.timeouts() result: null
&amp#27;[35m[HTTP]&amp#27;[39m &amp#27;[37m<-- POST /wd/hub/session/c32fa931-a4f6-47ff-b2c8-2bde2f44ed5f/timeouts &amp#27;[39m&amp#27;[32m200&amp#27;[39m &amp#27;[90m9 ms - 14&amp#27;[39m
&amp#27;[35m[HTTP]&amp#27;[39m &amp#27;[90m&amp#27;[39m
&amp#27;[35m[HTTP]&amp#27;[39m &amp#27;[37m-->&amp#27;[39m &amp#27;[37mGET&amp#27;[39m &amp#27;[37m/wd/hub/session/c32fa931-a4f6-47ff-b2c8-2bde2f44ed5f/context&amp#27;[39m
&amp#27;[35m[HTTP]&amp#27;[39m &amp#27;[90m{}&amp#27;[39m
[debug] &amp#27;[35m[W3C (c32fa931)]&amp#27;[39m Calling AppiumDriver.getCurrentContext() with args: ["c32fa931-a4f6-47ff-b2c8-2bde2f44ed5f"]
[debug] &amp#27;[35m[W3C (c32fa931)]&amp#27;[39m Responding to client with driver.getCurrentContext() result: "NATIVE_APP"
&amp#27;[35m[HTTP]&amp#27;[39m &amp#27;[37m<-- GET /wd/hub/session/c32fa931-a4f6-47ff-b2c8-2bde2f44ed5f/context &amp#27;[39m&amp#27;[32m200&amp#27;[39m &amp#27;[90m7 ms - 22&amp#27;[39m
&amp#27;[35m[HTTP]&amp#27;[39m &amp#27;[90m&amp#27;[39m
&amp#27;[35m[HTTP]&amp#27;[39m &amp#27;[37m-->&amp#27;[39m &amp#27;[37mPOST&amp#27;[39m &amp#27;[37m/wd/hub/session/c32fa931-a4f6-47ff-b2c8-2bde2f44ed5f/element&amp#27;[39m
&amp#27;[35m[HTTP]&amp#27;[39m &amp#27;[90m{"using":"xpath","value":"//android.widget.TextView[@text='Preference']"}&amp#27;[39m
[debug] &amp#27;[35m[W3C (c32fa931)]&amp#27;[39m Calling AppiumDriver.findElement() with args: ["xpath","//android.widget.TextView[@text='Preference']","c32fa931-a4f6-47ff-b2c8-2bde2f44ed5f"]
[debug] &amp#27;[35m[BaseDriver]&amp#27;[39m Valid locator strategies for this request: xpath, id, class name, accessibility id, -android uiautomator
[debug] &amp#27;[35m[BaseDriver]&amp#27;[39m Waiting up to 10000 ms for condition
[debug] &amp#27;[35m[WD Proxy]&amp#27;[39m Matched '/element' to command name 'findElement'
[debug] &amp#27;[35m[WD Proxy]&amp#27;[39m Proxying [POST /element] to [POST http://127.0.0.1:8203/wd/hub/session/583471b8-2ced-4fb2-af62-baeffb17ddf6/element] with body: {"strategy":"xpath","selector":"//android.widget.TextView[@text='Preference']","context":"","multiple":false}
[debug] &amp#27;[35m[WD Proxy]&amp#27;[39m Got response with status 200: {"sessionId":"583471b8-2ced-4fb2-af62-baeffb17ddf6","value":{"ELEMENT":"c14666c6-fa85-496d-a55f-e1c2b83ce4f0","element-6066-11e4-a52e-4f735466cecf":"c14666c6-fa85-496d-a55f-e1c2b83ce4f0"}}
[debug] &amp#27;[35m[W3C (c32fa931)]&amp#27;[39m Responding to client with driver.findElement() result: {"element-6066-11e4-a52e-4f735466cecf":"c14666c6-fa85-496d-a55f-e1c2b83ce4f0","ELEMENT":"c14666c6-fa85-496d-a55f-e1c2b83ce4f0"}
&amp#27;[35m[HTTP]&amp#27;[39m &amp#27;[37m<-- POST /wd/hub/session/c32fa931-a4f6-47ff-b2c8-2bde2f44ed5f/element &amp#27;[39m&amp#27;[32m200&amp#27;[39m &amp#27;[90m842 ms - 137&amp#27;[39m
&amp#27;[35m[HTTP]&amp#27;[39m &amp#27;[90m&amp#27;[39m
&amp#27;[35m[HTTP]&amp#27;[39m &amp#27;[37m-->&amp#27;[39m &amp#27;[37mPOST&amp#27;[39m &amp#27;[37m/wd/hub/session/c32fa931-a4f6-47ff-b2c8-2bde2f44ed5f/element/c14666c6-fa85-496d-a55f-e1c2b83ce4f0/click&amp#27;[39m
&amp#27;[35m[HTTP]&amp#27;[39m &amp#27;[90m{"id":"c14666c6-fa85-496d-a55f-e1c2b83ce4f0"}&amp#27;[39m
[debug] &amp#27;[35m[W3C (c32fa931)]&amp#27;[39m Calling AppiumDriver.click() with args: ["c14666c6-fa85-496d-a55f-e1c2b83ce4f0","c32fa931-a4f6-47ff-b2c8-2bde2f44ed5f"]
[debug] &amp#27;[35m[WD Proxy]&amp#27;[39m Matched '/element/c14666c6-fa85-496d-a55f-e1c2b83ce4f0/click' to command name 'click'
[debug] &amp#27;[35m[WD Proxy]&amp#27;[39m Proxying [POST /element/c14666c6-fa85-496d-a55f-e1c2b83ce4f0/click] to [POST http://127.0.0.1:8203/wd/hub/session/583471b8-2ced-4fb2-af62-baeffb17ddf6/element/c14666c6-fa85-496d-a55f-e1c2b83ce4f0/click] with body: {"element":"c14666c6-fa85-496d-a55f-e1c2b83ce4f0"}
[debug] &amp#27;[35m[WD Proxy]&amp#27;[39m Got response with status 200: {"sessionId":"583471b8-2ced-4fb2-af62-baeffb17ddf6","value":null}
[debug] &amp#27;[35m[W3C (c32fa931)]&amp#27;[39m Responding to client with driver.click() result: null
&amp#27;[35m[HTTP]&amp#27;[39m &amp#27;[37m<-- POST /wd/hub/session/c32fa931-a4f6-47ff-b2c8-2bde2f44ed5f/element/c14666c6-fa85-496d-a55f-e1c2b83ce4f0/click &amp#27;[39m&amp#27;[32m200&amp#27;[39m &amp#27;[90m46 ms - 14&amp#27;[39m
&amp#27;[35m[HTTP]&amp#27;[39m &amp#27;[90m&amp#27;[39m
&amp#27;[35m[HTTP]&amp#27;[39m &amp#27;[37m-->&amp#27;[39m &amp#27;[37mGET&amp#27;[39m &amp#27;[37m/wd/hub/session/c32fa931-a4f6-47ff-b2c8-2bde2f44ed5f/context&amp#27;[39m
&amp#27;[35m[HTTP]&amp#27;[39m &amp#27;[90m{}&amp#27;[39m
[debug] &amp#27;[35m[W3C (c32fa931)]&amp#27;[39m Calling AppiumDriver.getCurrentContext() with args: ["c32fa931-a4f6-47ff-b2c8-2bde2f44ed5f"]
[debug] &amp#27;[35m[W3C (c32fa931)]&amp#27;[39m Responding to client with driver.getCurrentContext() result: "NATIVE_APP"
&amp#27;[35m[HTTP]&amp#27;[39m &amp#27;[37m<-- GET /wd/hub/session/c32fa931-a4f6-47ff-b2c8-2bde2f44ed5f/context &amp#27;[39m&amp#27;[32m200&amp#27;[39m &amp#27;[90m3 ms - 22&amp#27;[39m
&amp#27;[35m[HTTP]&amp#27;[39m &amp#27;[90m&amp#27;[39m
&amp#27;[35m[HTTP]&amp#27;[39m &amp#27;[37m-->&amp#27;[39m &amp#27;[37mPOST&amp#27;[39m &amp#27;[37m/wd/hub/session/c32fa931-a4f6-47ff-b2c8-2bde2f44ed5f/element&amp#27;[39m
&amp#27;[35m[HTTP]&amp#27;[39m &amp#27;[90m{"using":"xpath","value":"//android.widget.TextView[@text='3. Preference dependencies']"}&amp#27;[39m
[debug] &amp#27;[35m[W3C (c32fa931)]&amp#27;[39m Calling AppiumDriver.findElement() with args: ["xpath","//android.widget.TextView[@text='3. Preference dependencies']","c32fa931-a4f6-47ff-b2c8-2bde2f44ed5f"]
[debug] &amp#27;[35m[BaseDriver]&amp#27;[39m Valid locator strategies for this request: xpath, id, class name, accessibility id, -android uiautomator
[debug] &amp#27;[35m[BaseDriver]&amp#27;[39m Waiting up to 10000 ms for condition
[debug] &amp#27;[35m[WD Proxy]&amp#27;[39m Matched '/element' to command name 'findElement'
[debug] &amp#27;[35m[WD Proxy]&amp#27;[39m Proxying [POST /element] to [POST http://127.0.0.1:8203/wd/hub/session/583471b8-2ced-4fb2-af62-baeffb17ddf6/element] with body: {"strategy":"xpath","selector":"//android.widget.TextView[@text='3. Preference dependencies']","context":"","multiple":false}
[debug] &amp#27;[35m[WD Proxy]&amp#27;[39m Got response with status 200: {"sessionId":"583471b8-2ced-4fb2-af62-baeffb17ddf6","value":{"ELEMENT":"b771fb81-dd14-45e7-b93f-be8c540d344b","element-6066-11e4-a52e-4f735466cecf":"b771fb81-dd14-45e7-b93f-be8c540d344b"}}
[debug] &amp#27;[35m[W3C (c32fa931)]&amp#27;[39m Responding to client with driver.findElement() result: {"element-6066-11e4-a52e-4f735466cecf":"b771fb81-dd14-45e7-b93f-be8c540d344b","ELEMENT":"b771fb81-dd14-45e7-b93f-be8c540d344b"}
&amp#27;[35m[HTTP]&amp#27;[39m &amp#27;[37m<-- POST /wd/hub/session/c32fa931-a4f6-47ff-b2c8-2bde2f44ed5f/element &amp#27;[39m&amp#27;[32m200&amp#27;[39m &amp#27;[90m1417 ms - 137&amp#27;[39m
&amp#27;[35m[HTTP]&amp#27;[39m &amp#27;[90m&amp#27;[39m
&amp#27;[35m[HTTP]&amp#27;[39m &amp#27;[37m-->&amp#27;[39m &amp#27;[37mPOST&amp#27;[39m &amp#27;[37m/wd/hub/session/c32fa931-a4f6-47ff-b2c8-2bde2f44ed5f/element/b771fb81-dd14-45e7-b93f-be8c540d344b/click&amp#27;[39m
&amp#27;[35m[HTTP]&amp#27;[39m &amp#27;[90m{"id":"b771fb81-dd14-45e7-b93f-be8c540d344b"}&amp#27;[39m
[debug] &amp#27;[35m[W3C (c32fa931)]&amp#27;[39m Calling AppiumDriver.click() with args: ["b771fb81-dd14-45e7-b93f-be8c540d344b","c32fa931-a4f6-47ff-b2c8-2bde2f44ed5f"]
[debug] &amp#27;[35m[WD Proxy]&amp#27;[39m Matched '/element/b771fb81-dd14-45e7-b93f-be8c540d344b/click' to command name 'click'
[debug] &amp#27;[35m[WD Proxy]&amp#27;[39m Proxying [POST /element/b771fb81-dd14-45e7-b93f-be8c540d344b/click] to [POST http://127.0.0.1:8203/wd/hub/session/583471b8-2ced-4fb2-af62-baeffb17ddf6/element/b771fb81-dd14-45e7-b93f-be8c540d344b/click] with body: {"element":"b771fb81-dd14-45e7-b93f-be8c540d344b"}
[debug] &amp#27;[35m[WD Proxy]&amp#27;[39m Got response with status 200: {"sessionId":"583471b8-2ced-4fb2-af62-baeffb17ddf6","value":null}
[debug] &amp#27;[35m[W3C (c32fa931)]&amp#27;[39m Responding to client with driver.click() result: null
&amp#27;[35m[HTTP]&amp#27;[39m &amp#27;[37m<-- POST /wd/hub/session/c32fa931-a4f6-47ff-b2c8-2bde2f44ed5f/element/b771fb81-dd14-45e7-b93f-be8c540d344b/click &amp#27;[39m&amp#27;[32m200&amp#27;[39m &amp#27;[90m1112 ms - 14&amp#27;[39m
&amp#27;[35m[HTTP]&amp#27;[39m &amp#27;[90m&amp#27;[39m
&amp#27;[35m[HTTP]&amp#27;[39m &amp#27;[37m-->&amp#27;[39m &amp#27;[37mPOST&amp#27;[39m &amp#27;[37m/wd/hub/session/c32fa931-a4f6-47ff-b2c8-2bde2f44ed5f/element&amp#27;[39m
&amp#27;[35m[HTTP]&amp#27;[39m &amp#27;[90m{"using":"id","value":"android:id/checkbox"}&amp#27;[39m
[debug] &amp#27;[35m[W3C (c32fa931)]&amp#27;[39m Calling AppiumDriver.findElement() with args: ["id","android:id/checkbox","c32fa931-a4f6-47ff-b2c8-2bde2f44ed5f"]
[debug] &amp#27;[35m[BaseDriver]&amp#27;[39m Valid locator strategies for this request: xpath, id, class name, accessibility id, -android uiautomator
[debug] &amp#27;[35m[BaseDriver]&amp#27;[39m Waiting up to 10000 ms for condition
[debug] &amp#27;[35m[WD Proxy]&amp#27;[39m Matched '/element' to command name 'findElement'
[debug] &amp#27;[35m[WD Proxy]&amp#27;[39m Proxying [POST /element] to [POST http://127.0.0.1:8203/wd/hub/session/583471b8-2ced-4fb2-af62-baeffb17ddf6/element] with body: {"strategy":"id","selector":"android:id/checkbox","context":"","multiple":false}
[debug] &amp#27;[35m[WD Proxy]&amp#27;[39m Got response with status 200: {"sessionId":"583471b8-2ced-4fb2-af62-baeffb17ddf6","value":{"ELEMENT":"200c9021-b8c5-4c8a-bcd8-598de26e3f46","element-6066-11e4-a52e-4f735466cecf":"200c9021-b8c5-4c8a-bcd8-598de26e3f46"}}
[debug] &amp#27;[35m[W3C (c32fa931)]&amp#27;[39m Responding to client with driver.findElement() result: {"element-6066-11e4-a52e-4f735466cecf":"200c9021-b8c5-4c8a-bcd8-598de26e3f46","ELEMENT":"200c9021-b8c5-4c8a-bcd8-598de26e3f46"}
&amp#27;[35m[HTTP]&amp#27;[39m &amp#27;[37m<-- POST /wd/hub/session/c32fa931-a4f6-47ff-b2c8-2bde2f44ed5f/element &amp#27;[39m&amp#27;[32m200&amp#27;[39m &amp#27;[90m56 ms - 137&amp#27;[39m
&amp#27;[35m[HTTP]&amp#27;[39m &amp#27;[90m&amp#27;[39m
&amp#27;[35m[HTTP]&amp#27;[39m &amp#27;[37m-->&amp#27;[39m &amp#27;[37mPOST&amp#27;[39m &amp#27;[37m/wd/hub/session/c32fa931-a4f6-47ff-b2c8-2bde2f44ed5f/element/200c9021-b8c5-4c8a-bcd8-598de26e3f46/click&amp#27;[39m
&amp#27;[35m[HTTP]&amp#27;[39m &amp#27;[90m{"id":"200c9021-b8c5-4c8a-bcd8-598de26e3f46"}&amp#27;[39m
[debug] &amp#27;[35m[W3C (c32fa931)]&amp#27;[39m Calling AppiumDriver.click() with args: ["200c9021-b8c5-4c8a-bcd8-598de26e3f46","c32fa931-a4f6-47ff-b2c8-2bde2f44ed5f"]
[debug] &amp#27;[35m[WD Proxy]&amp#27;[39m Matched '/element/200c9021-b8c5-4c8a-bcd8-598de26e3f46/click' to command name 'click'
[debug] &amp#27;[35m[WD Proxy]&amp#27;[39m Proxying [POST /element/200c9021-b8c5-4c8a-bcd8-598de26e3f46/click] to [POST http://127.0.0.1:8203/wd/hub/session/583471b8-2ced-4fb2-af62-baeffb17ddf6/element/200c9021-b8c5-4c8a-bcd8-598de26e3f46/click] with body: {"element":"200c9021-b8c5-4c8a-bcd8-598de26e3f46"}
[debug] &amp#27;[35m[WD Proxy]&amp#27;[39m Got response with status 200: {"sessionId":"583471b8-2ced-4fb2-af62-baeffb17ddf6","value":null}
[debug] &amp#27;[35m[W3C (c32fa931)]&amp#27;[39m Responding to client with driver.click() result: null
&amp#27;[35m[HTTP]&amp#27;[39m &amp#27;[37m<-- POST /wd/hub/session/c32fa931-a4f6-47ff-b2c8-2bde2f44ed5f/element/200c9021-b8c5-4c8a-bcd8-598de26e3f46/click &amp#27;[39m&amp#27;[32m200&amp#27;[39m &amp#27;[90m723 ms - 14&amp#27;[39m
&amp#27;[35m[HTTP]&amp#27;[39m &amp#27;[90m&amp#27;[39m
&amp#27;[35m[HTTP]&amp#27;[39m &amp#27;[37m-->&amp#27;[39m &amp#27;[37mPOST&amp#27;[39m &amp#27;[37m/wd/hub/session/c32fa931-a4f6-47ff-b2c8-2bde2f44ed5f/element&amp#27;[39m
&amp#27;[35m[HTTP]&amp#27;[39m &amp#27;[90m{"using":"xpath","value":"(//android.widget.RelativeLayout)[2]"}&amp#27;[39m
[debug] &amp#27;[35m[W3C (c32fa931)]&amp#27;[39m Calling AppiumDriver.findElement() with args: ["xpath","(//android.widget.RelativeLayout)[2]","c32fa931-a4f6-47ff-b2c8-2bde2f44ed5f"]
[debug] &amp#27;[35m[BaseDriver]&amp#27;[39m Valid locator strategies for this request: xpath, id, class name, accessibility id, -android uiautomator
[debug] &amp#27;[35m[BaseDriver]&amp#27;[39m Waiting up to 10000 ms for condition
[debug] &amp#27;[35m[WD Proxy]&amp#27;[39m Matched '/element' to command name 'findElement'
[debug] &amp#27;[35m[WD Proxy]&amp#27;[39m Proxying [POST /element] to [POST http://127.0.0.1:8203/wd/hub/session/583471b8-2ced-4fb2-af62-baeffb17ddf6/element] with body: {"strategy":"xpath","selector":"(//android.widget.RelativeLayout)[2]","context":"","multiple":false}
[debug] &amp#27;[35m[WD Proxy]&amp#27;[39m Got response with status 200: {"sessionId":"583471b8-2ced-4fb2-af62-baeffb17ddf6","value":{"ELEMENT":"17b7dabf-7cb2-44fc-9143-91323214f20f","element-6066-11e4-a52e-4f735466cecf":"17b7dabf-7cb2-44fc-9143-91323214f20f"}}
[debug] &amp#27;[35m[W3C (c32fa931)]&amp#27;[39m Responding to client with driver.findElement() result: {"element-6066-11e4-a52e-4f735466cecf":"17b7dabf-7cb2-44fc-9143-91323214f20f","ELEMENT":"17b7dabf-7cb2-44fc-9143-91323214f20f"}
&amp#27;[35m[HTTP]&amp#27;[39m &amp#27;[37m<-- POST /wd/hub/session/c32fa931-a4f6-47ff-b2c8-2bde2f44ed5f/element &amp#27;[39m&amp#27;[32m200&amp#27;[39m &amp#27;[90m196 ms - 137&amp#27;[39m
&amp#27;[35m[HTTP]&amp#27;[39m &amp#27;[90m&amp#27;[39m
&amp#27;[35m[HTTP]&amp#27;[39m &amp#27;[37m-->&amp#27;[39m &amp#27;[37mPOST&amp#27;[39m &amp#27;[37m/wd/hub/session/c32fa931-a4f6-47ff-b2c8-2bde2f44ed5f/element/17b7dabf-7cb2-44fc-9143-91323214f20f/click&amp#27;[39m
&amp#27;[35m[HTTP]&amp#27;[39m &amp#27;[90m{"id":"17b7dabf-7cb2-44fc-9143-91323214f20f"}&amp#27;[39m
[debug] &amp#27;[35m[W3C (c32fa931)]&amp#27;[39m Calling AppiumDriver.click() with args: ["17b7dabf-7cb2-44fc-9143-91323214f20f","c32fa931-a4f6-47ff-b2c8-2bde2f44ed5f"]
[debug] &amp#27;[35m[WD Proxy]&amp#27;[39m Matched '/element/17b7dabf-7cb2-44fc-9143-91323214f20f/click' to command name 'click'
[debug] &amp#27;[35m[WD Proxy]&amp#27;[39m Proxying [POST /element/17b7dabf-7cb2-44fc-9143-91323214f20f/click] to [POST http://127.0.0.1:8203/wd/hub/session/583471b8-2ced-4fb2-af62-baeffb17ddf6/element/17b7dabf-7cb2-44fc-9143-91323214f20f/click] with body: {"element":"17b7dabf-7cb2-44fc-9143-91323214f20f"}
[debug] &amp#27;[35m[WD Proxy]&amp#27;[39m Got response with status 200: {"sessionId":"583471b8-2ced-4fb2-af62-baeffb17ddf6","value":null}
[debug] &amp#27;[35m[W3C (c32fa931)]&amp#27;[39m Responding to client with driver.click() result: null
&amp#27;[35m[HTTP]&amp#27;[39m &amp#27;[37m<-- POST /wd/hub/session/c32fa931-a4f6-47ff-b2c8-2bde2f44ed5f/element/17b7dabf-7cb2-44fc-9143-91323214f20f/click &amp#27;[39m&amp#27;[32m200&amp#27;[39m &amp#27;[90m1753 ms - 14&amp#27;[39m
&amp#27;[35m[HTTP]&amp#27;[39m &amp#27;[90m&amp#27;[39m
&amp#27;[35m[HTTP]&amp#27;[39m &amp#27;[37m-->&amp#27;[39m &amp#27;[37mPOST&amp#27;[39m &amp#27;[37m/wd/hub/session/c32fa931-a4f6-47ff-b2c8-2bde2f44ed5f/element&amp#27;[39m
&amp#27;[35m[HTTP]&amp#27;[39m &amp#27;[90m{"using":"class name","value":"android.widget.EditText"}&amp#27;[39m
[debug] &amp#27;[35m[W3C (c32fa931)]&amp#27;[39m Calling AppiumDriver.findElement() with args: ["class name","android.widget.EditText","c32fa931-a4f6-47ff-b2c8-2bde2f44ed5f"]
[debug] &amp#27;[35m[BaseDriver]&amp#27;[39m Valid locator strategies for this request: xpath, id, class name, accessibility id, -android uiautomator
[debug] &amp#27;[35m[BaseDriver]&amp#27;[39m Waiting up to 10000 ms for condition
[debug] &amp#27;[35m[WD Proxy]&amp#27;[39m Matched '/element' to command name 'findElement'
[debug] &amp#27;[35m[WD Proxy]&amp#27;[39m Proxying [POST /element] to [POST http://127.0.0.1:8203/wd/hub/session/583471b8-2ced-4fb2-af62-baeffb17ddf6/element] with body: {"strategy":"class name","selector":"android.widget.EditText","context":"","multiple":false}
[debug] &amp#27;[35m[WD Proxy]&amp#27;[39m Got response with status 200: {"sessionId":"583471b8-2ced-4fb2-af62-baeffb17ddf6","value":{"ELEMENT":"f8b2fc99-a1cf-40d9-adbe-cc6d72683696","element-6066-11e4-a52e-4f735466cecf":"f8b2fc99-a1cf-40d9-adbe-cc6d72683696"}}
[debug] &amp#27;[35m[W3C (c32fa931)]&amp#27;[39m Responding to client with driver.findElement() result: {"element-6066-11e4-a52e-4f735466cecf":"f8b2fc99-a1cf-40d9-adbe-cc6d72683696","ELEMENT":"f8b2fc99-a1cf-40d9-adbe-cc6d72683696"}
&amp#27;[35m[HTTP]&amp#27;[39m &amp#27;[37m<-- POST /wd/hub/session/c32fa931-a4f6-47ff-b2c8-2bde2f44ed5f/element &amp#27;[39m&amp#27;[32m200&amp#27;[39m &amp#27;[90m61 ms - 137&amp#27;[39m
&amp#27;[35m[HTTP]&amp#27;[39m &amp#27;[90m&amp#27;[39m
&amp#27;[35m[HTTP]&amp#27;[39m &amp#27;[37m-->&amp#27;[39m &amp#27;[37mPOST&amp#27;[39m &amp#27;[37m/wd/hub/session/c32fa931-a4f6-47ff-b2c8-2bde2f44ed5f/element/f8b2fc99-a1cf-40d9-adbe-cc6d72683696/value&amp#27;[39m
&amp#27;[35m[HTTP]&amp#27;[39m &amp#27;[90m{"id":"f8b2fc99-a1cf-40d9-adbe-cc6d72683696","text":"hello","value":["h","e","l","l","o"]}&amp#27;[39m
[debug] &amp#27;[35m[W3C (c32fa931)]&amp#27;[39m Calling AppiumDriver.setValue() with args: [["h","e","l","l","o"],"f8b2fc99-a1cf-40d9-adbe-cc6d72683696","c32fa931-a4f6-47ff-b2c8-2bde2f44ed5f"]
[debug] &amp#27;[35m[WD Proxy]&amp#27;[39m Matched '/element/f8b2fc99-a1cf-40d9-adbe-cc6d72683696/value' to command name 'setValue'
[debug] &amp#27;[35m[Protocol Converter]&amp#27;[39m Added 'value' property ["h","e","l","l","o"] to 'setValue' request body
[debug] &amp#27;[35m[WD Proxy]&amp#27;[39m Proxying [POST /element/f8b2fc99-a1cf-40d9-adbe-cc6d72683696/value] to [POST http://127.0.0.1:8203/wd/hub/session/583471b8-2ced-4fb2-af62-baeffb17ddf6/element/f8b2fc99-a1cf-40d9-adbe-cc6d72683696/value] with body: {"elementId":"f8b2fc99-a1cf-40d9-adbe-cc6d72683696","text":"hello","replace":false,"value":["h","e","l","l","o"]}
[debug] &amp#27;[35m[WD Proxy]&amp#27;[39m Got response with status 200: {"sessionId":"583471b8-2ced-4fb2-af62-baeffb17ddf6","value":null}
[debug] &amp#27;[35m[W3C (c32fa931)]&amp#27;[39m Responding to client with driver.setValue() result: null
&amp#27;[35m[HTTP]&amp#27;[39m &amp#27;[37m<-- POST /wd/hub/session/c32fa931-a4f6-47ff-b2c8-2bde2f44ed5f/element/f8b2fc99-a1cf-40d9-adbe-cc6d72683696/value &amp#27;[39m&amp#27;[32m200&amp#27;[39m &amp#27;[90m181 ms - 14&amp#27;[39m
&amp#27;[35m[HTTP]&amp#27;[39m &amp#27;[90m&amp#27;[39m
&amp#27;[35m[HTTP]&amp#27;[39m &amp#27;[37m-->&amp#27;[39m &amp#27;[37mGET&amp#27;[39m &amp#27;[37m/wd/hub/session/c32fa931-a4f6-47ff-b2c8-2bde2f44ed5f/context&amp#27;[39m
&amp#27;[35m[HTTP]&amp#27;[39m &amp#27;[90m{}&amp#27;[39m
[debug] &amp#27;[35m[W3C (c32fa931)]&amp#27;[39m Calling AppiumDriver.getCurrentContext() with args: ["c32fa931-a4f6-47ff-b2c8-2bde2f44ed5f"]
[debug] &amp#27;[35m[W3C (c32fa931)]&amp#27;[39m Responding to client with driver.getCurrentContext() result: "NATIVE_APP"
&amp#27;[35m[HTTP]&amp#27;[39m &amp#27;[37m<-- GET /wd/hub/session/c32fa931-a4f6-47ff-b2c8-2bde2f44ed5f/context &amp#27;[39m&amp#27;[32m200&amp#27;[39m &amp#27;[90m1 ms - 22&amp#27;[39m
&amp#27;[35m[HTTP]&amp#27;[39m &amp#27;[90m&amp#27;[39m
&amp#27;[35m[HTTP]&amp#27;[39m &amp#27;[37m-->&amp#27;[39m &amp#27;[37mPOST&amp#27;[39m &amp#27;[37m/wd/hub/session/c32fa931-a4f6-47ff-b2c8-2bde2f44ed5f/elements&amp#27;[39m
&amp#27;[35m[HTTP]&amp#27;[39m &amp#27;[90m{"using":"class name","value":"android.widget.Button"}&amp#27;[39m
[debug] &amp#27;[35m[W3C (c32fa931)]&amp#27;[39m Calling AppiumDriver.findElements() with args: ["class name","android.widget.Button","c32fa931-a4f6-47ff-b2c8-2bde2f44ed5f"]
[debug] &amp#27;[35m[BaseDriver]&amp#27;[39m Valid locator strategies for this request: xpath, id, class name, accessibility id, -android uiautomator
[debug] &amp#27;[35m[BaseDriver]&amp#27;[39m Waiting up to 10000 ms for condition
[debug] &amp#27;[35m[WD Proxy]&amp#27;[39m Matched '/elements' to command name 'findElements'
[debug] &amp#27;[35m[WD Proxy]&amp#27;[39m Proxying [POST /elements] to [POST http://127.0.0.1:8203/wd/hub/session/583471b8-2ced-4fb2-af62-baeffb17ddf6/elements] with body: {"strategy":"class name","selector":"android.widget.Button","context":"","multiple":true}
[debug] &amp#27;[35m[WD Proxy]&amp#27;[39m Got response with status 200: {"sessionId":"583471b8-2ced-4fb2-af62-baeffb17ddf6","value":[{"ELEMENT":"b236ab49-b85a-4955-9ef3-b333927b0c41","element-6066-11e4-a52e-4f735466cecf":"b236ab49-b85a-4955-9ef3-b333927b0c41"},{"ELEMENT":"6592ca08-db8d-4441-8617-fa6248e102f4","element-6066-11e4-a52e-4f735466cecf":"6592ca08-db8d-4441-8617-fa6248e102f4"}]}
[debug] &amp#27;[35m[W3C (c32fa931)]&amp#27;[39m Responding to client with driver.findElements() result: [{"element-6066-11e4-a52e-4f735466cecf":"b236ab49-b85a-4955-9ef3-b333927b0c41","ELEMENT":"b236ab49-b85a-4955-9ef3-b333927b0c41"},{"element-6066-11e4-a52e-4f735466cecf":"6592ca08-db8d-4441-8617-fa6248e102f4","ELEMENT":"6592ca08-db8d-4441-8617-fa6248e102f4"}]
&amp#27;[35m[HTTP]&amp#27;[39m &amp#27;[37m<-- POST /wd/hub/session/c32fa931-a4f6-47ff-b2c8-2bde2f44ed5f/elements &amp#27;[39m&amp#27;[32m200&amp#27;[39m &amp#27;[90m822 ms - 267&amp#27;[39m
&amp#27;[35m[HTTP]&amp#27;[39m &amp#27;[90m&amp#27;[39m
&amp#27;[35m[HTTP]&amp#27;[39m &amp#27;[37m-->&amp#27;[39m &amp#27;[37mPOST&amp#27;[39m &amp#27;[37m/wd/hub/session/c32fa931-a4f6-47ff-b2c8-2bde2f44ed5f/element/6592ca08-db8d-4441-8617-fa6248e102f4/click&amp#27;[39m
&amp#27;[35m[HTTP]&amp#27;[39m &amp#27;[90m{"id":"6592ca08-db8d-4441-8617-fa6248e102f4"}&amp#27;[39m
[debug] &amp#27;[35m[W3C (c32fa931)]&amp#27;[39m Calling AppiumDriver.click() with args: ["6592ca08-db8d-4441-8617-fa6248e102f4","c32fa931-a4f6-47ff-b2c8-2bde2f44ed5f"]
[debug] &amp#27;[35m[WD Proxy]&amp#27;[39m Matched '/element/6592ca08-db8d-4441-8617-fa6248e102f4/click' to command name 'click'
[debug] &amp#27;[35m[WD Proxy]&amp#27;[39m Proxying [POST /element/6592ca08-db8d-4441-8617-fa6248e102f4/click] to [POST http://127.0.0.1:8203/wd/hub/session/583471b8-2ced-4fb2-af62-baeffb17ddf6/element/6592ca08-db8d-4441-8617-fa6248e102f4/click] with body: {"element":"6592ca08-db8d-4441-8617-fa6248e102f4"}
[debug] &amp#27;[35m[WD Proxy]&amp#27;[39m Got response with status 200: {"sessionId":"583471b8-2ced-4fb2-af62-baeffb17ddf6","value":null}
[debug] &amp#27;[35m[W3C (c32fa931)]&amp#27;[39m Responding to client with driver.click() result: null
&amp#27;[35m[HTTP]&amp#27;[39m &amp#27;[37m<-- POST /wd/hub/session/c32fa931-a4f6-47ff-b2c8-2bde2f44ed5f/element/6592ca08-db8d-4441-8617-fa6248e102f4/click &amp#27;[39m&amp#27;[32m200&amp#27;[39m &amp#27;[90m174 ms - 14&amp#27;[39m
&amp#27;[35m[HTTP]&amp#27;[39m &amp#27;[90m&amp#27;[39m
]]></system-out>
    <system-err><![CDATA[Jul 03, 2020 4:55:59 PM io.appium.java_client.remote.AppiumCommandExecutor$1 lambda$0
INFO: Detected dialect: W3C
]]></system-err>
  </testcase>
  <testcase name="apiDemo[fdlfjdklsfj](2)" classname="practise.AppiumPramework.AipDemoTest" time="27.44">
    <system-out><![CDATA[&amp#27;[35m[Appium]&amp#27;[39m Welcome to Appium v1.17.1
&amp#27;[35m[Appium]&amp#27;[39m Appium REST http interface listener started on 0.0.0.0:4723
&amp#27;[35m[HTTP]&amp#27;[39m &amp#27;[37m-->&amp#27;[39m &amp#27;[37mGET&amp#27;[39m &amp#27;[37m/wd/hub/status&amp#27;[39m
&amp#27;[35m[HTTP]&amp#27;[39m &amp#27;[90m{}&amp#27;[39m
[debug] &amp#27;[35m[GENERIC]&amp#27;[39m Calling AppiumDriver.getStatus() with args: []
[debug] &amp#27;[35m[GENERIC]&amp#27;[39m Responding to client with driver.getStatus() result: {"build":{"version":"1.17.1"}}
&amp#27;[35m[HTTP]&amp#27;[39m &amp#27;[37m<-- GET /wd/hub/status &amp#27;[39m&amp#27;[32m200&amp#27;[39m &amp#27;[90m5 ms - 68&amp#27;[39m
&amp#27;[35m[HTTP]&amp#27;[39m &amp#27;[90m&amp#27;[39m
&amp#27;[35m[HTTP]&amp#27;[39m &amp#27;[37m-->&amp#27;[39m &amp#27;[37mPOST&amp#27;[39m &amp#27;[37m/wd/hub/session&amp#27;[39m
&amp#27;[35m[HTTP]&amp#27;[39m &amp#27;[90m{"desiredCapabilities":{"app":"C:\\Users\\son.pham\\Test\\AppiumPramework\\src\\ApiDemos-debug.apk","automationName":"uiautomator2","platformName":"Android","deviceName":"SON-PHONE","newCommandTimeout":14},"capabilities":{"firstMatch":[{"appium:app":"C:\\Users\\son.pham\\Test\\AppiumPramework\\src\\ApiDemos-debug.apk","appium:automationName":"uiautomator2","appium:deviceName":"SON-PHONE","appium:newCommandTimeout":14,"platformName":"android"}]}}&amp#27;[39m
[debug] &amp#27;[35m[W3C]&amp#27;[39m Calling AppiumDriver.createSession() with args: [{"app":"C:\\Users\\son.pham\\Test\\AppiumPramework\\src\\ApiDemos-debug.apk","automationName":"uiautomator2","platformName":"Android","deviceName":"SON-PHONE","newCommandTimeout":14},null,{"firstMatch":[{"appium:app":"C:\\Users\\son.pham\\Test\\AppiumPramework\\src\\ApiDemos-debug.apk","appium:automationName":"uiautomator2","appium:deviceName":"SON-PHONE","appium:newCommandTimeout":14,"platformName":"android"}]}]
[debug] &amp#27;[35m[BaseDriver]&amp#27;[39m Event 'newSessionRequested' logged at 1593770175453 (16:56:15 GMT+0700 (Indochina Time))
&amp#27;[35m[Appium]&amp#27;[39m Appium v1.17.1 creating new AndroidUiautomator2Driver (v1.44.2) session
[debug] &amp#27;[35m[BaseDriver]&amp#27;[39m W3C capabilities and MJSONWP desired capabilities were provided
[debug] &amp#27;[35m[BaseDriver]&amp#27;[39m Creating session with W3C capabilities: {
[debug] &amp#27;[35m[BaseDriver]&amp#27;[39m   "alwaysMatch": {
[debug] &amp#27;[35m[BaseDriver]&amp#27;[39m     "platformName": "android",
[debug] &amp#27;[35m[BaseDriver]&amp#27;[39m     "appium:app": "C:\\Users\\son.pham\\Test\\AppiumPramework\\src\\ApiDemos-debug.apk",
[debug] &amp#27;[35m[BaseDriver]&amp#27;[39m     "appium:automationName": "uiautomator2",
[debug] &amp#27;[35m[BaseDriver]&amp#27;[39m     "appium:deviceName": "SON-PHONE",
[debug] &amp#27;[35m[BaseDriver]&amp#27;[39m     "appium:newCommandTimeout": 14
[debug] &amp#27;[35m[BaseDriver]&amp#27;[39m   },
[debug] &amp#27;[35m[BaseDriver]&amp#27;[39m   "firstMatch": [
[debug] &amp#27;[35m[BaseDriver]&amp#27;[39m     {}
[debug] &amp#27;[35m[BaseDriver]&amp#27;[39m   ]
[debug] &amp#27;[35m[BaseDriver]&amp#27;[39m }
&amp#27;[35m[BaseDriver]&amp#27;[39m Session created with session id: 26d31100-398f-4b3b-95fc-5b49dae559e1
&amp#27;[35m[BaseDriver]&amp#27;[39m Using local app 'C:\Users\son.pham\Test\AppiumPramework\src\ApiDemos-debug.apk'
[debug] &amp#27;[35m[UiAutomator2]&amp#27;[39m Checking whether app is actually present
&amp#27;[35m[ADB]&amp#27;[39m Found 1 'build-tools' folders under 'C:\Users\son.pham\AppData\Local\Android\Sdk' (newest first):
&amp#27;[35m[ADB]&amp#27;[39m     C:/Users/son.pham/AppData/Local/Android/Sdk/build-tools/29.0.3
&amp#27;[35m[ADB]&amp#27;[39m Using 'adb.exe' from 'C:\Users\son.pham\AppData\Local\Android\Sdk\platform-tools\adb.exe'
&amp#27;[35m[AndroidDriver]&amp#27;[39m Retrieving device list
[debug] &amp#27;[35m[ADB]&amp#27;[39m Trying to find a connected android device
[debug] &amp#27;[35m[ADB]&amp#27;[39m Getting connected devices...
[debug] &amp#27;[35m[ADB]&amp#27;[39m Connected devices: [{"udid":"emulator-5554","state":"device"}]
&amp#27;[35m[AndroidDriver]&amp#27;[39m Using device: emulator-5554
&amp#27;[35m[ADB]&amp#27;[39m Using 'adb.exe' from 'C:\Users\son.pham\AppData\Local\Android\Sdk\platform-tools\adb.exe'
[debug] &amp#27;[35m[ADB]&amp#27;[39m Setting device id to emulator-5554
[debug] &amp#27;[35m[ADB]&amp#27;[39m Running 'C:\Users\son.pham\AppData\Local\Android\Sdk\platform-tools\adb.exe -P 5037 -s emulator-5554 shell getprop ro.build.version.sdk'
[debug] &amp#27;[35m[ADB]&amp#27;[39m Current device property 'ro.build.version.sdk': 28
&amp#27;[35m[ADB]&amp#27;[39m Getting device platform version
[debug] &amp#27;[35m[ADB]&amp#27;[39m Running 'C:\Users\son.pham\AppData\Local\Android\Sdk\platform-tools\adb.exe -P 5037 -s emulator-5554 shell getprop ro.build.version.release'
[debug] &amp#27;[35m[ADB]&amp#27;[39m Current device property 'ro.build.version.release': 9
[debug] &amp#27;[35m[ADB]&amp#27;[39m Device API level: 28
&amp#27;[35m[UiAutomator2]&amp#27;[39m Relaxing hidden api policy
[debug] &amp#27;[35m[ADB]&amp#27;[39m Running 'C:\Users\son.pham\AppData\Local\Android\Sdk\platform-tools\adb.exe -P 5037 -s emulator-5554 shell settings put global hidden_api_policy_pre_p_apps 1'
[debug] &amp#27;[35m[ADB]&amp#27;[39m Running 'C:\Users\son.pham\AppData\Local\Android\Sdk\platform-tools\adb.exe -P 5037 -s emulator-5554 shell settings put global hidden_api_policy_p_apps 1'
[debug] &amp#27;[35m[ADB]&amp#27;[39m Running 'C:\Users\son.pham\AppData\Local\Android\Sdk\platform-tools\adb.exe -P 5037 -s emulator-5554 shell settings put global hidden_api_policy 1'
[debug] &amp#27;[35m[AndroidDriver]&amp#27;[39m Parsing package and activity from app manifest
&amp#27;[35m[ADB]&amp#27;[39m Package name: 'io.appium.android.apis'
&amp#27;[35m[ADB]&amp#27;[39m Main activity name: 'ApiDemos'
[debug] &amp#27;[35m[AndroidDriver]&amp#27;[39m Parsed package and activity are: io.appium.android.apis/ApiDemos
[debug] &amp#27;[35m[ADB]&amp#27;[39m Running 'C:\Users\son.pham\AppData\Local\Android\Sdk\platform-tools\adb.exe -P 5037 -s emulator-5554 wait-for-device'
[debug] &amp#27;[35m[ADB]&amp#27;[39m Running 'C:\Users\son.pham\AppData\Local\Android\Sdk\platform-tools\adb.exe -P 5037 -s emulator-5554 shell echo ping'
[debug] &amp#27;[35m[AndroidDriver]&amp#27;[39m Pushing settings apk to device...
[debug] &amp#27;[35m[ADB]&amp#27;[39m Getting install status for io.appium.settings
[debug] &amp#27;[35m[ADB]&amp#27;[39m Running 'C:\Users\son.pham\AppData\Local\Android\Sdk\platform-tools\adb.exe -P 5037 -s emulator-5554 shell dumpsys package io.appium.settings'
[debug] &amp#27;[35m[ADB]&amp#27;[39m 'io.appium.settings' is installed
[debug] &amp#27;[35m[ADB]&amp#27;[39m Getting package info for 'io.appium.settings'
[debug] &amp#27;[35m[ADB]&amp#27;[39m Running 'C:\Users\son.pham\AppData\Local\Android\Sdk\platform-tools\adb.exe -P 5037 -s emulator-5554 shell dumpsys package io.appium.settings'
[debug] &amp#27;[35m[ADB]&amp#27;[39m The version name of the installed 'io.appium.settings' is greater or equal to the application version name ('3.1.0' >= '3.1.0')
[debug] &amp#27;[35m[ADB]&amp#27;[39m There is no need to install/upgrade 'C:\Users\son.pham\AppData\Roaming\npm\node_modules\appium\node_modules\io.appium.settings\apks\settings_apk-debug.apk'
[debug] &amp#27;[35m[ADB]&amp#27;[39m Getting IDs of all 'io.appium.settings' processes
[debug] &amp#27;[35m[ADB]&amp#27;[39m Running 'C:\Users\son.pham\AppData\Local\Android\Sdk\platform-tools\adb.exe -P 5037 -s emulator-5554 shell 'pgrep --help; echo $?''
[debug] &amp#27;[35m[ADB]&amp#27;[39m Running 'C:\Users\son.pham\AppData\Local\Android\Sdk\platform-tools\adb.exe -P 5037 -s emulator-5554 shell pgrep -f io\\.appium\\.settings'
[debug] &amp#27;[35m[AndroidDriver]&amp#27;[39m io.appium.settings is already running. There is no need to reset its permissions.
[debug] &amp#27;[35m[ADB]&amp#27;[39m Running 'C:\Users\son.pham\AppData\Local\Android\Sdk\platform-tools\adb.exe -P 5037 -s emulator-5554 shell appops set io.appium.settings android\:mock_location allow'
[debug] &amp#27;[35m[Logcat]&amp#27;[39m Starting logcat capture
[debug] &amp#27;[35m[UiAutomator2]&amp#27;[39m Forwarding UiAutomator2 Server port 6790 to 8204
[debug] &amp#27;[35m[ADB]&amp#27;[39m Forwarding system: 8204 to device: 6790
[debug] &amp#27;[35m[ADB]&amp#27;[39m Running 'C:\Users\son.pham\AppData\Local\Android\Sdk\platform-tools\adb.exe -P 5037 -s emulator-5554 forward tcp\:8204 tcp\:6790'
[debug] &amp#27;[35m[ADB]&amp#27;[39m Getting install status for io.appium.uiautomator2.server
[debug] &amp#27;[35m[ADB]&amp#27;[39m Running 'C:\Users\son.pham\AppData\Local\Android\Sdk\platform-tools\adb.exe -P 5037 -s emulator-5554 shell dumpsys package io.appium.uiautomator2.server'
[debug] &amp#27;[35m[ADB]&amp#27;[39m 'io.appium.uiautomator2.server' is installed
[debug] &amp#27;[35m[ADB]&amp#27;[39m Getting package info for 'io.appium.uiautomator2.server'
[debug] &amp#27;[35m[ADB]&amp#27;[39m Running 'C:\Users\son.pham\AppData\Local\Android\Sdk\platform-tools\adb.exe -P 5037 -s emulator-5554 shell dumpsys package io.appium.uiautomator2.server'
[debug] &amp#27;[35m[ADB]&amp#27;[39m The version name of the installed 'io.appium.uiautomator2.server' is greater or equal to the application version name ('4.5.5' >= '4.5.5')
[debug] &amp#27;[35m[UiAutomator2]&amp#27;[39m io.appium.uiautomator2.server installation state: sameVersionInstalled
[debug] &amp#27;[35m[ADB]&amp#27;[39m Checking app cert for C:\Users\son.pham\AppData\Roaming\npm\node_modules\appium\node_modules\appium-uiautomator2-server\apks\appium-uiautomator2-server-v4.5.5.apk
&amp#27;[35m[ADB]&amp#27;[39m Using 'apksigner.jar' from 'C:\Users\son.pham\AppData\Local\Android\Sdk\build-tools\29.0.3\lib\apksigner.jar'
[debug] &amp#27;[35m[ADB]&amp#27;[39m Starting apksigner: 'C:\\Program Files\\Java\\jdk1.8.0_251\\bin\\java.exe' -Xmx1024M -Xss1m -jar C:\\Users\\son.pham\\AppData\\Local\\Android\\Sdk\\build-tools\\29.0.3\\lib\\apksigner.jar verify --print-certs C:\\Users\\son.pham\\AppData\\Roaming\\npm\\node_modules\\appium\\node_modules\\appium-uiautomator2-server\\apks\\appium-uiautomator2-server-v4.5.5.apk
[debug] &amp#27;[35m[ADB]&amp#27;[39m apksigner stdout: Signer #1 certificate DN: EMAILADDRESS=android@android.com, CN=Android, OU=Android, O=Android, L=Mountain View, ST=California, C=US
[debug] &amp#27;[35m[ADB]&amp#27;[39m Signer #1 certificate SHA-256 digest: a40da80a59d170caa950cf15c18c454d47a39b26989d8b640ecd745ba71bf5dc
[debug] &amp#27;[35m[ADB]&amp#27;[39m Signer #1 certificate SHA-1 digest: 61ed377e85d386a8dfee6b864bd85b0bfaa5af81
[debug] &amp#27;[35m[ADB]&amp#27;[39m Signer #1 certificate MD5 digest: e89b158e4bcf988ebd09eb83f5378e87
[debug] &amp#27;[35m[ADB]&amp#27;[39m 
[debug] &amp#27;[35m[ADB]&amp#27;[39m 'C:\Users\son.pham\AppData\Roaming\npm\node_modules\appium\node_modules\appium-uiautomator2-server\apks\appium-uiautomator2-server-v4.5.5.apk' is signed with the default certificate
[debug] &amp#27;[35m[ADB]&amp#27;[39m Getting install status for io.appium.uiautomator2.server.test
[debug] &amp#27;[35m[ADB]&amp#27;[39m Running 'C:\Users\son.pham\AppData\Local\Android\Sdk\platform-tools\adb.exe -P 5037 -s emulator-5554 shell dumpsys package io.appium.uiautomator2.server.test'
[debug] &amp#27;[35m[ADB]&amp#27;[39m 'io.appium.uiautomator2.server.test' is installed
[debug] &amp#27;[35m[ADB]&amp#27;[39m Checking app cert for C:\Users\son.pham\AppData\Roaming\npm\node_modules\appium\node_modules\appium-uiautomator2-server\apks\appium-uiautomator2-server-debug-androidTest.apk
[debug] &amp#27;[35m[ADB]&amp#27;[39m Starting apksigner: 'C:\\Program Files\\Java\\jdk1.8.0_251\\bin\\java.exe' -Xmx1024M -Xss1m -jar C:\\Users\\son.pham\\AppData\\Local\\Android\\Sdk\\build-tools\\29.0.3\\lib\\apksigner.jar verify --print-certs C:\\Users\\son.pham\\AppData\\Roaming\\npm\\node_modules\\appium\\node_modules\\appium-uiautomator2-server\\apks\\appium-uiautomator2-server-debug-androidTest.apk
[debug] &amp#27;[35m[ADB]&amp#27;[39m apksigner stdout: Signer #1 certificate DN: EMAILADDRESS=android@android.com, CN=Android, OU=Android, O=Android, L=Mountain View, ST=California, C=US
[debug] &amp#27;[35m[ADB]&amp#27;[39m Signer #1 certificate SHA-256 digest: a40da80a59d170caa950cf15c18c454d47a39b26989d8b640ecd745ba71bf5dc
[debug] &amp#27;[35m[ADB]&amp#27;[39m Signer #1 certificate SHA-1 digest: 61ed377e85d386a8dfee6b864bd85b0bfaa5af81
[debug] &amp#27;[35m[ADB]&amp#27;[39m Signer #1 certificate MD5 digest: e89b158e4bcf988ebd09eb83f5378e87
[debug] &amp#27;[35m[ADB]&amp#27;[39m 
[debug] &amp#27;[35m[ADB]&amp#27;[39m 'C:\Users\son.pham\AppData\Roaming\npm\node_modules\appium\node_modules\appium-uiautomator2-server\apks\appium-uiautomator2-server-debug-androidTest.apk' is signed with the default certificate
&amp#27;[35m[UiAutomator2]&amp#27;[39m Server packages are not going to be (re)installed
[debug] &amp#27;[35m[UiAutomator2]&amp#27;[39m Waiting up to 30000ms for services to be available
[debug] &amp#27;[35m[ADB]&amp#27;[39m Running 'C:\Users\son.pham\AppData\Local\Android\Sdk\platform-tools\adb.exe -P 5037 -s emulator-5554 shell pm list instrumentation'
[debug] &amp#27;[35m[UiAutomator2]&amp#27;[39m Instrumentation target 'io.appium.uiautomator2.server.test/androidx.test.runner.AndroidJUnitRunner' is available
[debug] &amp#27;[35m[ADB]&amp#27;[39m Checking app cert for C:\Users\son.pham\Test\AppiumPramework\src\ApiDemos-debug.apk
[debug] &amp#27;[35m[ADB]&amp#27;[39m Starting apksigner: 'C:\\Program Files\\Java\\jdk1.8.0_251\\bin\\java.exe' -Xmx1024M -Xss1m -jar C:\\Users\\son.pham\\AppData\\Local\\Android\\Sdk\\build-tools\\29.0.3\\lib\\apksigner.jar verify --print-certs C:\\Users\\son.pham\\Test\\AppiumPramework\\src\\ApiDemos-debug.apk
[debug] &amp#27;[35m[ADB]&amp#27;[39m apksigner stdout: Signer #1 certificate DN: EMAILADDRESS=android@android.com, CN=Android, OU=Android, O=Android, L=Mountain View, ST=California, C=US
[debug] &amp#27;[35m[ADB]&amp#27;[39m Signer #1 certificate SHA-256 digest: a40da80a59d170caa950cf15c18c454d47a39b26989d8b640ecd745ba71bf5dc
[debug] &amp#27;[35m[ADB]&amp#27;[39m Signer #1 certificate SHA-1 digest: 61ed377e85d386a8dfee6b864bd85b0bfaa5af81
[debug] &amp#27;[35m[ADB]&amp#27;[39m Signer #1 certificate MD5 digest: e89b158e4bcf988ebd09eb83f5378e87
[debug] &amp#27;[35m[ADB]&amp#27;[39m 
[debug] &amp#27;[35m[ADB]&amp#27;[39m 'C:\Users\son.pham\Test\AppiumPramework\src\ApiDemos-debug.apk' is signed with the default certificate
[debug] &amp#27;[35m[ADB]&amp#27;[39m Getting install status for io.appium.android.apis
[debug] &amp#27;[35m[ADB]&amp#27;[39m Running 'C:\Users\son.pham\AppData\Local\Android\Sdk\platform-tools\adb.exe -P 5037 -s emulator-5554 shell dumpsys package io.appium.android.apis'
[debug] &amp#27;[35m[ADB]&amp#27;[39m 'io.appium.android.apis' is installed
[debug] &amp#27;[35m[ADB]&amp#27;[39m Getting package info for 'io.appium.android.apis'
[debug] &amp#27;[35m[ADB]&amp#27;[39m Running 'C:\Users\son.pham\AppData\Local\Android\Sdk\platform-tools\adb.exe -P 5037 -s emulator-5554 shell dumpsys package io.appium.android.apis'
&amp#27;[35m[ADB]&amp#27;[39m Cannot read version codes of 'C:\Users\son.pham\Test\AppiumPramework\src\ApiDemos-debug.apk' and/or 'io.appium.android.apis'
&amp#27;[35m[ADB]&amp#27;[39m Cannot read version names of 'C:\Users\son.pham\Test\AppiumPramework\src\ApiDemos-debug.apk' and/or 'io.appium.android.apis'
[debug] &amp#27;[35m[ADB]&amp#27;[39m The current install state of 'C:\Users\son.pham\Test\AppiumPramework\src\ApiDemos-debug.apk' is unknown. Installing anyway
[debug] &amp#27;[35m[ADB]&amp#27;[39m Running 'C:\Users\son.pham\AppData\Local\Android\Sdk\platform-tools\adb.exe -P 5037 -s emulator-5554 help'
[debug] &amp#27;[35m[ADB]&amp#27;[39m Running 'C:\Users\son.pham\AppData\Local\Android\Sdk\platform-tools\adb.exe -P 5037 -s emulator-5554 features'
&amp#27;[35m[ADB]&amp#27;[39m The application at 'C:\Users\son.pham\Test\AppiumPramework\src\ApiDemos-debug.apk' will not be cached, because the device under test has confirmed the support of streamed installs
[debug] &amp#27;[35m[ADB]&amp#27;[39m Running 'C:\Users\son.pham\AppData\Local\Android\Sdk\platform-tools\adb.exe -P 5037 -s emulator-5554 install -r C:\\Users\\son.pham\\Test\\AppiumPramework\\src\\ApiDemos-debug.apk'
&amp#27;[35m[ADB]&amp#27;[39m The installation of 'ApiDemos-debug.apk' took 1112ms
[debug] &amp#27;[35m[ADB]&amp#27;[39m Install command stdout: Performing Streamed Install
[debug] &amp#27;[35m[ADB]&amp#27;[39m Success
&amp#27;[35m[AndroidDriver]&amp#27;[39m Performing fast reset on 'io.appium.android.apis'
[debug] &amp#27;[35m[ADB]&amp#27;[39m Getting install status for io.appium.android.apis
[debug] &amp#27;[35m[ADB]&amp#27;[39m Running 'C:\Users\son.pham\AppData\Local\Android\Sdk\platform-tools\adb.exe -P 5037 -s emulator-5554 shell dumpsys package io.appium.android.apis'
[debug] &amp#27;[35m[ADB]&amp#27;[39m 'io.appium.android.apis' is installed
[debug] &amp#27;[35m[ADB]&amp#27;[39m Running 'C:\Users\son.pham\AppData\Local\Android\Sdk\platform-tools\adb.exe -P 5037 -s emulator-5554 shell am force-stop io.appium.android.apis'
[debug] &amp#27;[35m[ADB]&amp#27;[39m Running 'C:\Users\son.pham\AppData\Local\Android\Sdk\platform-tools\adb.exe -P 5037 -s emulator-5554 shell pm clear io.appium.android.apis'
[debug] &amp#27;[35m[AndroidDriver]&amp#27;[39m Performed fast reset on the installed 'io.appium.android.apis' application (stop and clear)
[debug] &amp#27;[35m[UiAutomator2]&amp#27;[39m Performing shallow cleanup of automation leftovers
[debug] &amp#27;[35m[UiAutomator2]&amp#27;[39m The following obsolete sessions are still running: ["583471b8-2ced-4fb2-af62-baeffb17ddf6"]
[debug] &amp#27;[35m[UiAutomator2]&amp#27;[39m Cleaning up the obsolete sessions
[debug] &amp#27;[35m[ADB]&amp#27;[39m Running 'C:\Users\son.pham\AppData\Local\Android\Sdk\platform-tools\adb.exe -P 5037 -s emulator-5554 shell am force-stop io.appium.uiautomator2.server.test'
&amp#27;[35m[UiAutomator2]&amp#27;[39m Starting UIAutomator2 server 4.5.5
&amp#27;[35m[UiAutomator2]&amp#27;[39m Using UIAutomator2 server from 'C:\Users\son.pham\AppData\Roaming\npm\node_modules\appium\node_modules\appium-uiautomator2-server\apks\appium-uiautomator2-server-v4.5.5.apk' and test from 'C:\Users\son.pham\AppData\Roaming\npm\node_modules\appium\node_modules\appium-uiautomator2-server\apks\appium-uiautomator2-server-debug-androidTest.apk'
&amp#27;[35m[UiAutomator2]&amp#27;[39m Waiting up to 30000ms for UiAutomator2 to be online...
[debug] &amp#27;[35m[ADB]&amp#27;[39m Creating ADB subprocess with args: ["-P",5037,"-s","emulator-5554","shell","am","instrument","-w","io.appium.uiautomator2.server.test/androidx.test.runner.AndroidJUnitRunner"]
[debug] &amp#27;[35m[WD Proxy]&amp#27;[39m Matched '/status' to command name 'getStatus'
[debug] &amp#27;[35m[WD Proxy]&amp#27;[39m Proxying [GET /status] to [GET http://127.0.0.1:8204/wd/hub/status] with no body
&amp#27;[35m[WD Proxy]&amp#27;[39m Got response with unknown status: {"code":"ECONNRESET"}
[debug] &amp#27;[35m[Instrumentation]&amp#27;[39m io.appium.uiautomator2.server.test.AppiumUiAutomator2Server:
[debug] &amp#27;[35m[WD Proxy]&amp#27;[39m Matched '/status' to command name 'getStatus'
[debug] &amp#27;[35m[WD Proxy]&amp#27;[39m Proxying [GET /status] to [GET http://127.0.0.1:8204/wd/hub/status] with no body
&amp#27;[35m[WD Proxy]&amp#27;[39m Got response with unknown status: {"code":"ECONNRESET"}
[debug] &amp#27;[35m[WD Proxy]&amp#27;[39m Matched '/status' to command name 'getStatus'
[debug] &amp#27;[35m[WD Proxy]&amp#27;[39m Proxying [GET /status] to [GET http://127.0.0.1:8204/wd/hub/status] with no body
[debug] &amp#27;[35m[WD Proxy]&amp#27;[39m Got response with status 200: {"sessionId":"None","value":{"ready":true,"message":"UiAutomator2 Server is ready to accept commands"}}
[debug] &amp#27;[35m[UiAutomator2]&amp#27;[39m The initialization of the instrumentation process took 3210ms
[debug] &amp#27;[35m[WD Proxy]&amp#27;[39m Matched '/session' to command name 'createSession'
[debug] &amp#27;[35m[WD Proxy]&amp#27;[39m Proxying [POST /session] to [POST http://127.0.0.1:8204/wd/hub/session] with body: {"capabilities":{"firstMatch":[{"platform":"LINUX","webStorageEnabled":false,"takesScreenshot":true,"javascriptEnabled":true,"databaseEnabled":false,"networkConnectionEnabled":true,"locationContextEnabled":false,"warnings":{},"desired":{"platformName":"android","app":"C:\\Users\\son.pham\\Test\\AppiumPramework\\src\\ApiDemos-debug.apk","automationName":"uiautomator2","deviceName":"SON-PHONE","newCommandTimeout":14},"platformName":"android","app":"C:\\Users\\son.pham\\Test\\AppiumPramework\\src\\ApiDemos-debug.apk","automationName":"uiautomator2","deviceName":"emulator-5554","newCommandTimeout":14,"deviceUDID":"emulator-5554","appPackage":"io.appium.android.apis"}],"alwaysMatch":{}}}
[debug] &amp#27;[35m[WD Proxy]&amp#27;[39m Got response with status 200: {"sessionId":"0e909ddc-ac01-462c-9a0c-ce14feae07a7","value":{"sessionId":"0e909ddc-ac01-462c-9a0c-ce14feae07a7","capabilities":{"firstMatch":[{"platform":"LINUX","webStorageEnabled":false,"takesScreenshot":true,"javascriptEnabled":true,"databaseEnabled":false,"networkConnectionEnabled":true,"locationContextEnabled":false,"warnings":{},"desired":{"platformName":"android","app":"C:\\Users\\son.pham\\Test\\AppiumPramework\\src\\ApiDemos-debug.apk","automationName":"uiautomator2","deviceName":"SON-PHONE","newCommandTimeout":14},"platformName":"android","app":"C:\\Users\\son.pham\\Test\\AppiumPramework\\src\\ApiDemos-debug.apk","automationName":"uiautomator2","deviceName":"emulator-5554","newCommandTimeout":14,"deviceUDID":"emulator-5554","appPackage":"io.appium.android.apis"}],"alwaysMatch":{}}}}
&amp#27;[35m[WD Proxy]&amp#27;[39m Determined the downstream protocol as 'W3C'
[debug] &amp#27;[35m[WD Proxy]&amp#27;[39m Proxying [GET /appium/device/info] to [GET http://127.0.0.1:8204/wd/hub/session/0e909ddc-ac01-462c-9a0c-ce14feae07a7/appium/device/info] with no body
[debug] &amp#27;[35m[WD Proxy]&amp#27;[39m Got response with status 200: {"sessionId":"0e909ddc-ac01-462c-9a0c-ce14feae07a7","value":{"androidId":"bfd7974fd56073e9","manufacturer":"Google","model":"AOSP on IA Emulator","brand":"google","apiVersion":"28","platformVersion":"9","carrierName":"Android","realDisplaySize":"1080x1920","displayDensity":420,"networks":[{"type":1,"typeName":"WIFI","subtype":0,"subtypeName":"","isConnected":true,"detailedState":"CONNECTED","state":"CONNECTED","extraInfo":null,"isAvailable":true,"isFailover":false,"isRoaming":false,"capabilities":{"transportTypes":"TRANSPORT_WIFI","networkCapabilities":"NET_CAPABILITY_NOT_METERED,NET_CAPABILITY_INTERNET,NET_CAPABILITY_NOT_RESTRICTED,NET_CAPABILITY_TRUSTED,NET_CAPABILITY_NOT_VPN,NET_CAPABILITY_VALIDATED,NET_CAPABILITY_NOT_ROAMING,NET_CAPABILITY_FOREGROUND,NET_CAPABILITY_NOT_CONGESTED,NET_CAPABILITY_NOT_SUSPENDED","linkUpstreamBandwidthKbps":1048576,"linkDownBandwidthKbps":1048576,"signalStrength":-50,"networkSpecifier":null,"SSID":null}},{"type":0,"typeName":"MOBILE","subtype":13,"subtypeName":"LTE","isConn...
[debug] &amp#27;[35m[ADB]&amp#27;[39m Running 'C:\Users\son.pham\AppData\Local\Android\Sdk\platform-tools\adb.exe -P 5037 -s emulator-5554 shell dumpsys window'
&amp#27;[35m[AndroidDriver]&amp#27;[39m Screen already unlocked, doing nothing
&amp#27;[35m[UiAutomator2]&amp#27;[39m Starting 'io.appium.android.apis/ApiDemos and waiting for 'io.appium.android.apis/ApiDemos'
[debug] &amp#27;[35m[ADB]&amp#27;[39m Running 'C:\Users\son.pham\AppData\Local\Android\Sdk\platform-tools\adb.exe -P 5037 -s emulator-5554 shell am start -W -n io.appium.android.apis/ApiDemos -S -a android.intent.action.MAIN -c android.intent.category.LAUNCHER -f 0x10200000'
[debug] &amp#27;[35m[ADB]&amp#27;[39m We tried to start an activity that doesn't exist, retrying with '.ApiDemos' activity name
[debug] &amp#27;[35m[ADB]&amp#27;[39m Running 'C:\Users\son.pham\AppData\Local\Android\Sdk\platform-tools\adb.exe -P 5037 -s emulator-5554 shell am start -W -n io.appium.android.apis/.ApiDemos -S -a android.intent.action.MAIN -c android.intent.category.LAUNCHER -f 0x10200000'
[debug] &amp#27;[35m[ADB]&amp#27;[39m Waiting up to 20000ms for activity matching pkg: 'io.appium.android.apis' and activity: 'ApiDemos' to be focused
[debug] &amp#27;[35m[ADB]&amp#27;[39m Possible activities, to be checked: 'ApiDemos', 'io.appium.android.apis.ApiDemos'
[debug] &amp#27;[35m[ADB]&amp#27;[39m Getting focused package and activity
[debug] &amp#27;[35m[ADB]&amp#27;[39m Running 'C:\Users\son.pham\AppData\Local\Android\Sdk\platform-tools\adb.exe -P 5037 -s emulator-5554 shell dumpsys window windows'
[debug] &amp#27;[35m[ADB]&amp#27;[39m Found package: 'io.appium.android.apis' and fully qualified activity name : 'io.appium.android.apis.ApiDemos'
[debug] &amp#27;[35m[WD Proxy]&amp#27;[39m Proxying [GET /appium/device/pixel_ratio] to [GET http://127.0.0.1:8204/wd/hub/session/0e909ddc-ac01-462c-9a0c-ce14feae07a7/appium/device/pixel_ratio] with body: {}
[debug] &amp#27;[35m[WD Proxy]&amp#27;[39m Got response with status 200: {"sessionId":"0e909ddc-ac01-462c-9a0c-ce14feae07a7","value":2.625}
[debug] &amp#27;[35m[WD Proxy]&amp#27;[39m Matched '/appium/device/system_bars' to command name 'getSystemBars'
[debug] &amp#27;[35m[WD Proxy]&amp#27;[39m Proxying [GET /appium/device/system_bars] to [GET http://127.0.0.1:8204/wd/hub/session/0e909ddc-ac01-462c-9a0c-ce14feae07a7/appium/device/system_bars] with body: {}
[debug] &amp#27;[35m[WD Proxy]&amp#27;[39m Got response with status 200: {"sessionId":"0e909ddc-ac01-462c-9a0c-ce14feae07a7","value":{"statusBar":63}}
[debug] &amp#27;[35m[WD Proxy]&amp#27;[39m Matched '/window/current/size' to command name 'getWindowSize'
[debug] &amp#27;[35m[WD Proxy]&amp#27;[39m Proxying [GET /window/current/size] to [GET http://127.0.0.1:8204/wd/hub/session/0e909ddc-ac01-462c-9a0c-ce14feae07a7/window/current/size] with body: {}
[debug] &amp#27;[35m[WD Proxy]&amp#27;[39m Got response with status 200: {"sessionId":"0e909ddc-ac01-462c-9a0c-ce14feae07a7","value":{"height":1794,"width":1080}}
&amp#27;[35m[Appium]&amp#27;[39m New AndroidUiautomator2Driver session created successfully, session 26d31100-398f-4b3b-95fc-5b49dae559e1 added to master session list
[debug] &amp#27;[35m[BaseDriver]&amp#27;[39m Event 'newSessionStarted' logged at 1593770187264 (16:56:27 GMT+0700 (Indochina Time))
[debug] &amp#27;[35m[W3C (26d31100)]&amp#27;[39m Cached the protocol value 'W3C' for the new session 26d31100-398f-4b3b-95fc-5b49dae559e1
[debug] &amp#27;[35m[W3C (26d31100)]&amp#27;[39m Responding to client with driver.createSession() result: {"capabilities":{"platform":"LINUX","webStorageEnabled":false,"takesScreenshot":true,"javascriptEnabled":true,"databaseEnabled":false,"networkConnectionEnabled":true,"locationContextEnabled":false,"warnings":{},"desired":{"platformName":"android","app":"C:\\Users\\son.pham\\Test\\AppiumPramework\\src\\ApiDemos-debug.apk","automationName":"uiautomator2","deviceName":"SON-PHONE","newCommandTimeout":14},"platformName":"android","app":"C:\\Users\\son.pham\\Test\\AppiumPramework\\src\\ApiDemos-debug.apk","automationName":"uiautomator2","deviceName":"emulator-5554","newCommandTimeout":14,"deviceUDID":"emulator-5554","appPackage":"io.appium.android.apis","deviceApiLevel":28,"platformVersion":"9","deviceScreenSize":"1080x1920","deviceScreenDensity":420,"deviceModel":"AOSP on IA Emulator","deviceManufacturer":"Google","pixelRatio":2.625,"statBarHeight":63,"viewportRect":{"left":0,"top":63,"width":1080,"height":1731}}}
&amp#27;[35m[HTTP]&amp#27;[39m &amp#27;[37m<-- POST /wd/hub/session &amp#27;[39m&amp#27;[32m200&amp#27;[39m &amp#27;[90m11816 ms - 983&amp#27;[39m
&amp#27;[35m[HTTP]&amp#27;[39m &amp#27;[90m&amp#27;[39m
&amp#27;[35m[HTTP]&amp#27;[39m &amp#27;[37m-->&amp#27;[39m &amp#27;[37mPOST&amp#27;[39m &amp#27;[37m/wd/hub/session/26d31100-398f-4b3b-95fc-5b49dae559e1/timeouts&amp#27;[39m
&amp#27;[35m[HTTP]&amp#27;[39m &amp#27;[90m{"implicit":10000}&amp#27;[39m
[debug] &amp#27;[35m[W3C (26d31100)]&amp#27;[39m Calling AppiumDriver.timeouts() with args: [null,null,null,null,10000,"26d31100-398f-4b3b-95fc-5b49dae559e1"]
[debug] &amp#27;[35m[BaseDriver]&amp#27;[39m W3C timeout argument: {"implicit":10000}}
[debug] &amp#27;[35m[BaseDriver]&amp#27;[39m Set implicit wait to 10000ms
[debug] &amp#27;[35m[W3C (26d31100)]&amp#27;[39m Responding to client with driver.timeouts() result: null
&amp#27;[35m[HTTP]&amp#27;[39m &amp#27;[37m<-- POST /wd/hub/session/26d31100-398f-4b3b-95fc-5b49dae559e1/timeouts &amp#27;[39m&amp#27;[32m200&amp#27;[39m &amp#27;[90m5 ms - 14&amp#27;[39m
&amp#27;[35m[HTTP]&amp#27;[39m &amp#27;[90m&amp#27;[39m
&amp#27;[35m[HTTP]&amp#27;[39m &amp#27;[37m-->&amp#27;[39m &amp#27;[37mGET&amp#27;[39m &amp#27;[37m/wd/hub/session/26d31100-398f-4b3b-95fc-5b49dae559e1/context&amp#27;[39m
&amp#27;[35m[HTTP]&amp#27;[39m &amp#27;[90m{}&amp#27;[39m
[debug] &amp#27;[35m[W3C (26d31100)]&amp#27;[39m Calling AppiumDriver.getCurrentContext() with args: ["26d31100-398f-4b3b-95fc-5b49dae559e1"]
[debug] &amp#27;[35m[W3C (26d31100)]&amp#27;[39m Responding to client with driver.getCurrentContext() result: "NATIVE_APP"
&amp#27;[35m[HTTP]&amp#27;[39m &amp#27;[37m<-- GET /wd/hub/session/26d31100-398f-4b3b-95fc-5b49dae559e1/context &amp#27;[39m&amp#27;[32m200&amp#27;[39m &amp#27;[90m8 ms - 22&amp#27;[39m
&amp#27;[35m[HTTP]&amp#27;[39m &amp#27;[90m&amp#27;[39m
&amp#27;[35m[HTTP]&amp#27;[39m &amp#27;[37m-->&amp#27;[39m &amp#27;[37mPOST&amp#27;[39m &amp#27;[37m/wd/hub/session/26d31100-398f-4b3b-95fc-5b49dae559e1/element&amp#27;[39m
&amp#27;[35m[HTTP]&amp#27;[39m &amp#27;[90m{"using":"xpath","value":"//android.widget.TextView[@text='Preference']"}&amp#27;[39m
[debug] &amp#27;[35m[W3C (26d31100)]&amp#27;[39m Calling AppiumDriver.findElement() with args: ["xpath","//android.widget.TextView[@text='Preference']","26d31100-398f-4b3b-95fc-5b49dae559e1"]
[debug] &amp#27;[35m[BaseDriver]&amp#27;[39m Valid locator strategies for this request: xpath, id, class name, accessibility id, -android uiautomator
[debug] &amp#27;[35m[BaseDriver]&amp#27;[39m Waiting up to 10000 ms for condition
[debug] &amp#27;[35m[WD Proxy]&amp#27;[39m Matched '/element' to command name 'findElement'
[debug] &amp#27;[35m[WD Proxy]&amp#27;[39m Proxying [POST /element] to [POST http://127.0.0.1:8204/wd/hub/session/0e909ddc-ac01-462c-9a0c-ce14feae07a7/element] with body: {"strategy":"xpath","selector":"//android.widget.TextView[@text='Preference']","context":"","multiple":false}
[debug] &amp#27;[35m[WD Proxy]&amp#27;[39m Got response with status 200: {"sessionId":"0e909ddc-ac01-462c-9a0c-ce14feae07a7","value":{"ELEMENT":"1d4e0a16-58b0-450b-913a-a79beb44f20d","element-6066-11e4-a52e-4f735466cecf":"1d4e0a16-58b0-450b-913a-a79beb44f20d"}}
[debug] &amp#27;[35m[W3C (26d31100)]&amp#27;[39m Responding to client with driver.findElement() result: {"element-6066-11e4-a52e-4f735466cecf":"1d4e0a16-58b0-450b-913a-a79beb44f20d","ELEMENT":"1d4e0a16-58b0-450b-913a-a79beb44f20d"}
&amp#27;[35m[HTTP]&amp#27;[39m &amp#27;[37m<-- POST /wd/hub/session/26d31100-398f-4b3b-95fc-5b49dae559e1/element &amp#27;[39m&amp#27;[32m200&amp#27;[39m &amp#27;[90m545 ms - 137&amp#27;[39m
&amp#27;[35m[HTTP]&amp#27;[39m &amp#27;[90m&amp#27;[39m
&amp#27;[35m[HTTP]&amp#27;[39m &amp#27;[37m-->&amp#27;[39m &amp#27;[37mPOST&amp#27;[39m &amp#27;[37m/wd/hub/session/26d31100-398f-4b3b-95fc-5b49dae559e1/element/1d4e0a16-58b0-450b-913a-a79beb44f20d/click&amp#27;[39m
&amp#27;[35m[HTTP]&amp#27;[39m &amp#27;[90m{"id":"1d4e0a16-58b0-450b-913a-a79beb44f20d"}&amp#27;[39m
[debug] &amp#27;[35m[W3C (26d31100)]&amp#27;[39m Calling AppiumDriver.click() with args: ["1d4e0a16-58b0-450b-913a-a79beb44f20d","26d31100-398f-4b3b-95fc-5b49dae559e1"]
[debug] &amp#27;[35m[WD Proxy]&amp#27;[39m Matched '/element/1d4e0a16-58b0-450b-913a-a79beb44f20d/click' to command name 'click'
[debug] &amp#27;[35m[WD Proxy]&amp#27;[39m Proxying [POST /element/1d4e0a16-58b0-450b-913a-a79beb44f20d/click] to [POST http://127.0.0.1:8204/wd/hub/session/0e909ddc-ac01-462c-9a0c-ce14feae07a7/element/1d4e0a16-58b0-450b-913a-a79beb44f20d/click] with body: {"element":"1d4e0a16-58b0-450b-913a-a79beb44f20d"}
[debug] &amp#27;[35m[WD Proxy]&amp#27;[39m Got response with status 200: {"sessionId":"0e909ddc-ac01-462c-9a0c-ce14feae07a7","value":null}
[debug] &amp#27;[35m[W3C (26d31100)]&amp#27;[39m Responding to client with driver.click() result: null
&amp#27;[35m[HTTP]&amp#27;[39m &amp#27;[37m<-- POST /wd/hub/session/26d31100-398f-4b3b-95fc-5b49dae559e1/element/1d4e0a16-58b0-450b-913a-a79beb44f20d/click &amp#27;[39m&amp#27;[32m200&amp#27;[39m &amp#27;[90m1294 ms - 14&amp#27;[39m
&amp#27;[35m[HTTP]&amp#27;[39m &amp#27;[90m&amp#27;[39m
&amp#27;[35m[HTTP]&amp#27;[39m &amp#27;[37m-->&amp#27;[39m &amp#27;[37mGET&amp#27;[39m &amp#27;[37m/wd/hub/session/26d31100-398f-4b3b-95fc-5b49dae559e1/context&amp#27;[39m
&amp#27;[35m[HTTP]&amp#27;[39m &amp#27;[90m{}&amp#27;[39m
[debug] &amp#27;[35m[W3C (26d31100)]&amp#27;[39m Calling AppiumDriver.getCurrentContext() with args: ["26d31100-398f-4b3b-95fc-5b49dae559e1"]
[debug] &amp#27;[35m[W3C (26d31100)]&amp#27;[39m Responding to client with driver.getCurrentContext() result: "NATIVE_APP"
&amp#27;[35m[HTTP]&amp#27;[39m &amp#27;[37m<-- GET /wd/hub/session/26d31100-398f-4b3b-95fc-5b49dae559e1/context &amp#27;[39m&amp#27;[32m200&amp#27;[39m &amp#27;[90m1 ms - 22&amp#27;[39m
&amp#27;[35m[HTTP]&amp#27;[39m &amp#27;[90m&amp#27;[39m
&amp#27;[35m[HTTP]&amp#27;[39m &amp#27;[37m-->&amp#27;[39m &amp#27;[37mPOST&amp#27;[39m &amp#27;[37m/wd/hub/session/26d31100-398f-4b3b-95fc-5b49dae559e1/element&amp#27;[39m
&amp#27;[35m[HTTP]&amp#27;[39m &amp#27;[90m{"using":"xpath","value":"//android.widget.TextView[@text='3. Preference dependencies']"}&amp#27;[39m
[debug] &amp#27;[35m[W3C (26d31100)]&amp#27;[39m Calling AppiumDriver.findElement() with args: ["xpath","//android.widget.TextView[@text='3. Preference dependencies']","26d31100-398f-4b3b-95fc-5b49dae559e1"]
[debug] &amp#27;[35m[BaseDriver]&amp#27;[39m Valid locator strategies for this request: xpath, id, class name, accessibility id, -android uiautomator
[debug] &amp#27;[35m[BaseDriver]&amp#27;[39m Waiting up to 10000 ms for condition
[debug] &amp#27;[35m[WD Proxy]&amp#27;[39m Matched '/element' to command name 'findElement'
[debug] &amp#27;[35m[WD Proxy]&amp#27;[39m Proxying [POST /element] to [POST http://127.0.0.1:8204/wd/hub/session/0e909ddc-ac01-462c-9a0c-ce14feae07a7/element] with body: {"strategy":"xpath","selector":"//android.widget.TextView[@text='3. Preference dependencies']","context":"","multiple":false}
[debug] &amp#27;[35m[WD Proxy]&amp#27;[39m Got response with status 200: {"sessionId":"0e909ddc-ac01-462c-9a0c-ce14feae07a7","value":{"ELEMENT":"781d1758-50b7-4ce6-8b25-c3a71295d6c8","element-6066-11e4-a52e-4f735466cecf":"781d1758-50b7-4ce6-8b25-c3a71295d6c8"}}
[debug] &amp#27;[35m[W3C (26d31100)]&amp#27;[39m Responding to client with driver.findElement() result: {"element-6066-11e4-a52e-4f735466cecf":"781d1758-50b7-4ce6-8b25-c3a71295d6c8","ELEMENT":"781d1758-50b7-4ce6-8b25-c3a71295d6c8"}
&amp#27;[35m[HTTP]&amp#27;[39m &amp#27;[37m<-- POST /wd/hub/session/26d31100-398f-4b3b-95fc-5b49dae559e1/element &amp#27;[39m&amp#27;[32m200&amp#27;[39m &amp#27;[90m176 ms - 137&amp#27;[39m
&amp#27;[35m[HTTP]&amp#27;[39m &amp#27;[90m&amp#27;[39m
&amp#27;[35m[HTTP]&amp#27;[39m &amp#27;[37m-->&amp#27;[39m &amp#27;[37mPOST&amp#27;[39m &amp#27;[37m/wd/hub/session/26d31100-398f-4b3b-95fc-5b49dae559e1/element/781d1758-50b7-4ce6-8b25-c3a71295d6c8/click&amp#27;[39m
&amp#27;[35m[HTTP]&amp#27;[39m &amp#27;[90m{"id":"781d1758-50b7-4ce6-8b25-c3a71295d6c8"}&amp#27;[39m
[debug] &amp#27;[35m[W3C (26d31100)]&amp#27;[39m Calling AppiumDriver.click() with args: ["781d1758-50b7-4ce6-8b25-c3a71295d6c8","26d31100-398f-4b3b-95fc-5b49dae559e1"]
[debug] &amp#27;[35m[WD Proxy]&amp#27;[39m Matched '/element/781d1758-50b7-4ce6-8b25-c3a71295d6c8/click' to command name 'click'
[debug] &amp#27;[35m[WD Proxy]&amp#27;[39m Proxying [POST /element/781d1758-50b7-4ce6-8b25-c3a71295d6c8/click] to [POST http://127.0.0.1:8204/wd/hub/session/0e909ddc-ac01-462c-9a0c-ce14feae07a7/element/781d1758-50b7-4ce6-8b25-c3a71295d6c8/click] with body: {"element":"781d1758-50b7-4ce6-8b25-c3a71295d6c8"}
[debug] &amp#27;[35m[WD Proxy]&amp#27;[39m Got response with status 200: {"sessionId":"0e909ddc-ac01-462c-9a0c-ce14feae07a7","value":null}
[debug] &amp#27;[35m[W3C (26d31100)]&amp#27;[39m Responding to client with driver.click() result: null
&amp#27;[35m[HTTP]&amp#27;[39m &amp#27;[37m<-- POST /wd/hub/session/26d31100-398f-4b3b-95fc-5b49dae559e1/element/781d1758-50b7-4ce6-8b25-c3a71295d6c8/click &amp#27;[39m&amp#27;[32m200&amp#27;[39m &amp#27;[90m1148 ms - 14&amp#27;[39m
&amp#27;[35m[HTTP]&amp#27;[39m &amp#27;[90m&amp#27;[39m
&amp#27;[35m[HTTP]&amp#27;[39m &amp#27;[37m-->&amp#27;[39m &amp#27;[37mPOST&amp#27;[39m &amp#27;[37m/wd/hub/session/26d31100-398f-4b3b-95fc-5b49dae559e1/element&amp#27;[39m
&amp#27;[35m[HTTP]&amp#27;[39m &amp#27;[90m{"using":"id","value":"android:id/checkbox"}&amp#27;[39m
[debug] &amp#27;[35m[W3C (26d31100)]&amp#27;[39m Calling AppiumDriver.findElement() with args: ["id","android:id/checkbox","26d31100-398f-4b3b-95fc-5b49dae559e1"]
[debug] &amp#27;[35m[BaseDriver]&amp#27;[39m Valid locator strategies for this request: xpath, id, class name, accessibility id, -android uiautomator
[debug] &amp#27;[35m[BaseDriver]&amp#27;[39m Waiting up to 10000 ms for condition
[debug] &amp#27;[35m[WD Proxy]&amp#27;[39m Matched '/element' to command name 'findElement'
[debug] &amp#27;[35m[WD Proxy]&amp#27;[39m Proxying [POST /element] to [POST http://127.0.0.1:8204/wd/hub/session/0e909ddc-ac01-462c-9a0c-ce14feae07a7/element] with body: {"strategy":"id","selector":"android:id/checkbox","context":"","multiple":false}
[debug] &amp#27;[35m[WD Proxy]&amp#27;[39m Got response with status 200: {"sessionId":"0e909ddc-ac01-462c-9a0c-ce14feae07a7","value":{"ELEMENT":"15e60317-3505-47f1-9893-20b2a1d6b9c2","element-6066-11e4-a52e-4f735466cecf":"15e60317-3505-47f1-9893-20b2a1d6b9c2"}}
[debug] &amp#27;[35m[W3C (26d31100)]&amp#27;[39m Responding to client with driver.findElement() result: {"element-6066-11e4-a52e-4f735466cecf":"15e60317-3505-47f1-9893-20b2a1d6b9c2","ELEMENT":"15e60317-3505-47f1-9893-20b2a1d6b9c2"}
&amp#27;[35m[HTTP]&amp#27;[39m &amp#27;[37m<-- POST /wd/hub/session/26d31100-398f-4b3b-95fc-5b49dae559e1/element &amp#27;[39m&amp#27;[32m200&amp#27;[39m &amp#27;[90m55 ms - 137&amp#27;[39m
&amp#27;[35m[HTTP]&amp#27;[39m &amp#27;[90m&amp#27;[39m
&amp#27;[35m[HTTP]&amp#27;[39m &amp#27;[37m-->&amp#27;[39m &amp#27;[37mPOST&amp#27;[39m &amp#27;[37m/wd/hub/session/26d31100-398f-4b3b-95fc-5b49dae559e1/element/15e60317-3505-47f1-9893-20b2a1d6b9c2/click&amp#27;[39m
&amp#27;[35m[HTTP]&amp#27;[39m &amp#27;[90m{"id":"15e60317-3505-47f1-9893-20b2a1d6b9c2"}&amp#27;[39m
[debug] &amp#27;[35m[W3C (26d31100)]&amp#27;[39m Calling AppiumDriver.click() with args: ["15e60317-3505-47f1-9893-20b2a1d6b9c2","26d31100-398f-4b3b-95fc-5b49dae559e1"]
[debug] &amp#27;[35m[WD Proxy]&amp#27;[39m Matched '/element/15e60317-3505-47f1-9893-20b2a1d6b9c2/click' to command name 'click'
[debug] &amp#27;[35m[WD Proxy]&amp#27;[39m Proxying [POST /element/15e60317-3505-47f1-9893-20b2a1d6b9c2/click] to [POST http://127.0.0.1:8204/wd/hub/session/0e909ddc-ac01-462c-9a0c-ce14feae07a7/element/15e60317-3505-47f1-9893-20b2a1d6b9c2/click] with body: {"element":"15e60317-3505-47f1-9893-20b2a1d6b9c2"}
[debug] &amp#27;[35m[WD Proxy]&amp#27;[39m Got response with status 200: {"sessionId":"0e909ddc-ac01-462c-9a0c-ce14feae07a7","value":null}
[debug] &amp#27;[35m[W3C (26d31100)]&amp#27;[39m Responding to client with driver.click() result: null
&amp#27;[35m[HTTP]&amp#27;[39m &amp#27;[37m<-- POST /wd/hub/session/26d31100-398f-4b3b-95fc-5b49dae559e1/element/15e60317-3505-47f1-9893-20b2a1d6b9c2/click &amp#27;[39m&amp#27;[32m200&amp#27;[39m &amp#27;[90m713 ms - 14&amp#27;[39m
&amp#27;[35m[HTTP]&amp#27;[39m &amp#27;[90m&amp#27;[39m
&amp#27;[35m[HTTP]&amp#27;[39m &amp#27;[37m-->&amp#27;[39m &amp#27;[37mPOST&amp#27;[39m &amp#27;[37m/wd/hub/session/26d31100-398f-4b3b-95fc-5b49dae559e1/element&amp#27;[39m
&amp#27;[35m[HTTP]&amp#27;[39m &amp#27;[90m{"using":"xpath","value":"(//android.widget.RelativeLayout)[2]"}&amp#27;[39m
[debug] &amp#27;[35m[W3C (26d31100)]&amp#27;[39m Calling AppiumDriver.findElement() with args: ["xpath","(//android.widget.RelativeLayout)[2]","26d31100-398f-4b3b-95fc-5b49dae559e1"]
[debug] &amp#27;[35m[BaseDriver]&amp#27;[39m Valid locator strategies for this request: xpath, id, class name, accessibility id, -android uiautomator
[debug] &amp#27;[35m[BaseDriver]&amp#27;[39m Waiting up to 10000 ms for condition
[debug] &amp#27;[35m[WD Proxy]&amp#27;[39m Matched '/element' to command name 'findElement'
[debug] &amp#27;[35m[WD Proxy]&amp#27;[39m Proxying [POST /element] to [POST http://127.0.0.1:8204/wd/hub/session/0e909ddc-ac01-462c-9a0c-ce14feae07a7/element] with body: {"strategy":"xpath","selector":"(//android.widget.RelativeLayout)[2]","context":"","multiple":false}
[debug] &amp#27;[35m[WD Proxy]&amp#27;[39m Got response with status 200: {"sessionId":"0e909ddc-ac01-462c-9a0c-ce14feae07a7","value":{"ELEMENT":"5329b6d2-4a4f-4eec-878a-5768b50d9e8b","element-6066-11e4-a52e-4f735466cecf":"5329b6d2-4a4f-4eec-878a-5768b50d9e8b"}}
[debug] &amp#27;[35m[W3C (26d31100)]&amp#27;[39m Responding to client with driver.findElement() result: {"element-6066-11e4-a52e-4f735466cecf":"5329b6d2-4a4f-4eec-878a-5768b50d9e8b","ELEMENT":"5329b6d2-4a4f-4eec-878a-5768b50d9e8b"}
&amp#27;[35m[HTTP]&amp#27;[39m &amp#27;[37m<-- POST /wd/hub/session/26d31100-398f-4b3b-95fc-5b49dae559e1/element &amp#27;[39m&amp#27;[32m200&amp#27;[39m &amp#27;[90m197 ms - 137&amp#27;[39m
&amp#27;[35m[HTTP]&amp#27;[39m &amp#27;[90m&amp#27;[39m
&amp#27;[35m[HTTP]&amp#27;[39m &amp#27;[37m-->&amp#27;[39m &amp#27;[37mPOST&amp#27;[39m &amp#27;[37m/wd/hub/session/26d31100-398f-4b3b-95fc-5b49dae559e1/element/5329b6d2-4a4f-4eec-878a-5768b50d9e8b/click&amp#27;[39m
&amp#27;[35m[HTTP]&amp#27;[39m &amp#27;[90m{"id":"5329b6d2-4a4f-4eec-878a-5768b50d9e8b"}&amp#27;[39m
[debug] &amp#27;[35m[W3C (26d31100)]&amp#27;[39m Calling AppiumDriver.click() with args: ["5329b6d2-4a4f-4eec-878a-5768b50d9e8b","26d31100-398f-4b3b-95fc-5b49dae559e1"]
[debug] &amp#27;[35m[WD Proxy]&amp#27;[39m Matched '/element/5329b6d2-4a4f-4eec-878a-5768b50d9e8b/click' to command name 'click'
[debug] &amp#27;[35m[WD Proxy]&amp#27;[39m Proxying [POST /element/5329b6d2-4a4f-4eec-878a-5768b50d9e8b/click] to [POST http://127.0.0.1:8204/wd/hub/session/0e909ddc-ac01-462c-9a0c-ce14feae07a7/element/5329b6d2-4a4f-4eec-878a-5768b50d9e8b/click] with body: {"element":"5329b6d2-4a4f-4eec-878a-5768b50d9e8b"}
[debug] &amp#27;[35m[WD Proxy]&amp#27;[39m Got response with status 200: {"sessionId":"0e909ddc-ac01-462c-9a0c-ce14feae07a7","value":null}
[debug] &amp#27;[35m[W3C (26d31100)]&amp#27;[39m Responding to client with driver.click() result: null
&amp#27;[35m[HTTP]&amp#27;[39m &amp#27;[37m<-- POST /wd/hub/session/26d31100-398f-4b3b-95fc-5b49dae559e1/element/5329b6d2-4a4f-4eec-878a-5768b50d9e8b/click &amp#27;[39m&amp#27;[32m200&amp#27;[39m &amp#27;[90m60 ms - 14&amp#27;[39m
&amp#27;[35m[HTTP]&amp#27;[39m &amp#27;[90m&amp#27;[39m
&amp#27;[35m[HTTP]&amp#27;[39m &amp#27;[37m-->&amp#27;[39m &amp#27;[37mPOST&amp#27;[39m &amp#27;[37m/wd/hub/session/26d31100-398f-4b3b-95fc-5b49dae559e1/element&amp#27;[39m
&amp#27;[35m[HTTP]&amp#27;[39m &amp#27;[90m{"using":"class name","value":"android.widget.EditText"}&amp#27;[39m
[debug] &amp#27;[35m[W3C (26d31100)]&amp#27;[39m Calling AppiumDriver.findElement() with args: ["class name","android.widget.EditText","26d31100-398f-4b3b-95fc-5b49dae559e1"]
[debug] &amp#27;[35m[BaseDriver]&amp#27;[39m Valid locator strategies for this request: xpath, id, class name, accessibility id, -android uiautomator
[debug] &amp#27;[35m[BaseDriver]&amp#27;[39m Waiting up to 10000 ms for condition
[debug] &amp#27;[35m[WD Proxy]&amp#27;[39m Matched '/element' to command name 'findElement'
[debug] &amp#27;[35m[WD Proxy]&amp#27;[39m Proxying [POST /element] to [POST http://127.0.0.1:8204/wd/hub/session/0e909ddc-ac01-462c-9a0c-ce14feae07a7/element] with body: {"strategy":"class name","selector":"android.widget.EditText","context":"","multiple":false}
[debug] &amp#27;[35m[WD Proxy]&amp#27;[39m Got response with status 200: {"sessionId":"0e909ddc-ac01-462c-9a0c-ce14feae07a7","value":{"ELEMENT":"f8dece58-e211-433c-8fe6-504857e4bece","element-6066-11e4-a52e-4f735466cecf":"f8dece58-e211-433c-8fe6-504857e4bece"}}
[debug] &amp#27;[35m[W3C (26d31100)]&amp#27;[39m Responding to client with driver.findElement() result: {"element-6066-11e4-a52e-4f735466cecf":"f8dece58-e211-433c-8fe6-504857e4bece","ELEMENT":"f8dece58-e211-433c-8fe6-504857e4bece"}
&amp#27;[35m[HTTP]&amp#27;[39m &amp#27;[37m<-- POST /wd/hub/session/26d31100-398f-4b3b-95fc-5b49dae559e1/element &amp#27;[39m&amp#27;[32m200&amp#27;[39m &amp#27;[90m1114 ms - 137&amp#27;[39m
&amp#27;[35m[HTTP]&amp#27;[39m &amp#27;[90m&amp#27;[39m
&amp#27;[35m[HTTP]&amp#27;[39m &amp#27;[37m-->&amp#27;[39m &amp#27;[37mPOST&amp#27;[39m &amp#27;[37m/wd/hub/session/26d31100-398f-4b3b-95fc-5b49dae559e1/element/f8dece58-e211-433c-8fe6-504857e4bece/value&amp#27;[39m
&amp#27;[35m[HTTP]&amp#27;[39m &amp#27;[90m{"id":"f8dece58-e211-433c-8fe6-504857e4bece","text":"fdlfjdklsfj","value":["f","d","l","f","j","d","k","l","s","f","j"]}&amp#27;[39m
[debug] &amp#27;[35m[W3C (26d31100)]&amp#27;[39m Calling AppiumDriver.setValue() with args: [["f","d","l","f","j","d","k","l","s","f","j"],"f8dece58-e211-433c-8fe6-504857e4bece","26d31100-398f-4b3b-95fc-5b49dae559e1"]
[debug] &amp#27;[35m[WD Proxy]&amp#27;[39m Matched '/element/f8dece58-e211-433c-8fe6-504857e4bece/value' to command name 'setValue'
[debug] &amp#27;[35m[Protocol Converter]&amp#27;[39m Added 'value' property ["f","d","l","f","j","d","k","l","s","f","j"] to 'setValue' request body
[debug] &amp#27;[35m[WD Proxy]&amp#27;[39m Proxying [POST /element/f8dece58-e211-433c-8fe6-504857e4bece/value] to [POST http://127.0.0.1:8204/wd/hub/session/0e909ddc-ac01-462c-9a0c-ce14feae07a7/element/f8dece58-e211-433c-8fe6-504857e4bece/value] with body: {"elementId":"f8dece58-e211-433c-8fe6-504857e4bece","text":"fdlfjdklsfj","replace":false,"value":["f","d","l","f","j","d","k","l","s","f","j"]}
[debug] &amp#27;[35m[WD Proxy]&amp#27;[39m Got response with status 200: {"sessionId":"0e909ddc-ac01-462c-9a0c-ce14feae07a7","value":null}
[debug] &amp#27;[35m[W3C (26d31100)]&amp#27;[39m Responding to client with driver.setValue() result: null
&amp#27;[35m[HTTP]&amp#27;[39m &amp#27;[37m<-- POST /wd/hub/session/26d31100-398f-4b3b-95fc-5b49dae559e1/element/f8dece58-e211-433c-8fe6-504857e4bece/value &amp#27;[39m&amp#27;[32m200&amp#27;[39m &amp#27;[90m755 ms - 14&amp#27;[39m
&amp#27;[35m[HTTP]&amp#27;[39m &amp#27;[90m&amp#27;[39m
&amp#27;[35m[HTTP]&amp#27;[39m &amp#27;[37m-->&amp#27;[39m &amp#27;[37mGET&amp#27;[39m &amp#27;[37m/wd/hub/session/26d31100-398f-4b3b-95fc-5b49dae559e1/context&amp#27;[39m
&amp#27;[35m[HTTP]&amp#27;[39m &amp#27;[90m{}&amp#27;[39m
[debug] &amp#27;[35m[W3C (26d31100)]&amp#27;[39m Calling AppiumDriver.getCurrentContext() with args: ["26d31100-398f-4b3b-95fc-5b49dae559e1"]
[debug] &amp#27;[35m[W3C (26d31100)]&amp#27;[39m Responding to client with driver.getCurrentContext() result: "NATIVE_APP"
&amp#27;[35m[HTTP]&amp#27;[39m &amp#27;[37m<-- GET /wd/hub/session/26d31100-398f-4b3b-95fc-5b49dae559e1/context &amp#27;[39m&amp#27;[32m200&amp#27;[39m &amp#27;[90m2 ms - 22&amp#27;[39m
&amp#27;[35m[HTTP]&amp#27;[39m &amp#27;[90m&amp#27;[39m
&amp#27;[35m[HTTP]&amp#27;[39m &amp#27;[37m-->&amp#27;[39m &amp#27;[37mPOST&amp#27;[39m &amp#27;[37m/wd/hub/session/26d31100-398f-4b3b-95fc-5b49dae559e1/elements&amp#27;[39m
&amp#27;[35m[HTTP]&amp#27;[39m &amp#27;[90m{"using":"class name","value":"android.widget.Button"}&amp#27;[39m
[debug] &amp#27;[35m[W3C (26d31100)]&amp#27;[39m Calling AppiumDriver.findElements() with args: ["class name","android.widget.Button","26d31100-398f-4b3b-95fc-5b49dae559e1"]
[debug] &amp#27;[35m[BaseDriver]&amp#27;[39m Valid locator strategies for this request: xpath, id, class name, accessibility id, -android uiautomator
[debug] &amp#27;[35m[BaseDriver]&amp#27;[39m Waiting up to 10000 ms for condition
[debug] &amp#27;[35m[WD Proxy]&amp#27;[39m Matched '/elements' to command name 'findElements'
[debug] &amp#27;[35m[WD Proxy]&amp#27;[39m Proxying [POST /elements] to [POST http://127.0.0.1:8204/wd/hub/session/0e909ddc-ac01-462c-9a0c-ce14feae07a7/elements] with body: {"strategy":"class name","selector":"android.widget.Button","context":"","multiple":true}
[debug] &amp#27;[35m[WD Proxy]&amp#27;[39m Got response with status 200: {"sessionId":"0e909ddc-ac01-462c-9a0c-ce14feae07a7","value":[{"ELEMENT":"20796896-547b-4bbd-afe8-bd1ff6ad6b0a","element-6066-11e4-a52e-4f735466cecf":"20796896-547b-4bbd-afe8-bd1ff6ad6b0a"},{"ELEMENT":"2c307ee0-6592-4e38-99cd-ddf43f8557e7","element-6066-11e4-a52e-4f735466cecf":"2c307ee0-6592-4e38-99cd-ddf43f8557e7"}]}
[debug] &amp#27;[35m[W3C (26d31100)]&amp#27;[39m Responding to client with driver.findElements() result: [{"element-6066-11e4-a52e-4f735466cecf":"20796896-547b-4bbd-afe8-bd1ff6ad6b0a","ELEMENT":"20796896-547b-4bbd-afe8-bd1ff6ad6b0a"},{"element-6066-11e4-a52e-4f735466cecf":"2c307ee0-6592-4e38-99cd-ddf43f8557e7","ELEMENT":"2c307ee0-6592-4e38-99cd-ddf43f8557e7"}]
&amp#27;[35m[HTTP]&amp#27;[39m &amp#27;[37m<-- POST /wd/hub/session/26d31100-398f-4b3b-95fc-5b49dae559e1/elements &amp#27;[39m&amp#27;[32m200&amp#27;[39m &amp#27;[90m821 ms - 267&amp#27;[39m
&amp#27;[35m[HTTP]&amp#27;[39m &amp#27;[90m&amp#27;[39m
&amp#27;[35m[HTTP]&amp#27;[39m &amp#27;[37m-->&amp#27;[39m &amp#27;[37mPOST&amp#27;[39m &amp#27;[37m/wd/hub/session/26d31100-398f-4b3b-95fc-5b49dae559e1/element/2c307ee0-6592-4e38-99cd-ddf43f8557e7/click&amp#27;[39m
&amp#27;[35m[HTTP]&amp#27;[39m &amp#27;[90m{"id":"2c307ee0-6592-4e38-99cd-ddf43f8557e7"}&amp#27;[39m
[debug] &amp#27;[35m[W3C (26d31100)]&amp#27;[39m Calling AppiumDriver.click() with args: ["2c307ee0-6592-4e38-99cd-ddf43f8557e7","26d31100-398f-4b3b-95fc-5b49dae559e1"]
[debug] &amp#27;[35m[WD Proxy]&amp#27;[39m Matched '/element/2c307ee0-6592-4e38-99cd-ddf43f8557e7/click' to command name 'click'
[debug] &amp#27;[35m[WD Proxy]&amp#27;[39m Proxying [POST /element/2c307ee0-6592-4e38-99cd-ddf43f8557e7/click] to [POST http://127.0.0.1:8204/wd/hub/session/0e909ddc-ac01-462c-9a0c-ce14feae07a7/element/2c307ee0-6592-4e38-99cd-ddf43f8557e7/click] with body: {"element":"2c307ee0-6592-4e38-99cd-ddf43f8557e7"}
[debug] &amp#27;[35m[WD Proxy]&amp#27;[39m Got response with status 200: {"sessionId":"0e909ddc-ac01-462c-9a0c-ce14feae07a7","value":null}
[debug] &amp#27;[35m[W3C (26d31100)]&amp#27;[39m Responding to client with driver.click() result: null
&amp#27;[35m[HTTP]&amp#27;[39m &amp#27;[37m<-- POST /wd/hub/session/26d31100-398f-4b3b-95fc-5b49dae559e1/element/2c307ee0-6592-4e38-99cd-ddf43f8557e7/click &amp#27;[39m&amp#27;[32m200&amp#27;[39m &amp#27;[90m44 ms - 14&amp#27;[39m
&amp#27;[35m[HTTP]&amp#27;[39m &amp#27;[90m&amp#27;[39m
]]></system-out>
    <system-err><![CDATA[Jul 03, 2020 4:56:27 PM io.appium.java_client.remote.AppiumCommandExecutor$1 lambda$0
INFO: Detected dialect: W3C
]]></system-err>
  </testcase>
</testsuite>