<?xml version="1.0" encoding="UTF-8"?>
<!-- Generated by org.testng.reporters.JUnitReportReporter -->
<testsuite skipped="0" hostname="T2P-CPU063" name="practise.AppiumPramework.AipDemoTest" tests="2" failures="0" timestamp="2020-07-02T17:00:49 ICT" time="58.543" errors="0">
  <testcase name="apiDemo" time="30.573" classname="practise.AppiumPramework.AipDemoTest"/>
  <system-out/>
  <testcase name="apiDemo" time="27.970" classname="practise.AppiumPramework.AipDemoTest"/>
  <system-out/>
</testsuite> <!-- practise.AppiumPramework.AipDemoTest -->
