<?xml version="1.0" encoding="UTF-8"?>
<!-- Generated by org.testng.reporters.JUnitReportReporter -->
<testsuite skipped="0" hostname="T2P-CPU063" name="Tests.LoginTests" tests="7" failures="0" timestamp="2020-07-10T16:25:04 ICT" time="221.385" errors="0">
  <testcase name="NotFillOutPass" time="31.820" classname="Tests.LoginTests"/>
  <system-out/>
  <testcase name="NotFillOutUserNameAndPass" time="30.551" classname="Tests.LoginTests"/>
  <system-out/>
  <testcase name="InvalidPass" time="31.622" classname="Tests.LoginTests"/>
  <system-out/>
  <testcase name="NotFillOutUserName" time="31.425" classname="Tests.LoginTests"/>
  <system-out/>
  <testcase name="InvalidUser" time="31.475" classname="Tests.LoginTests"/>
  <system-out/>
  <testcase name="LoginWithValidUser" time="32.523" classname="Tests.LoginTests"/>
  <system-out/>
  <testcase name="InValidUserAndPass" time="31.969" classname="Tests.LoginTests"/>
  <system-out/>
</testsuite> <!-- Tests.LoginTests -->
