<?xml version="1.0" encoding="UTF-8"?>
<!-- Generated by org.testng.reporters.JUnitReportReporter -->
<testsuite skipped="0" hostname="T2P-CPU063" name="Tests.LoginTests" tests="2" failures="0" timestamp="2020-07-09T17:36:16 ICT" time="64.474" errors="0">
  <testcase name="LoginWithInValidUser" time="30.608" classname="Tests.LoginTests"/>
  <system-out/>
  <testcase name="LoginWithValidUser" time="33.866" classname="Tests.LoginTests"/>
  <system-out/>
</testsuite> <!-- Tests.LoginTests -->
