<?xml version="1.0" encoding="UTF-8"?>
<!-- Generated by org.testng.reporters.JUnitReportReporter -->
<testsuite skipped="0" hostname="T2P-CPU063" name="practise.AppiumPramework.TC4" tests="1" failures="0" timestamp="2020-07-02T17:00:49 ICT" time="45.762" errors="0">
  <testcase name="totalValidation" time="45.762" classname="practise.AppiumPramework.TC4"/>
  <system-out/>
</testsuite> <!-- practise.AppiumPramework.TC4 -->
