<?xml version="1.0" encoding="UTF-8"?>
<!-- Generated by org.testng.reporters.JUnitReportReporter -->
<testsuite skipped="0" hostname="T2P-CPU063" name="Tests.Tests" tests="2" failures="0" timestamp="2020-07-10T10:08:07 ICT" time="0.006" errors="0">
  <testcase name="toBeforeMethod" time="0.004" classname="Tests.Tests"/>
  <system-out/>
  <testcase name="toBeforeTest" time="0.002" classname="Tests.Tests"/>
  <system-out/>
</testsuite> <!-- Tests.Tests -->
