<?xml version="1.0" encoding="UTF-8"?>
<!-- Generated by org.testng.reporters.JUnitReportReporter -->
<testsuite skipped="0" hostname="T2P-CPU063" name="practise.AppiumPramework.TC4" tests="1" failures="0" timestamp="2020-07-03T16:56:34 ICT" time="42.494" errors="0">
  <testcase name="totalValidation" time="42.494" classname="practise.AppiumPramework.TC4"/>
  <system-out/>
</testsuite> <!-- practise.AppiumPramework.TC4 -->
