<?xml version="1.0" encoding="UTF-8"?>
<!-- Generated by org.testng.reporters.JUnitReportReporter -->
<testsuite skipped="0" hostname="T2P-CPU063" name="practise.AppiumPramework.AipDemoTest" tests="2" failures="0" timestamp="2020-07-03T16:56:34 ICT" time="55.686" errors="0">
  <testcase name="apiDemo" time="28.390" classname="practise.AppiumPramework.AipDemoTest"/>
  <system-out/>
  <testcase name="apiDemo" time="27.296" classname="practise.AppiumPramework.AipDemoTest"/>
  <system-out/>
</testsuite> <!-- practise.AppiumPramework.AipDemoTest -->
